{"C:\\Users\\hp\\Downloads\\Compressed\\sfa-backend\\src\\app.ts": {"path":"C:\\Users\\hp\\Downloads\\Compressed\\sfa-backend\\src\\app.ts","statementMap":{"0":{"start":{"line":1,"column":0},"end":{"line":1,"column":30}},"1":{"start":{"line":2,"column":0},"end":{"line":2,"column":26}},"2":{"start":{"line":6,"column":0},"end":{"line":6,"column":60}},"3":{"start":{"line":8,"column":0},"end":{"line":8,"column":56}},"4":{"start":{"line":11,"column":0},"end":{"line":11,"column":24}},"5":{"start":{"line":12,"column":0},"end":{"line":12,"column":43}},"6":{"start":{"line":13,"column":0},"end":{"line":13,"column":47}},"7":{"start":{"line":14,"column":0},"end":{"line":14,"column":49}},"8":{"start":{"line":15,"column":0},"end":{"line":15,"column":47}},"9":{"start":{"line":16,"column":0},"end":{"line":16,"column":53}},"10":{"start":{"line":17,"column":0},"end":{"line":17,"column":45}},"11":{"start":{"line":18,"column":0},"end":{"line":18,"column":45}},"12":{"start":{"line":19,"column":0},"end":{"line":19,"column":43}},"13":{"start":{"line":20,"column":0},"end":{"line":20,"column":47}},"14":{"start":{"line":21,"column":0},"end":{"line":21,"column":51}},"15":{"start":{"line":22,"column":0},"end":{"line":22,"column":45}},"16":{"start":{"line":23,"column":0},"end":{"line":23,"column":49}},"17":{"start":{"line":24,"column":0},"end":{"line":24,"column":57}},"18":{"start":{"line":25,"column":0},"end":{"line":25,"column":49}},"19":{"start":{"line":27,"column":12},"end":{"line":27,"column":21}},"20":{"start":{"line":28,"column":0},"end":{"line":28,"column":24}},"21":{"start":{"line":30,"column":0},"end":{"line":30,"column":16}},"22":{"start":{"line":31,"column":0},"end":{"line":31,"column":39}},"23":{"start":{"line":32,"column":0},"end":{"line":32,"column":43}},"24":{"start":{"line":33,"column":0},"end":{"line":33,"column":46}},"25":{"start":{"line":34,"column":0},"end":{"line":34,"column":43}},"26":{"start":{"line":35,"column":0},"end":{"line":35,"column":50}},"27":{"start":{"line":36,"column":0},"end":{"line":36,"column":41}},"28":{"start":{"line":37,"column":0},"end":{"line":37,"column":41}},"29":{"start":{"line":38,"column":0},"end":{"line":38,"column":40}},"30":{"start":{"line":39,"column":0},"end":{"line":39,"column":43}},"31":{"start":{"line":40,"column":0},"end":{"line":40,"column":47}},"32":{"start":{"line":41,"column":0},"end":{"line":41,"column":41}},"33":{"start":{"line":42,"column":0},"end":{"line":42,"column":45}},"34":{"start":{"line":43,"column":0},"end":{"line":43,"column":54}},"35":{"start":{"line":44,"column":0},"end":{"line":44,"column":45}},"36":{"start":{"line":46,"column":0},"end":{"line":46,"column":64}},"37":{"start":{"line":49,"column":0},"end":{"line":49,"column":null}},"38":{"start":{"line":51,"column":0},"end":{"line":51,"column":19}}},"fnMap":{},"branchMap":{},"s":{"0":13,"1":13,"2":13,"3":13,"4":13,"5":13,"6":13,"7":13,"8":13,"9":13,"10":13,"11":13,"12":13,"13":13,"14":13,"15":13,"16":13,"17":13,"18":13,"19":13,"20":13,"21":13,"22":13,"23":13,"24":13,"25":13,"26":13,"27":13,"28":13,"29":13,"30":13,"31":13,"32":13,"33":13,"34":13,"35":13,"36":13,"37":13,"38":13},"f":{},"b":{}}
,"C:\\Users\\hp\\Downloads\\Compressed\\sfa-backend\\src\\Middleware\\isAuthenticated.ts": {"path":"C:\\Users\\hp\\Downloads\\Compressed\\sfa-backend\\src\\Middleware\\isAuthenticated.ts","statementMap":{"0":{"start":{"line":2,"column":0},"end":{"line":2,"column":31}},"1":{"start":{"line":4,"column":24},"end":{"line":31,"column":2}},"2":{"start":{"line":4,"column":64},"end":{"line":31,"column":2}},"3":{"start":{"line":5,"column":19},"end":{"line":5,"column":23}},"4":{"start":{"line":6,"column":2},"end":{"line":8,"column":null}},"5":{"start":{"line":7,"column":4},"end":{"line":7,"column":57}},"6":{"start":{"line":10,"column":4},"end":{"line":13,"column":14}},"7":{"start":{"line":14,"column":2},"end":{"line":30,"column":null}},"8":{"start":{"line":15,"column":4},"end":{"line":17,"column":null}},"9":{"start":{"line":16,"column":6},"end":{"line":16,"column":60}},"10":{"start":{"line":25,"column":20},"end":{"line":25,"column":79}},"11":{"start":{"line":26,"column":4},"end":{"line":26,"column":23}},"12":{"start":{"line":27,"column":4},"end":{"line":27,"column":11}},"13":{"start":{"line":29,"column":4},"end":{"line":29,"column":63}},"14":{"start":{"line":33,"column":0},"end":{"line":33,"column":31}}},"fnMap":{"0":{"name":"(anonymous_8)","decl":{"start":{"line":4,"column":24},"end":{"line":4,"column":31}},"loc":{"start":{"line":4,"column":64},"end":{"line":31,"column":2}}},"1":{"name":"(anonymous_9)","decl":{"start":{"line":4,"column":64},"end":{"line":4,"column":null}},"loc":{"start":{"line":4,"column":64},"end":{"line":31,"column":1}}}},"branchMap":{"0":{"loc":{"start":{"line":6,"column":2},"end":{"line":8,"column":null}},"type":"if","locations":[{"start":{"line":6,"column":2},"end":{"line":8,"column":null}}]},"1":{"loc":{"start":{"line":10,"column":4},"end":{"line":13,"column":14}},"type":"binary-expr","locations":[{"start":{"line":10,"column":4},"end":{"line":10,"column":18}},{"start":{"line":11,"column":4},"end":{"line":11,"column":19}},{"start":{"line":12,"column":4},"end":{"line":12,"column":33}},{"start":{"line":13,"column":4},"end":{"line":13,"column":14}}]},"2":{"loc":{"start":{"line":15,"column":4},"end":{"line":17,"column":null}},"type":"if","locations":[{"start":{"line":15,"column":4},"end":{"line":17,"column":null}}]},"3":{"loc":{"start":{"line":15,"column":8},"end":{"line":15,"column":35}},"type":"binary-expr","locations":[{"start":{"line":15,"column":8},"end":{"line":15,"column":14}},{"start":{"line":15,"column":18},"end":{"line":15,"column":35}}]},"4":{"loc":{"start":{"line":25,"column":44},"end":{"line":25,"column":78}},"type":"binary-expr","locations":[{"start":{"line":25,"column":44},"end":{"line":25,"column":66}},{"start":{"line":25,"column":70},"end":{"line":25,"column":78}}]}},"s":{"0":13,"1":13,"2":216,"3":216,"4":216,"5":164,"6":216,"7":216,"8":216,"9":52,"10":164,"11":0,"12":0,"13":164,"14":13},"f":{"0":216,"1":216},"b":{"0":[164],"1":[216,216,216,216],"2":[52],"3":[216,164],"4":[164,164]}}
,"C:\\Users\\hp\\Downloads\\Compressed\\sfa-backend\\src\\Middleware\\errors\\notFoundError.ts": {"path":"C:\\Users\\hp\\Downloads\\Compressed\\sfa-backend\\src\\Middleware\\errors\\notFoundError.ts","statementMap":{"0":{"start":{"line":1,"column":27},"end":{"line":2,"column":46}},"1":{"start":{"line":2,"column":2},"end":{"line":2,"column":46}},"2":{"start":{"line":3,"column":0},"end":{"line":3,"column":34}}},"fnMap":{"0":{"name":"(anonymous_0)","decl":{"start":{"line":1,"column":27},"end":{"line":1,"column":28}},"loc":{"start":{"line":2,"column":2},"end":{"line":2,"column":46}}}},"branchMap":{},"s":{"0":13,"1":0,"2":13},"f":{"0":0},"b":{}}
,"C:\\Users\\hp\\Downloads\\Compressed\\sfa-backend\\src\\Middleware\\validation\\validate-request-schema.ts": {"path":"C:\\Users\\hp\\Downloads\\Compressed\\sfa-backend\\src\\Middleware\\validation\\validate-request-schema.ts","statementMap":{"0":{"start":{"line":2,"column":0},"end":{"line":2,"column":53}},"1":{"start":{"line":3,"column":0},"end":{"line":3,"column":39}},"2":{"start":{"line":5,"column":13},"end":{"line":15,"column":2}},"3":{"start":{"line":10,"column":19},"end":{"line":10,"column":40}},"4":{"start":{"line":12,"column":4},"end":{"line":14,"column":null}},"5":{"start":{"line":13,"column":8},"end":{"line":13,"column":null}}},"fnMap":{"0":{"name":"(anonymous_1)","decl":{"start":{"line":5,"column":37},"end":{"line":5,"column":null}},"loc":{"start":{"line":9,"column":4},"end":{"line":15,"column":1}}}},"branchMap":{"0":{"loc":{"start":{"line":12,"column":4},"end":{"line":14,"column":null}},"type":"if","locations":[{"start":{"line":12,"column":4},"end":{"line":14,"column":null}}]}},"s":{"0":13,"1":13,"2":13,"3":41,"4":41,"5":37},"f":{"0":41},"b":{"0":[37]}}
,"C:\\Users\\hp\\Downloads\\Compressed\\sfa-backend\\src\\Middleware\\validation\\schema\\agentSchema.ts": {"path":"C:\\Users\\hp\\Downloads\\Compressed\\sfa-backend\\src\\Middleware\\validation\\schema\\agentSchema.ts","statementMap":{"0":{"start":{"line":1,"column":0},"end":{"line":1,"column":38}},"1":{"start":{"line":3,"column":15},"end":{"line":11,"column":null}},"2":{"start":{"line":13,"column":18},"end":{"line":13,"column":29}}},"fnMap":{},"branchMap":{},"s":{"0":13,"1":13,"2":13},"f":{},"b":{}}
,"C:\\Users\\hp\\Downloads\\Compressed\\sfa-backend\\src\\Middleware\\validation\\schema\\channelSchema.ts": {"path":"C:\\Users\\hp\\Downloads\\Compressed\\sfa-backend\\src\\Middleware\\validation\\schema\\channelSchema.ts","statementMap":{"0":{"start":{"line":1,"column":0},"end":{"line":1,"column":38}},"1":{"start":{"line":3,"column":15},"end":{"line":5,"column":null}},"2":{"start":{"line":7,"column":18},"end":{"line":7,"column":31}}},"fnMap":{},"branchMap":{},"s":{"0":13,"1":13,"2":13},"f":{},"b":{}}
,"C:\\Users\\hp\\Downloads\\Compressed\\sfa-backend\\src\\Middleware\\validation\\schema\\citySchema.ts": {"path":"C:\\Users\\hp\\Downloads\\Compressed\\sfa-backend\\src\\Middleware\\validation\\schema\\citySchema.ts","statementMap":{"0":{"start":{"line":1,"column":0},"end":{"line":1,"column":39}},"1":{"start":{"line":3,"column":15},"end":{"line":9,"column":null}},"2":{"start":{"line":11,"column":18},"end":{"line":11,"column":28}}},"fnMap":{},"branchMap":{},"s":{"0":13,"1":13,"2":13},"f":{},"b":{}}
,"C:\\Users\\hp\\Downloads\\Compressed\\sfa-backend\\src\\Middleware\\validation\\schema\\companySchema.ts": {"path":"C:\\Users\\hp\\Downloads\\Compressed\\sfa-backend\\src\\Middleware\\validation\\schema\\companySchema.ts","statementMap":{"0":{"start":{"line":1,"column":0},"end":{"line":1,"column":38}},"1":{"start":{"line":3,"column":15},"end":{"line":10,"column":null}},"2":{"start":{"line":12,"column":19},"end":{"line":12,"column":32}}},"fnMap":{},"branchMap":{},"s":{"0":13,"1":13,"2":13},"f":{},"b":{}}
,"C:\\Users\\hp\\Downloads\\Compressed\\sfa-backend\\src\\Middleware\\validation\\schema\\index.ts": {"path":"C:\\Users\\hp\\Downloads\\Compressed\\sfa-backend\\src\\Middleware\\validation\\schema\\index.ts","statementMap":{"0":{"start":{"line":1,"column":0},"end":{"line":1,"column":9}},"1":{"start":{"line":16,"column":2},"end":{"line":1,"column":58}},"2":{"start":{"line":2,"column":0},"end":{"line":2,"column":9}},"3":{"start":{"line":17,"column":2},"end":{"line":2,"column":44}},"4":{"start":{"line":3,"column":0},"end":{"line":3,"column":9}},"5":{"start":{"line":18,"column":2},"end":{"line":3,"column":52}},"6":{"start":{"line":4,"column":0},"end":{"line":4,"column":9}},"7":{"start":{"line":19,"column":2},"end":{"line":4,"column":44}},"8":{"start":{"line":5,"column":0},"end":{"line":5,"column":9}},"9":{"start":{"line":20,"column":2},"end":{"line":5,"column":46}},"10":{"start":{"line":6,"column":0},"end":{"line":6,"column":9}},"11":{"start":{"line":21,"column":2},"end":{"line":6,"column":46}},"12":{"start":{"line":7,"column":0},"end":{"line":7,"column":9}},"13":{"start":{"line":22,"column":2},"end":{"line":7,"column":50}},"14":{"start":{"line":8,"column":0},"end":{"line":8,"column":9}},"15":{"start":{"line":23,"column":2},"end":{"line":8,"column":50}},"16":{"start":{"line":9,"column":0},"end":{"line":9,"column":9}},"17":{"start":{"line":24,"column":2},"end":{"line":9,"column":48}},"18":{"start":{"line":10,"column":0},"end":{"line":10,"column":9}},"19":{"start":{"line":25,"column":2},"end":{"line":10,"column":48}},"20":{"start":{"line":11,"column":0},"end":{"line":11,"column":9}},"21":{"start":{"line":26,"column":2},"end":{"line":11,"column":42}},"22":{"start":{"line":12,"column":0},"end":{"line":12,"column":9}},"23":{"start":{"line":27,"column":2},"end":{"line":12,"column":43}},"24":{"start":{"line":13,"column":0},"end":{"line":13,"column":9}},"25":{"start":{"line":28,"column":2},"end":{"line":13,"column":47}}},"fnMap":{"0":{"name":"(anonymous_0)","decl":{"start":{"line":16,"column":2},"end":{"line":16,"column":20}},"loc":{"start":{"line":16,"column":2},"end":{"line":1,"column":58}}},"1":{"name":"(anonymous_1)","decl":{"start":{"line":17,"column":2},"end":{"line":17,"column":13}},"loc":{"start":{"line":17,"column":2},"end":{"line":2,"column":44}}},"2":{"name":"(anonymous_2)","decl":{"start":{"line":18,"column":2},"end":{"line":18,"column":17}},"loc":{"start":{"line":18,"column":2},"end":{"line":3,"column":52}}},"3":{"name":"(anonymous_3)","decl":{"start":{"line":19,"column":2},"end":{"line":19,"column":13}},"loc":{"start":{"line":19,"column":2},"end":{"line":4,"column":44}}},"4":{"name":"(anonymous_4)","decl":{"start":{"line":20,"column":2},"end":{"line":20,"column":14}},"loc":{"start":{"line":20,"column":2},"end":{"line":5,"column":46}}},"5":{"name":"(anonymous_5)","decl":{"start":{"line":21,"column":2},"end":{"line":21,"column":14}},"loc":{"start":{"line":21,"column":2},"end":{"line":6,"column":46}}},"6":{"name":"(anonymous_6)","decl":{"start":{"line":22,"column":2},"end":{"line":22,"column":16}},"loc":{"start":{"line":22,"column":2},"end":{"line":7,"column":50}}},"7":{"name":"(anonymous_7)","decl":{"start":{"line":23,"column":2},"end":{"line":23,"column":16}},"loc":{"start":{"line":23,"column":2},"end":{"line":8,"column":50}}},"8":{"name":"(anonymous_8)","decl":{"start":{"line":24,"column":2},"end":{"line":24,"column":15}},"loc":{"start":{"line":24,"column":2},"end":{"line":9,"column":48}}},"9":{"name":"(anonymous_9)","decl":{"start":{"line":25,"column":2},"end":{"line":25,"column":15}},"loc":{"start":{"line":25,"column":2},"end":{"line":10,"column":48}}},"10":{"name":"(anonymous_10)","decl":{"start":{"line":26,"column":2},"end":{"line":26,"column":12}},"loc":{"start":{"line":26,"column":2},"end":{"line":11,"column":42}}},"11":{"name":"(anonymous_11)","decl":{"start":{"line":27,"column":2},"end":{"line":27,"column":13}},"loc":{"start":{"line":27,"column":2},"end":{"line":12,"column":43}}},"12":{"name":"(anonymous_12)","decl":{"start":{"line":28,"column":2},"end":{"line":28,"column":15}},"loc":{"start":{"line":28,"column":2},"end":{"line":13,"column":47}}}},"branchMap":{},"s":{"0":13,"1":26,"2":13,"3":26,"4":13,"5":26,"6":13,"7":39,"8":13,"9":26,"10":13,"11":26,"12":13,"13":26,"14":13,"15":26,"16":13,"17":26,"18":13,"19":26,"20":13,"21":26,"22":13,"23":26,"24":13,"25":26},"f":{"0":13,"1":13,"2":13,"3":26,"4":13,"5":13,"6":13,"7":13,"8":13,"9":13,"10":13,"11":13,"12":13},"b":{}}
,"C:\\Users\\hp\\Downloads\\Compressed\\sfa-backend\\src\\Middleware\\validation\\schema\\invoiceSchema.ts": {"path":"C:\\Users\\hp\\Downloads\\Compressed\\sfa-backend\\src\\Middleware\\validation\\schema\\invoiceSchema.ts","statementMap":{"0":{"start":{"line":1,"column":0},"end":{"line":1,"column":41}},"1":{"start":{"line":3,"column":15},"end":{"line":11,"column":2}},"2":{"start":{"line":13,"column":19},"end":{"line":13,"column":32}}},"fnMap":{},"branchMap":{},"s":{"0":13,"1":13,"2":13},"f":{},"b":{}}
,"C:\\Users\\hp\\Downloads\\Compressed\\sfa-backend\\src\\Middleware\\validation\\schema\\materialSchema.ts": {"path":"C:\\Users\\hp\\Downloads\\Compressed\\sfa-backend\\src\\Middleware\\validation\\schema\\materialSchema.ts","statementMap":{"0":{"start":{"line":1,"column":0},"end":{"line":1,"column":39}},"1":{"start":{"line":3,"column":15},"end":{"line":10,"column":null}},"2":{"start":{"line":12,"column":19},"end":{"line":12,"column":33}}},"fnMap":{},"branchMap":{},"s":{"0":13,"1":13,"2":13},"f":{},"b":{}}
,"C:\\Users\\hp\\Downloads\\Compressed\\sfa-backend\\src\\Middleware\\validation\\schema\\nationalSchema.ts": {"path":"C:\\Users\\hp\\Downloads\\Compressed\\sfa-backend\\src\\Middleware\\validation\\schema\\nationalSchema.ts","statementMap":{"0":{"start":{"line":1,"column":0},"end":{"line":1,"column":41}},"1":{"start":{"line":3,"column":15},"end":{"line":6,"column":2}},"2":{"start":{"line":8,"column":19},"end":{"line":8,"column":33}}},"fnMap":{},"branchMap":{},"s":{"0":13,"1":13,"2":13},"f":{},"b":{}}
,"C:\\Users\\hp\\Downloads\\Compressed\\sfa-backend\\src\\Middleware\\validation\\schema\\outletSchema.ts": {"path":"C:\\Users\\hp\\Downloads\\Compressed\\sfa-backend\\src\\Middleware\\validation\\schema\\outletSchema.ts","statementMap":{"0":{"start":{"line":1,"column":0},"end":{"line":1,"column":39}},"1":{"start":{"line":3,"column":15},"end":{"line":14,"column":null}},"2":{"start":{"line":16,"column":18},"end":{"line":16,"column":30}}},"fnMap":{},"branchMap":{},"s":{"0":13,"1":13,"2":13},"f":{},"b":{}}
,"C:\\Users\\hp\\Downloads\\Compressed\\sfa-backend\\src\\Middleware\\validation\\schema\\regionSchema.ts": {"path":"C:\\Users\\hp\\Downloads\\Compressed\\sfa-backend\\src\\Middleware\\validation\\schema\\regionSchema.ts","statementMap":{"0":{"start":{"line":1,"column":0},"end":{"line":1,"column":38}},"1":{"start":{"line":3,"column":15},"end":{"line":8,"column":null}},"2":{"start":{"line":10,"column":19},"end":{"line":10,"column":31}}},"fnMap":{},"branchMap":{},"s":{"0":13,"1":13,"2":13},"f":{},"b":{}}
,"C:\\Users\\hp\\Downloads\\Compressed\\sfa-backend\\src\\Middleware\\validation\\schema\\registrationSchema.ts": {"path":"C:\\Users\\hp\\Downloads\\Compressed\\sfa-backend\\src\\Middleware\\validation\\schema\\registrationSchema.ts","statementMap":{"0":{"start":{"line":1,"column":0},"end":{"line":1,"column":39}},"1":{"start":{"line":3,"column":15},"end":{"line":11,"column":null}},"2":{"start":{"line":13,"column":18},"end":{"line":13,"column":36}}},"fnMap":{},"branchMap":{},"s":{"0":13,"1":13,"2":13},"f":{},"b":{}}
,"C:\\Users\\hp\\Downloads\\Compressed\\sfa-backend\\src\\Middleware\\validation\\schema\\routeSchema.ts": {"path":"C:\\Users\\hp\\Downloads\\Compressed\\sfa-backend\\src\\Middleware\\validation\\schema\\routeSchema.ts","statementMap":{"0":{"start":{"line":1,"column":0},"end":{"line":1,"column":39}},"1":{"start":{"line":3,"column":15},"end":{"line":7,"column":null}},"2":{"start":{"line":9,"column":18},"end":{"line":9,"column":29}}},"fnMap":{},"branchMap":{},"s":{"0":13,"1":13,"2":13},"f":{},"b":{}}
,"C:\\Users\\hp\\Downloads\\Compressed\\sfa-backend\\src\\Middleware\\validation\\schema\\territorySchema.ts": {"path":"C:\\Users\\hp\\Downloads\\Compressed\\sfa-backend\\src\\Middleware\\validation\\schema\\territorySchema.ts","statementMap":{"0":{"start":{"line":1,"column":0},"end":{"line":1,"column":39}},"1":{"start":{"line":3,"column":15},"end":{"line":7,"column":null}},"2":{"start":{"line":9,"column":18},"end":{"line":9,"column":33}}},"fnMap":{},"branchMap":{},"s":{"0":13,"1":13,"2":13},"f":{},"b":{}}
,"C:\\Users\\hp\\Downloads\\Compressed\\sfa-backend\\src\\Middleware\\validation\\schema\\truckSchmea.ts": {"path":"C:\\Users\\hp\\Downloads\\Compressed\\sfa-backend\\src\\Middleware\\validation\\schema\\truckSchmea.ts","statementMap":{"0":{"start":{"line":1,"column":0},"end":{"line":1,"column":38}},"1":{"start":{"line":3,"column":15},"end":{"line":9,"column":null}},"2":{"start":{"line":11,"column":18},"end":{"line":11,"column":29}}},"fnMap":{},"branchMap":{},"s":{"0":13,"1":13,"2":13},"f":{},"b":{}}
,"C:\\Users\\hp\\Downloads\\Compressed\\sfa-backend\\src\\config\\swagger.ts": {"path":"C:\\Users\\hp\\Downloads\\Compressed\\sfa-backend\\src\\config\\swagger.ts","statementMap":{"0":{"start":{"line":1,"column":21},"end":{"line":1,"column":45}},"1":{"start":{"line":2,"column":18},"end":{"line":2,"column":47}},"2":{"start":{"line":32,"column":9},"end":{"line":32,"column":18}},"3":{"start":{"line":4,"column":26},"end":{"line":22,"column":2}},"4":{"start":{"line":24,"column":16},"end":{"line":28,"column":2}},"5":{"start":{"line":30,"column":20},"end":{"line":30,"column":41}},"6":{"start":{"line":32,"column":20},"end":{"line":32,"column":31}}},"fnMap":{},"branchMap":{},"s":{"0":13,"1":13,"2":13,"3":13,"4":13,"5":13,"6":13},"f":{},"b":{}}
,"C:\\Users\\hp\\Downloads\\Compressed\\sfa-backend\\src\\controller\\CityController.ts": {"path":"C:\\Users\\hp\\Downloads\\Compressed\\sfa-backend\\src\\controller\\CityController.ts","statementMap":{"0":{"start":{"line":2,"column":0},"end":{"line":2,"column":39}},"1":{"start":{"line":4,"column":0},"end":{"line":4,"column":43}},"2":{"start":{"line":5,"column":0},"end":{"line":5,"column":41}},"3":{"start":{"line":6,"column":0},"end":{"line":6,"column":39}},"4":{"start":{"line":7,"column":0},"end":{"line":7,"column":35}},"5":{"start":{"line":10,"column":13},"end":{"line":13,"column":2}},"6":{"start":{"line":12,"column":2},"end":{"line":12,"column":13}},"7":{"start":{"line":15,"column":19},"end":{"line":41,"column":2}},"8":{"start":{"line":15,"column":61},"end":{"line":41,"column":2}},"9":{"start":{"line":16,"column":53},"end":{"line":16,"column":61}},"10":{"start":{"line":18,"column":2},"end":{"line":40,"column":null}},"11":{"start":{"line":19,"column":17},"end":{"line":19,"column":49}},"12":{"start":{"line":20,"column":18},"end":{"line":20,"column":50}},"13":{"start":{"line":21,"column":18},"end":{"line":21,"column":52}},"14":{"start":{"line":23,"column":19},"end":{"line":23,"column":38}},"15":{"start":{"line":25,"column":17},"end":{"line":25,"column":63}},"16":{"start":{"line":26,"column":19},"end":{"line":26,"column":68}},"17":{"start":{"line":28,"column":20},"end":{"line":34,"column":6}},"18":{"start":{"line":35,"column":4},"end":{"line":35,"column":25}},"19":{"start":{"line":37,"column":4},"end":{"line":37,"column":56}},"20":{"start":{"line":39,"column":4},"end":{"line":39,"column":71}},"21":{"start":{"line":123,"column":9},"end":{"line":123,"column":19}},"22":{"start":{"line":43,"column":19},"end":{"line":54,"column":2}},"23":{"start":{"line":43,"column":73},"end":{"line":54,"column":2}},"24":{"start":{"line":44,"column":2},"end":{"line":53,"column":null}},"25":{"start":{"line":45,"column":17},"end":{"line":45,"column":49}},"26":{"start":{"line":46,"column":19},"end":{"line":46,"column":36}},"27":{"start":{"line":47,"column":4},"end":{"line":49,"column":null}},"28":{"start":{"line":48,"column":6},"end":{"line":48,"column":80}},"29":{"start":{"line":50,"column":4},"end":{"line":50,"column":49}},"30":{"start":{"line":52,"column":4},"end":{"line":52,"column":64}},"31":{"start":{"line":123,"column":21},"end":{"line":123,"column":31}},"32":{"start":{"line":56,"column":19},"end":{"line":70,"column":2}},"33":{"start":{"line":56,"column":73},"end":{"line":70,"column":2}},"34":{"start":{"line":57,"column":13},"end":{"line":57,"column":34}},"35":{"start":{"line":58,"column":2},"end":{"line":69,"column":null}},"36":{"start":{"line":59,"column":17},"end":{"line":59,"column":49}},"37":{"start":{"line":60,"column":17},"end":{"line":60,"column":54}},"38":{"start":{"line":62,"column":4},"end":{"line":64,"column":null}},"39":{"start":{"line":63,"column":6},"end":{"line":63,"column":69}},"40":{"start":{"line":66,"column":4},"end":{"line":66,"column":37}},"41":{"start":{"line":68,"column":4},"end":{"line":68,"column":64}},"42":{"start":{"line":123,"column":33},"end":{"line":123,"column":43}},"43":{"start":{"line":72,"column":19},"end":{"line":103,"column":2}},"44":{"start":{"line":72,"column":73},"end":{"line":103,"column":2}},"45":{"start":{"line":73,"column":13},"end":{"line":73,"column":34}},"46":{"start":{"line":75,"column":69},"end":{"line":75,"column":77}},"47":{"start":{"line":76,"column":13},"end":{"line":76,"column":17}},"48":{"start":{"line":78,"column":2},"end":{"line":102,"column":null}},"49":{"start":{"line":79,"column":17},"end":{"line":79,"column":49}},"50":{"start":{"line":80,"column":18},"end":{"line":80,"column":52}},"51":{"start":{"line":81,"column":17},"end":{"line":81,"column":54}},"52":{"start":{"line":83,"column":4},"end":{"line":85,"column":null}},"53":{"start":{"line":84,"column":6},"end":{"line":84,"column":69}},"54":{"start":{"line":87,"column":19},"end":{"line":87,"column":68}},"55":{"start":{"line":88,"column":4},"end":{"line":90,"column":null}},"56":{"start":{"line":89,"column":6},"end":{"line":89,"column":77}},"57":{"start":{"line":92,"column":4},"end":{"line":92,"column":46}},"58":{"start":{"line":93,"column":4},"end":{"line":93,"column":32}},"59":{"start":{"line":94,"column":4},"end":{"line":94,"column":43}},"60":{"start":{"line":95,"column":4},"end":{"line":95,"column":58}},"61":{"start":{"line":96,"column":4},"end":{"line":96,"column":64}},"62":{"start":{"line":98,"column":4},"end":{"line":98,"column":22}},"63":{"start":{"line":99,"column":4},"end":{"line":99,"column":31}},"64":{"start":{"line":101,"column":4},"end":{"line":101,"column":39}},"65":{"start":{"line":123,"column":45},"end":{"line":123,"column":55}},"66":{"start":{"line":105,"column":19},"end":{"line":121,"column":2}},"67":{"start":{"line":105,"column":73},"end":{"line":121,"column":2}},"68":{"start":{"line":106,"column":13},"end":{"line":106,"column":34}},"69":{"start":{"line":107,"column":2},"end":{"line":120,"column":null}},"70":{"start":{"line":108,"column":17},"end":{"line":108,"column":49}},"71":{"start":{"line":109,"column":17},"end":{"line":109,"column":54}},"72":{"start":{"line":111,"column":4},"end":{"line":113,"column":null}},"73":{"start":{"line":112,"column":6},"end":{"line":112,"column":69}},"74":{"start":{"line":115,"column":4},"end":{"line":115,"column":28}},"75":{"start":{"line":116,"column":4},"end":{"line":116,"column":22}},"76":{"start":{"line":117,"column":4},"end":{"line":117,"column":35}},"77":{"start":{"line":119,"column":4},"end":{"line":119,"column":39}},"78":{"start":{"line":123,"column":57},"end":{"line":123,"column":67}}},"fnMap":{"0":{"name":"(anonymous_8)","decl":{"start":{"line":10,"column":37},"end":{"line":10,"column":38}},"loc":{"start":{"line":10,"column":45},"end":{"line":13,"column":1}}},"1":{"name":"(anonymous_9)","decl":{"start":{"line":15,"column":19},"end":{"line":15,"column":26}},"loc":{"start":{"line":15,"column":61},"end":{"line":41,"column":2}}},"2":{"name":"(anonymous_10)","decl":{"start":{"line":15,"column":61},"end":{"line":15,"column":null}},"loc":{"start":{"line":15,"column":61},"end":{"line":41,"column":1}}},"3":{"name":"(anonymous_11)","decl":{"start":{"line":43,"column":19},"end":{"line":43,"column":26}},"loc":{"start":{"line":43,"column":73},"end":{"line":54,"column":2}}},"4":{"name":"(anonymous_12)","decl":{"start":{"line":43,"column":73},"end":{"line":43,"column":null}},"loc":{"start":{"line":43,"column":73},"end":{"line":54,"column":1}}},"5":{"name":"(anonymous_13)","decl":{"start":{"line":56,"column":19},"end":{"line":56,"column":26}},"loc":{"start":{"line":56,"column":73},"end":{"line":70,"column":2}}},"6":{"name":"(anonymous_14)","decl":{"start":{"line":56,"column":73},"end":{"line":56,"column":null}},"loc":{"start":{"line":56,"column":73},"end":{"line":70,"column":1}}},"7":{"name":"(anonymous_15)","decl":{"start":{"line":72,"column":19},"end":{"line":72,"column":26}},"loc":{"start":{"line":72,"column":73},"end":{"line":103,"column":2}}},"8":{"name":"(anonymous_16)","decl":{"start":{"line":72,"column":73},"end":{"line":72,"column":null}},"loc":{"start":{"line":72,"column":73},"end":{"line":103,"column":1}}},"9":{"name":"(anonymous_17)","decl":{"start":{"line":105,"column":19},"end":{"line":105,"column":26}},"loc":{"start":{"line":105,"column":73},"end":{"line":121,"column":2}}},"10":{"name":"(anonymous_18)","decl":{"start":{"line":105,"column":73},"end":{"line":105,"column":null}},"loc":{"start":{"line":105,"column":73},"end":{"line":121,"column":1}}}},"branchMap":{"0":{"loc":{"start":{"line":47,"column":4},"end":{"line":49,"column":null}},"type":"if","locations":[{"start":{"line":47,"column":4},"end":{"line":49,"column":null}}]},"1":{"loc":{"start":{"line":62,"column":4},"end":{"line":64,"column":null}},"type":"if","locations":[{"start":{"line":62,"column":4},"end":{"line":64,"column":null}}]},"2":{"loc":{"start":{"line":83,"column":4},"end":{"line":85,"column":null}},"type":"if","locations":[{"start":{"line":83,"column":4},"end":{"line":85,"column":null}}]},"3":{"loc":{"start":{"line":88,"column":4},"end":{"line":90,"column":null}},"type":"if","locations":[{"start":{"line":88,"column":4},"end":{"line":90,"column":null}}]},"4":{"loc":{"start":{"line":92,"column":21},"end":{"line":92,"column":45}},"type":"binary-expr","locations":[{"start":{"line":92,"column":21},"end":{"line":92,"column":27}},{"start":{"line":92,"column":31},"end":{"line":92,"column":45}}]},"5":{"loc":{"start":{"line":93,"column":16},"end":{"line":93,"column":31}},"type":"binary-expr","locations":[{"start":{"line":93,"column":16},"end":{"line":93,"column":18}},{"start":{"line":93,"column":22},"end":{"line":93,"column":31}}]},"6":{"loc":{"start":{"line":94,"column":19},"end":{"line":94,"column":42}},"type":"binary-expr","locations":[{"start":{"line":94,"column":19},"end":{"line":94,"column":26}},{"start":{"line":94,"column":30},"end":{"line":94,"column":42}}]},"7":{"loc":{"start":{"line":95,"column":24},"end":{"line":95,"column":57}},"type":"binary-expr","locations":[{"start":{"line":95,"column":24},"end":{"line":95,"column":36}},{"start":{"line":95,"column":40},"end":{"line":95,"column":57}}]},"8":{"loc":{"start":{"line":96,"column":26},"end":{"line":96,"column":63}},"type":"binary-expr","locations":[{"start":{"line":96,"column":26},"end":{"line":96,"column":40}},{"start":{"line":96,"column":44},"end":{"line":96,"column":63}}]},"9":{"loc":{"start":{"line":111,"column":4},"end":{"line":113,"column":null}},"type":"if","locations":[{"start":{"line":111,"column":4},"end":{"line":113,"column":null}}]}},"s":{"0":13,"1":13,"2":13,"3":13,"4":13,"5":13,"6":6,"7":13,"8":0,"9":0,"10":0,"11":0,"12":0,"13":0,"14":0,"15":0,"16":0,"17":0,"18":0,"19":0,"20":0,"21":13,"22":13,"23":0,"24":0,"25":0,"26":0,"27":0,"28":0,"29":0,"30":0,"31":13,"32":13,"33":0,"34":0,"35":0,"36":0,"37":0,"38":0,"39":0,"40":0,"41":0,"42":13,"43":13,"44":0,"45":0,"46":0,"47":0,"48":0,"49":0,"50":0,"51":0,"52":0,"53":0,"54":0,"55":0,"56":0,"57":0,"58":0,"59":0,"60":0,"61":0,"62":0,"63":0,"64":0,"65":13,"66":13,"67":0,"68":0,"69":0,"70":0,"71":0,"72":0,"73":0,"74":0,"75":0,"76":0,"77":0,"78":13},"f":{"0":6,"1":0,"2":0,"3":0,"4":0,"5":0,"6":0,"7":0,"8":0,"9":0,"10":0},"b":{"0":[0],"1":[0],"2":[0],"3":[0],"4":[0,0],"5":[0,0],"6":[0,0],"7":[0,0],"8":[0,0],"9":[0]}}
,"C:\\Users\\hp\\Downloads\\Compressed\\sfa-backend\\src\\controller\\UserController.ts": {"path":"C:\\Users\\hp\\Downloads\\Compressed\\sfa-backend\\src\\controller\\UserController.ts","statementMap":{"0":{"start":{"line":1,"column":0},"end":{"line":1,"column":43}},"1":{"start":{"line":4,"column":0},"end":{"line":4,"column":28}},"2":{"start":{"line":6,"column":0},"end":{"line":6,"column":39}},"3":{"start":{"line":8,"column":0},"end":{"line":8,"column":31}},"4":{"start":{"line":10,"column":0},"end":{"line":10,"column":35}},"5":{"start":{"line":12,"column":13},"end":{"line":15,"column":2}},"6":{"start":{"line":14,"column":2},"end":{"line":14,"column":13}},"7":{"start":{"line":18,"column":2},"end":{"line":18,"column":35}},"8":{"start":{"line":22,"column":2},"end":{"line":22,"column":43}},"9":{"start":{"line":25,"column":19},"end":{"line":37,"column":2}},"10":{"start":{"line":29,"column":4},"end":{"line":37,"column":2}},"11":{"start":{"line":30,"column":2},"end":{"line":36,"column":null}},"12":{"start":{"line":31,"column":17},"end":{"line":31,"column":49}},"13":{"start":{"line":32,"column":21},"end":{"line":32,"column":38}},"14":{"start":{"line":33,"column":4},"end":{"line":33,"column":52}},"15":{"start":{"line":35,"column":4},"end":{"line":35,"column":59}},"16":{"start":{"line":251,"column":2},"end":{"line":251,"column":12}},"17":{"start":{"line":39,"column":16},"end":{"line":59,"column":2}},"18":{"start":{"line":43,"column":4},"end":{"line":59,"column":2}},"19":{"start":{"line":44,"column":13},"end":{"line":44,"column":34}},"20":{"start":{"line":45,"column":2},"end":{"line":58,"column":null}},"21":{"start":{"line":46,"column":17},"end":{"line":46,"column":49}},"22":{"start":{"line":47,"column":17},"end":{"line":47,"column":51}},"23":{"start":{"line":49,"column":4},"end":{"line":51,"column":null}},"24":{"start":{"line":50,"column":6},"end":{"line":50,"column":57}},"25":{"start":{"line":53,"column":4},"end":{"line":53,"column":41}},"26":{"start":{"line":55,"column":4},"end":{"line":57,"column":46}},"27":{"start":{"line":252,"column":2},"end":{"line":252,"column":9}},"28":{"start":{"line":61,"column":19},"end":{"line":98,"column":2}},"29":{"start":{"line":65,"column":4},"end":{"line":98,"column":2}},"30":{"start":{"line":76,"column":6},"end":{"line":76,"column":14}},"31":{"start":{"line":78,"column":2},"end":{"line":97,"column":null}},"32":{"start":{"line":79,"column":17},"end":{"line":79,"column":49}},"33":{"start":{"line":80,"column":22},"end":{"line":80,"column":50}},"34":{"start":{"line":81,"column":20},"end":{"line":91,"column":6}},"35":{"start":{"line":92,"column":4},"end":{"line":92,"column":25}},"36":{"start":{"line":94,"column":4},"end":{"line":94,"column":62}},"37":{"start":{"line":96,"column":4},"end":{"line":96,"column":73}},"38":{"start":{"line":253,"column":2},"end":{"line":253,"column":12}},"39":{"start":{"line":100,"column":19},"end":{"line":163,"column":2}},"40":{"start":{"line":104,"column":4},"end":{"line":163,"column":2}},"41":{"start":{"line":105,"column":13},"end":{"line":105,"column":34}},"42":{"start":{"line":116,"column":6},"end":{"line":116,"column":14}},"43":{"start":{"line":118,"column":2},"end":{"line":162,"column":null}},"44":{"start":{"line":119,"column":17},"end":{"line":119,"column":49}},"45":{"start":{"line":120,"column":17},"end":{"line":120,"column":54}},"46":{"start":{"line":121,"column":4},"end":{"line":123,"column":null}},"47":{"start":{"line":122,"column":6},"end":{"line":122,"column":74}},"48":{"start":{"line":124,"column":4},"end":{"line":140,"column":null}},"49":{"start":{"line":137,"column":6},"end":{"line":139,"column":63}},"50":{"start":{"line":141,"column":4},"end":{"line":143,"column":null}},"51":{"start":{"line":142,"column":29},"end":{"line":142,"column":57}},"52":{"start":{"line":145,"column":4},"end":{"line":145,"column":49}},"53":{"start":{"line":146,"column":4},"end":{"line":146,"column":52}},"54":{"start":{"line":147,"column":4},"end":{"line":147,"column":46}},"55":{"start":{"line":148,"column":4},"end":{"line":148,"column":37}},"56":{"start":{"line":149,"column":4},"end":{"line":149,"column":55}},"57":{"start":{"line":150,"column":4},"end":{"line":150,"column":43}},"58":{"start":{"line":151,"column":4},"end":{"line":151,"column":46}},"59":{"start":{"line":152,"column":4},"end":{"line":152,"column":34}},"60":{"start":{"line":153,"column":4},"end":{"line":153,"column":46}},"61":{"start":{"line":155,"column":4},"end":{"line":155,"column":22}},"62":{"start":{"line":156,"column":4},"end":{"line":156,"column":70}},"63":{"start":{"line":158,"column":4},"end":{"line":158,"column":21}},"64":{"start":{"line":159,"column":4},"end":{"line":161,"column":50}},"65":{"start":{"line":254,"column":2},"end":{"line":254,"column":12}},"66":{"start":{"line":165,"column":19},"end":{"line":187,"column":2}},"67":{"start":{"line":169,"column":4},"end":{"line":187,"column":2}},"68":{"start":{"line":170,"column":13},"end":{"line":170,"column":34}},"69":{"start":{"line":172,"column":2},"end":{"line":186,"column":null}},"70":{"start":{"line":173,"column":17},"end":{"line":173,"column":49}},"71":{"start":{"line":174,"column":17},"end":{"line":174,"column":54}},"72":{"start":{"line":176,"column":4},"end":{"line":178,"column":null}},"73":{"start":{"line":177,"column":6},"end":{"line":177,"column":69}},"74":{"start":{"line":179,"column":4},"end":{"line":179,"column":28}},"75":{"start":{"line":180,"column":4},"end":{"line":180,"column":22}},"76":{"start":{"line":181,"column":4},"end":{"line":181,"column":41}},"77":{"start":{"line":183,"column":4},"end":{"line":185,"column":45}},"78":{"start":{"line":255,"column":2},"end":{"line":255,"column":12}},"79":{"start":{"line":189,"column":14},"end":{"line":216,"column":2}},"80":{"start":{"line":193,"column":4},"end":{"line":216,"column":2}},"81":{"start":{"line":194,"column":30},"end":{"line":194,"column":38}},"82":{"start":{"line":195,"column":2},"end":{"line":215,"column":null}},"83":{"start":{"line":196,"column":17},"end":{"line":196,"column":49}},"84":{"start":{"line":197,"column":17},"end":{"line":197,"column":57}},"85":{"start":{"line":199,"column":4},"end":{"line":201,"column":null}},"86":{"start":{"line":200,"column":6},"end":{"line":200,"column":69}},"87":{"start":{"line":203,"column":20},"end":{"line":203,"column":67}},"88":{"start":{"line":204,"column":4},"end":{"line":206,"column":null}},"89":{"start":{"line":205,"column":6},"end":{"line":205,"column":55}},"90":{"start":{"line":207,"column":18},"end":{"line":209,"column":null}},"91":{"start":{"line":212,"column":4},"end":{"line":212,"column":55}},"92":{"start":{"line":214,"column":4},"end":{"line":214,"column":66}},"93":{"start":{"line":256,"column":2},"end":{"line":256,"column":7}},"94":{"start":{"line":218,"column":23},"end":{"line":248,"column":2}},"95":{"start":{"line":222,"column":4},"end":{"line":248,"column":2}},"96":{"start":{"line":223,"column":20},"end":{"line":223,"column":28}},"97":{"start":{"line":225,"column":2},"end":{"line":247,"column":null}},"98":{"start":{"line":226,"column":17},"end":{"line":226,"column":49}},"99":{"start":{"line":227,"column":17},"end":{"line":227,"column":57}},"100":{"start":{"line":228,"column":4},"end":{"line":230,"column":null}},"101":{"start":{"line":229,"column":6},"end":{"line":229,"column":69}},"102":{"start":{"line":232,"column":20},"end":{"line":236,"column":6}},"103":{"start":{"line":238,"column":18},"end":{"line":240,"column":null}},"104":{"start":{"line":242,"column":16},"end":{"line":242,"column":75}},"105":{"start":{"line":244,"column":4},"end":{"line":244,"column":35}},"106":{"start":{"line":246,"column":4},"end":{"line":246,"column":61}},"107":{"start":{"line":257,"column":2},"end":{"line":257,"column":16}}},"fnMap":{"0":{"name":"(anonymous_8)","decl":{"start":{"line":12,"column":37},"end":{"line":12,"column":38}},"loc":{"start":{"line":12,"column":45},"end":{"line":15,"column":1}}},"1":{"name":"hashPassword","decl":{"start":{"line":17,"column":15},"end":{"line":17,"column":27}},"loc":{"start":{"line":17,"column":44},"end":{"line":19,"column":null}}},"2":{"name":"validatePassword","decl":{"start":{"line":21,"column":15},"end":{"line":21,"column":31}},"loc":{"start":{"line":21,"column":65},"end":{"line":23,"column":null}}},"3":{"name":"(anonymous_13)","decl":{"start":{"line":25,"column":19},"end":{"line":25,"column":null}},"loc":{"start":{"line":29,"column":4},"end":{"line":37,"column":2}}},"4":{"name":"(anonymous_14)","decl":{"start":{"line":29,"column":4},"end":{"line":29,"column":null}},"loc":{"start":{"line":29,"column":4},"end":{"line":37,"column":1}}},"5":{"name":"(anonymous_15)","decl":{"start":{"line":39,"column":16},"end":{"line":39,"column":null}},"loc":{"start":{"line":43,"column":4},"end":{"line":59,"column":2}}},"6":{"name":"(anonymous_16)","decl":{"start":{"line":43,"column":4},"end":{"line":43,"column":null}},"loc":{"start":{"line":43,"column":4},"end":{"line":59,"column":1}}},"7":{"name":"(anonymous_17)","decl":{"start":{"line":61,"column":19},"end":{"line":61,"column":null}},"loc":{"start":{"line":65,"column":4},"end":{"line":98,"column":2}}},"8":{"name":"(anonymous_18)","decl":{"start":{"line":65,"column":4},"end":{"line":65,"column":null}},"loc":{"start":{"line":65,"column":4},"end":{"line":98,"column":1}}},"9":{"name":"(anonymous_19)","decl":{"start":{"line":100,"column":19},"end":{"line":100,"column":null}},"loc":{"start":{"line":104,"column":4},"end":{"line":163,"column":2}}},"10":{"name":"(anonymous_20)","decl":{"start":{"line":104,"column":4},"end":{"line":104,"column":null}},"loc":{"start":{"line":104,"column":4},"end":{"line":163,"column":1}}},"11":{"name":"(anonymous_21)","decl":{"start":{"line":165,"column":19},"end":{"line":165,"column":null}},"loc":{"start":{"line":169,"column":4},"end":{"line":187,"column":2}}},"12":{"name":"(anonymous_22)","decl":{"start":{"line":169,"column":4},"end":{"line":169,"column":null}},"loc":{"start":{"line":169,"column":4},"end":{"line":187,"column":1}}},"13":{"name":"(anonymous_23)","decl":{"start":{"line":189,"column":14},"end":{"line":189,"column":null}},"loc":{"start":{"line":193,"column":4},"end":{"line":216,"column":2}}},"14":{"name":"(anonymous_24)","decl":{"start":{"line":193,"column":4},"end":{"line":193,"column":null}},"loc":{"start":{"line":193,"column":4},"end":{"line":216,"column":1}}},"15":{"name":"(anonymous_25)","decl":{"start":{"line":218,"column":23},"end":{"line":218,"column":null}},"loc":{"start":{"line":222,"column":4},"end":{"line":248,"column":2}}},"16":{"name":"(anonymous_26)","decl":{"start":{"line":222,"column":4},"end":{"line":222,"column":null}},"loc":{"start":{"line":222,"column":4},"end":{"line":248,"column":1}}}},"branchMap":{"0":{"loc":{"start":{"line":49,"column":4},"end":{"line":51,"column":null}},"type":"if","locations":[{"start":{"line":49,"column":4},"end":{"line":51,"column":null}}]},"1":{"loc":{"start":{"line":49,"column":8},"end":{"line":49,"column":47}},"type":"binary-expr","locations":[{"start":{"line":49,"column":8},"end":{"line":49,"column":13}},{"start":{"line":49,"column":17},"end":{"line":49,"column":47}}]},"2":{"loc":{"start":{"line":121,"column":4},"end":{"line":123,"column":null}},"type":"if","locations":[{"start":{"line":121,"column":4},"end":{"line":123,"column":null}}]},"3":{"loc":{"start":{"line":121,"column":8},"end":{"line":121,"column":47}},"type":"binary-expr","locations":[{"start":{"line":121,"column":8},"end":{"line":121,"column":13}},{"start":{"line":121,"column":17},"end":{"line":121,"column":47}}]},"4":{"loc":{"start":{"line":124,"column":4},"end":{"line":140,"column":null}},"type":"if","locations":[{"start":{"line":124,"column":4},"end":{"line":140,"column":null}}]},"5":{"loc":{"start":{"line":126,"column":8},"end":{"line":134,"column":16}},"type":"binary-expr","locations":[{"start":{"line":126,"column":8},"end":{"line":126,"column":17}},{"start":{"line":127,"column":8},"end":{"line":127,"column":18}},{"start":{"line":128,"column":8},"end":{"line":128,"column":16}},{"start":{"line":129,"column":8},"end":{"line":129,"column":13}},{"start":{"line":130,"column":8},"end":{"line":130,"column":19}},{"start":{"line":131,"column":8},"end":{"line":131,"column":12}},{"start":{"line":132,"column":8},"end":{"line":132,"column":15}},{"start":{"line":133,"column":8},"end":{"line":133,"column":16}},{"start":{"line":134,"column":8},"end":{"line":134,"column":16}}]},"6":{"loc":{"start":{"line":141,"column":4},"end":{"line":143,"column":null}},"type":"if","locations":[{"start":{"line":141,"column":4},"end":{"line":143,"column":null}}]},"7":{"loc":{"start":{"line":145,"column":21},"end":{"line":145,"column":48}},"type":"binary-expr","locations":[{"start":{"line":145,"column":21},"end":{"line":145,"column":30}},{"start":{"line":145,"column":34},"end":{"line":145,"column":48}}]},"8":{"loc":{"start":{"line":146,"column":22},"end":{"line":146,"column":51}},"type":"binary-expr","locations":[{"start":{"line":146,"column":22},"end":{"line":146,"column":32}},{"start":{"line":146,"column":36},"end":{"line":146,"column":51}}]},"9":{"loc":{"start":{"line":147,"column":20},"end":{"line":147,"column":45}},"type":"binary-expr","locations":[{"start":{"line":147,"column":20},"end":{"line":147,"column":28}},{"start":{"line":147,"column":32},"end":{"line":147,"column":45}}]},"10":{"loc":{"start":{"line":148,"column":17},"end":{"line":148,"column":36}},"type":"binary-expr","locations":[{"start":{"line":148,"column":17},"end":{"line":148,"column":22}},{"start":{"line":148,"column":26},"end":{"line":148,"column":36}}]},"11":{"loc":{"start":{"line":149,"column":23},"end":{"line":149,"column":54}},"type":"binary-expr","locations":[{"start":{"line":149,"column":23},"end":{"line":149,"column":34}},{"start":{"line":149,"column":38},"end":{"line":149,"column":54}}]},"12":{"loc":{"start":{"line":150,"column":19},"end":{"line":150,"column":42}},"type":"binary-expr","locations":[{"start":{"line":150,"column":19},"end":{"line":150,"column":26}},{"start":{"line":150,"column":30},"end":{"line":150,"column":42}}]},"13":{"loc":{"start":{"line":151,"column":20},"end":{"line":151,"column":45}},"type":"binary-expr","locations":[{"start":{"line":151,"column":20},"end":{"line":151,"column":28}},{"start":{"line":151,"column":32},"end":{"line":151,"column":45}}]},"14":{"loc":{"start":{"line":152,"column":16},"end":{"line":152,"column":33}},"type":"binary-expr","locations":[{"start":{"line":152,"column":16},"end":{"line":152,"column":20}},{"start":{"line":152,"column":24},"end":{"line":152,"column":33}}]},"15":{"loc":{"start":{"line":153,"column":20},"end":{"line":153,"column":45}},"type":"binary-expr","locations":[{"start":{"line":153,"column":20},"end":{"line":153,"column":28}},{"start":{"line":153,"column":32},"end":{"line":153,"column":45}}]},"16":{"loc":{"start":{"line":176,"column":4},"end":{"line":178,"column":null}},"type":"if","locations":[{"start":{"line":176,"column":4},"end":{"line":178,"column":null}}]},"17":{"loc":{"start":{"line":199,"column":4},"end":{"line":201,"column":null}},"type":"if","locations":[{"start":{"line":199,"column":4},"end":{"line":201,"column":null}}]},"18":{"loc":{"start":{"line":204,"column":4},"end":{"line":206,"column":null}},"type":"if","locations":[{"start":{"line":204,"column":4},"end":{"line":206,"column":null}}]},"19":{"loc":{"start":{"line":209,"column":6},"end":{"line":209,"column":40}},"type":"binary-expr","locations":[{"start":{"line":209,"column":6},"end":{"line":209,"column":28}},{"start":{"line":209,"column":32},"end":{"line":209,"column":40}}]},"20":{"loc":{"start":{"line":228,"column":4},"end":{"line":230,"column":null}},"type":"if","locations":[{"start":{"line":228,"column":4},"end":{"line":230,"column":null}}]},"21":{"loc":{"start":{"line":240,"column":6},"end":{"line":240,"column":40}},"type":"binary-expr","locations":[{"start":{"line":240,"column":6},"end":{"line":240,"column":28}},{"start":{"line":240,"column":32},"end":{"line":240,"column":40}}]},"22":{"loc":{"start":{"line":242,"column":40},"end":{"line":242,"column":74}},"type":"binary-expr","locations":[{"start":{"line":242,"column":40},"end":{"line":242,"column":62}},{"start":{"line":242,"column":66},"end":{"line":242,"column":74}}]}},"s":{"0":13,"1":13,"2":13,"3":13,"4":13,"5":13,"6":6,"7":0,"8":0,"9":13,"10":0,"11":0,"12":0,"13":0,"14":0,"15":0,"16":13,"17":13,"18":0,"19":0,"20":0,"21":0,"22":0,"23":0,"24":0,"25":0,"26":0,"27":13,"28":13,"29":0,"30":0,"31":0,"32":0,"33":0,"34":0,"35":0,"36":0,"37":0,"38":13,"39":13,"40":0,"41":0,"42":0,"43":0,"44":0,"45":0,"46":0,"47":0,"48":0,"49":0,"50":0,"51":0,"52":0,"53":0,"54":0,"55":0,"56":0,"57":0,"58":0,"59":0,"60":0,"61":0,"62":0,"63":0,"64":0,"65":13,"66":13,"67":0,"68":0,"69":0,"70":0,"71":0,"72":0,"73":0,"74":0,"75":0,"76":0,"77":0,"78":13,"79":13,"80":13,"81":13,"82":13,"83":13,"84":6,"85":6,"86":6,"87":0,"88":0,"89":0,"90":0,"91":0,"92":7,"93":13,"94":13,"95":0,"96":0,"97":0,"98":0,"99":0,"100":0,"101":0,"102":0,"103":0,"104":0,"105":0,"106":0,"107":13},"f":{"0":6,"1":0,"2":0,"3":0,"4":0,"5":0,"6":0,"7":0,"8":0,"9":0,"10":0,"11":0,"12":0,"13":13,"14":13,"15":0,"16":0},"b":{"0":[0],"1":[0,0],"2":[0],"3":[0,0],"4":[0],"5":[0,0,0,0,0,0,0,0,0],"6":[0],"7":[0,0],"8":[0,0],"9":[0,0],"10":[0,0],"11":[0,0],"12":[0,0],"13":[0,0],"14":[0,0],"15":[0,0],"16":[0],"17":[6],"18":[0],"19":[0,0],"20":[0],"21":[0,0],"22":[0,0]}}
,"C:\\Users\\hp\\Downloads\\Compressed\\sfa-backend\\src\\controller\\agentController.ts": {"path":"C:\\Users\\hp\\Downloads\\Compressed\\sfa-backend\\src\\controller\\agentController.ts","statementMap":{"0":{"start":{"line":2,"column":0},"end":{"line":2,"column":39}},"1":{"start":{"line":4,"column":0},"end":{"line":4,"column":43}},"2":{"start":{"line":5,"column":0},"end":{"line":5,"column":37}},"3":{"start":{"line":6,"column":0},"end":{"line":6,"column":41}},"4":{"start":{"line":7,"column":0},"end":{"line":7,"column":35}},"5":{"start":{"line":9,"column":0},"end":{"line":9,"column":39}},"6":{"start":{"line":12,"column":13},"end":{"line":15,"column":4}},"7":{"start":{"line":14,"column":4},"end":{"line":14,"column":15}},"8":{"start":{"line":17,"column":20},"end":{"line":59,"column":null}},"9":{"start":{"line":17,"column":61},"end":{"line":59,"column":null}},"10":{"start":{"line":26,"column":10},"end":{"line":26,"column":18}},"11":{"start":{"line":29,"column":6},"end":{"line":58,"column":null}},"12":{"start":{"line":30,"column":21},"end":{"line":30,"column":54}},"13":{"start":{"line":31,"column":22},"end":{"line":31,"column":54}},"14":{"start":{"line":32,"column":22},"end":{"line":32,"column":57}},"15":{"start":{"line":34,"column":23},"end":{"line":36,"column":48}},"16":{"start":{"line":38,"column":23},"end":{"line":38,"column":42}},"17":{"start":{"line":39,"column":21},"end":{"line":39,"column":67}},"18":{"start":{"line":40,"column":24},"end":{"line":40,"column":74}},"19":{"start":{"line":42,"column":25},"end":{"line":51,"column":10}},"20":{"start":{"line":53,"column":8},"end":{"line":53,"column":30}},"21":{"start":{"line":55,"column":8},"end":{"line":55,"column":58}},"22":{"start":{"line":57,"column":8},"end":{"line":57,"column":95}},"23":{"start":{"line":166,"column":8},"end":{"line":166,"column":19}},"24":{"start":{"line":61,"column":20},"end":{"line":70,"column":null}},"25":{"start":{"line":61,"column":72},"end":{"line":70,"column":null}},"26":{"start":{"line":62,"column":4},"end":{"line":69,"column":null}},"27":{"start":{"line":63,"column":21},"end":{"line":63,"column":54}},"28":{"start":{"line":64,"column":23},"end":{"line":64,"column":40}},"29":{"start":{"line":66,"column":8},"end":{"line":66,"column":47}},"30":{"start":{"line":68,"column":8},"end":{"line":68,"column":87}},"31":{"start":{"line":166,"column":20},"end":{"line":166,"column":31}},"32":{"start":{"line":72,"column":17},"end":{"line":88,"column":null}},"33":{"start":{"line":72,"column":70},"end":{"line":88,"column":null}},"34":{"start":{"line":74,"column":15},"end":{"line":74,"column":36}},"35":{"start":{"line":76,"column":4},"end":{"line":87,"column":null}},"36":{"start":{"line":77,"column":19},"end":{"line":77,"column":52}},"37":{"start":{"line":78,"column":20},"end":{"line":78,"column":57}},"38":{"start":{"line":80,"column":6},"end":{"line":82,"column":null}},"39":{"start":{"line":81,"column":8},"end":{"line":81,"column":58}},"40":{"start":{"line":84,"column":6},"end":{"line":84,"column":40}},"41":{"start":{"line":86,"column":6},"end":{"line":86,"column":86}},"42":{"start":{"line":166,"column":32},"end":{"line":166,"column":40}},"43":{"start":{"line":90,"column":20},"end":{"line":145,"column":null}},"44":{"start":{"line":90,"column":73},"end":{"line":145,"column":null}},"45":{"start":{"line":91,"column":15},"end":{"line":91,"column":36}},"46":{"start":{"line":101,"column":8},"end":{"line":101,"column":16}},"47":{"start":{"line":102,"column":4},"end":{"line":144,"column":null}},"48":{"start":{"line":103,"column":19},"end":{"line":103,"column":52}},"49":{"start":{"line":104,"column":20},"end":{"line":104,"column":55}},"50":{"start":{"line":106,"column":20},"end":{"line":106,"column":57}},"51":{"start":{"line":107,"column":6},"end":{"line":109,"column":null}},"52":{"start":{"line":108,"column":8},"end":{"line":108,"column":65}},"53":{"start":{"line":111,"column":20},"end":{"line":111,"column":24}},"54":{"start":{"line":112,"column":19},"end":{"line":112,"column":23}},"55":{"start":{"line":114,"column":6},"end":{"line":120,"column":null}},"56":{"start":{"line":115,"column":8},"end":{"line":115,"column":69}},"57":{"start":{"line":117,"column":8},"end":{"line":119,"column":null}},"58":{"start":{"line":118,"column":10},"end":{"line":118,"column":78}},"59":{"start":{"line":121,"column":6},"end":{"line":129,"column":null}},"60":{"start":{"line":122,"column":8},"end":{"line":124,"column":49}},"61":{"start":{"line":126,"column":8},"end":{"line":128,"column":null}},"62":{"start":{"line":127,"column":10},"end":{"line":127,"column":77}},"63":{"start":{"line":131,"column":6},"end":{"line":131,"column":53}},"64":{"start":{"line":132,"column":6},"end":{"line":132,"column":50}},"65":{"start":{"line":133,"column":6},"end":{"line":133,"column":53}},"66":{"start":{"line":134,"column":6},"end":{"line":134,"column":53}},"67":{"start":{"line":135,"column":6},"end":{"line":135,"column":59}},"68":{"start":{"line":136,"column":6},"end":{"line":136,"column":41}},"69":{"start":{"line":137,"column":6},"end":{"line":137,"column":47}},"70":{"start":{"line":138,"column":6},"end":{"line":138,"column":68}},"71":{"start":{"line":140,"column":6},"end":{"line":140,"column":25}},"72":{"start":{"line":141,"column":6},"end":{"line":141,"column":44}},"73":{"start":{"line":143,"column":6},"end":{"line":143,"column":87}},"74":{"start":{"line":166,"column":41},"end":{"line":166,"column":52}},"75":{"start":{"line":147,"column":20},"end":{"line":164,"column":null}},"76":{"start":{"line":147,"column":72},"end":{"line":164,"column":null}},"77":{"start":{"line":148,"column":15},"end":{"line":148,"column":36}},"78":{"start":{"line":150,"column":4},"end":{"line":163,"column":null}},"79":{"start":{"line":151,"column":19},"end":{"line":151,"column":52}},"80":{"start":{"line":152,"column":20},"end":{"line":152,"column":57}},"81":{"start":{"line":154,"column":6},"end":{"line":156,"column":null}},"82":{"start":{"line":155,"column":8},"end":{"line":155,"column":71}},"83":{"start":{"line":157,"column":6},"end":{"line":157,"column":31}},"84":{"start":{"line":158,"column":6},"end":{"line":158,"column":25}},"85":{"start":{"line":160,"column":6},"end":{"line":160,"column":43}},"86":{"start":{"line":162,"column":6},"end":{"line":162,"column":86}},"87":{"start":{"line":166,"column":53},"end":{"line":166,"column":64}}},"fnMap":{"0":{"name":"(anonymous_8)","decl":{"start":{"line":12,"column":37},"end":{"line":12,"column":38}},"loc":{"start":{"line":12,"column":45},"end":{"line":15,"column":3}}},"1":{"name":"(anonymous_9)","decl":{"start":{"line":17,"column":20},"end":{"line":17,"column":26}},"loc":{"start":{"line":17,"column":61},"end":{"line":59,"column":null}}},"2":{"name":"(anonymous_10)","decl":{"start":{"line":17,"column":61},"end":{"line":17,"column":null}},"loc":{"start":{"line":17,"column":61},"end":{"line":59,"column":1}}},"3":{"name":"(anonymous_11)","decl":{"start":{"line":61,"column":20},"end":{"line":61,"column":26}},"loc":{"start":{"line":61,"column":72},"end":{"line":70,"column":null}}},"4":{"name":"(anonymous_12)","decl":{"start":{"line":61,"column":72},"end":{"line":61,"column":null}},"loc":{"start":{"line":61,"column":72},"end":{"line":70,"column":1}}},"5":{"name":"(anonymous_13)","decl":{"start":{"line":72,"column":17},"end":{"line":72,"column":24}},"loc":{"start":{"line":72,"column":70},"end":{"line":88,"column":null}}},"6":{"name":"(anonymous_14)","decl":{"start":{"line":72,"column":70},"end":{"line":72,"column":null}},"loc":{"start":{"line":72,"column":70},"end":{"line":88,"column":1}}},"7":{"name":"(anonymous_15)","decl":{"start":{"line":90,"column":20},"end":{"line":90,"column":27}},"loc":{"start":{"line":90,"column":73},"end":{"line":145,"column":null}}},"8":{"name":"(anonymous_16)","decl":{"start":{"line":90,"column":73},"end":{"line":90,"column":null}},"loc":{"start":{"line":90,"column":73},"end":{"line":145,"column":1}}},"9":{"name":"(anonymous_17)","decl":{"start":{"line":147,"column":20},"end":{"line":147,"column":26}},"loc":{"start":{"line":147,"column":72},"end":{"line":164,"column":null}}},"10":{"name":"(anonymous_18)","decl":{"start":{"line":147,"column":72},"end":{"line":147,"column":null}},"loc":{"start":{"line":147,"column":72},"end":{"line":164,"column":1}}}},"branchMap":{"0":{"loc":{"start":{"line":80,"column":6},"end":{"line":82,"column":null}},"type":"if","locations":[{"start":{"line":80,"column":6},"end":{"line":82,"column":null}}]},"1":{"loc":{"start":{"line":107,"column":6},"end":{"line":109,"column":null}},"type":"if","locations":[{"start":{"line":107,"column":6},"end":{"line":109,"column":null}}]},"2":{"loc":{"start":{"line":114,"column":6},"end":{"line":120,"column":null}},"type":"if","locations":[{"start":{"line":114,"column":6},"end":{"line":120,"column":null}}]},"3":{"loc":{"start":{"line":117,"column":8},"end":{"line":119,"column":null}},"type":"if","locations":[{"start":{"line":117,"column":8},"end":{"line":119,"column":null}}]},"4":{"loc":{"start":{"line":121,"column":6},"end":{"line":129,"column":null}},"type":"if","locations":[{"start":{"line":121,"column":6},"end":{"line":129,"column":null}}]},"5":{"loc":{"start":{"line":126,"column":8},"end":{"line":128,"column":null}},"type":"if","locations":[{"start":{"line":126,"column":8},"end":{"line":128,"column":null}}]},"6":{"loc":{"start":{"line":126,"column":12},"end":{"line":126,"column":54}},"type":"binary-expr","locations":[{"start":{"line":126,"column":12},"end":{"line":126,"column":19}},{"start":{"line":126,"column":23},"end":{"line":126,"column":54}}]},"7":{"loc":{"start":{"line":131,"column":25},"end":{"line":131,"column":52}},"type":"binary-expr","locations":[{"start":{"line":131,"column":25},"end":{"line":131,"column":32}},{"start":{"line":131,"column":36},"end":{"line":131,"column":52}}]},"8":{"loc":{"start":{"line":132,"column":24},"end":{"line":132,"column":49}},"type":"binary-expr","locations":[{"start":{"line":132,"column":24},"end":{"line":132,"column":30}},{"start":{"line":132,"column":34},"end":{"line":132,"column":49}}]},"9":{"loc":{"start":{"line":133,"column":24},"end":{"line":133,"column":52}},"type":"binary-expr","locations":[{"start":{"line":133,"column":24},"end":{"line":133,"column":33}},{"start":{"line":133,"column":37},"end":{"line":133,"column":52}}]},"10":{"loc":{"start":{"line":134,"column":24},"end":{"line":134,"column":52}},"type":"binary-expr","locations":[{"start":{"line":134,"column":24},"end":{"line":134,"column":33}},{"start":{"line":134,"column":37},"end":{"line":134,"column":52}}]},"11":{"loc":{"start":{"line":135,"column":26},"end":{"line":135,"column":58}},"type":"binary-expr","locations":[{"start":{"line":135,"column":26},"end":{"line":135,"column":37}},{"start":{"line":135,"column":41},"end":{"line":135,"column":58}}]},"12":{"loc":{"start":{"line":136,"column":20},"end":{"line":136,"column":40}},"type":"binary-expr","locations":[{"start":{"line":136,"column":20},"end":{"line":136,"column":25}},{"start":{"line":136,"column":29},"end":{"line":136,"column":40}}]},"13":{"loc":{"start":{"line":137,"column":22},"end":{"line":137,"column":46}},"type":"binary-expr","locations":[{"start":{"line":137,"column":22},"end":{"line":137,"column":29}},{"start":{"line":137,"column":33},"end":{"line":137,"column":46}}]},"14":{"loc":{"start":{"line":138,"column":29},"end":{"line":138,"column":67}},"type":"binary-expr","locations":[{"start":{"line":138,"column":29},"end":{"line":138,"column":43}},{"start":{"line":138,"column":47},"end":{"line":138,"column":67}}]},"15":{"loc":{"start":{"line":154,"column":6},"end":{"line":156,"column":null}},"type":"if","locations":[{"start":{"line":154,"column":6},"end":{"line":156,"column":null}}]}},"s":{"0":13,"1":13,"2":13,"3":13,"4":13,"5":13,"6":13,"7":6,"8":13,"9":0,"10":0,"11":0,"12":0,"13":0,"14":0,"15":0,"16":0,"17":0,"18":0,"19":0,"20":0,"21":0,"22":0,"23":13,"24":13,"25":0,"26":0,"27":0,"28":0,"29":0,"30":0,"31":13,"32":13,"33":0,"34":0,"35":0,"36":0,"37":0,"38":0,"39":0,"40":0,"41":0,"42":13,"43":13,"44":0,"45":0,"46":0,"47":0,"48":0,"49":0,"50":0,"51":0,"52":0,"53":0,"54":0,"55":0,"56":0,"57":0,"58":0,"59":0,"60":0,"61":0,"62":0,"63":0,"64":0,"65":0,"66":0,"67":0,"68":0,"69":0,"70":0,"71":0,"72":0,"73":0,"74":13,"75":13,"76":0,"77":0,"78":0,"79":0,"80":0,"81":0,"82":0,"83":0,"84":0,"85":0,"86":0,"87":13},"f":{"0":6,"1":0,"2":0,"3":0,"4":0,"5":0,"6":0,"7":0,"8":0,"9":0,"10":0},"b":{"0":[0],"1":[0],"2":[0],"3":[0],"4":[0],"5":[0],"6":[0,0],"7":[0,0],"8":[0,0],"9":[0,0],"10":[0,0],"11":[0,0],"12":[0,0],"13":[0,0],"14":[0,0],"15":[0]}}
,"C:\\Users\\hp\\Downloads\\Compressed\\sfa-backend\\src\\controller\\channelController.ts": {"path":"C:\\Users\\hp\\Downloads\\Compressed\\sfa-backend\\src\\controller\\channelController.ts","statementMap":{"0":{"start":{"line":2,"column":0},"end":{"line":2,"column":39}},"1":{"start":{"line":5,"column":0},"end":{"line":5,"column":43}},"2":{"start":{"line":6,"column":0},"end":{"line":6,"column":41}},"3":{"start":{"line":8,"column":0},"end":{"line":8,"column":35}},"4":{"start":{"line":11,"column":13},"end":{"line":14,"column":2}},"5":{"start":{"line":13,"column":2},"end":{"line":13,"column":13}},"6":{"start":{"line":16,"column":22},"end":{"line":38,"column":2}},"7":{"start":{"line":16,"column":64},"end":{"line":38,"column":2}},"8":{"start":{"line":17,"column":26},"end":{"line":17,"column":34}},"9":{"start":{"line":19,"column":2},"end":{"line":37,"column":null}},"10":{"start":{"line":20,"column":17},"end":{"line":20,"column":52}},"11":{"start":{"line":21,"column":18},"end":{"line":21,"column":50}},"12":{"start":{"line":23,"column":19},"end":{"line":23,"column":38}},"13":{"start":{"line":25,"column":17},"end":{"line":25,"column":63}},"14":{"start":{"line":27,"column":23},"end":{"line":30,"column":6}},"15":{"start":{"line":31,"column":4},"end":{"line":31,"column":28}},"16":{"start":{"line":33,"column":4},"end":{"line":33,"column":55}},"17":{"start":{"line":35,"column":4},"end":{"line":35,"column":21}},"18":{"start":{"line":36,"column":4},"end":{"line":36,"column":71}},"19":{"start":{"line":112,"column":2},"end":{"line":112,"column":15}},"20":{"start":{"line":40,"column":22},"end":{"line":54,"column":2}},"21":{"start":{"line":40,"column":76},"end":{"line":54,"column":2}},"22":{"start":{"line":41,"column":2},"end":{"line":53,"column":null}},"23":{"start":{"line":42,"column":17},"end":{"line":42,"column":52}},"24":{"start":{"line":43,"column":21},"end":{"line":43,"column":38}},"25":{"start":{"line":45,"column":4},"end":{"line":49,"column":null}},"26":{"start":{"line":46,"column":6},"end":{"line":48,"column":49}},"27":{"start":{"line":50,"column":4},"end":{"line":50,"column":54}},"28":{"start":{"line":52,"column":4},"end":{"line":52,"column":39}},"29":{"start":{"line":113,"column":2},"end":{"line":113,"column":15}},"30":{"start":{"line":56,"column":22},"end":{"line":70,"column":2}},"31":{"start":{"line":56,"column":76},"end":{"line":70,"column":2}},"32":{"start":{"line":57,"column":13},"end":{"line":57,"column":34}},"33":{"start":{"line":58,"column":2},"end":{"line":69,"column":null}},"34":{"start":{"line":59,"column":17},"end":{"line":59,"column":52}},"35":{"start":{"line":60,"column":20},"end":{"line":60,"column":57}},"36":{"start":{"line":62,"column":4},"end":{"line":64,"column":null}},"37":{"start":{"line":63,"column":6},"end":{"line":63,"column":69}},"38":{"start":{"line":66,"column":4},"end":{"line":66,"column":40}},"39":{"start":{"line":68,"column":4},"end":{"line":68,"column":39}},"40":{"start":{"line":114,"column":2},"end":{"line":114,"column":15}},"41":{"start":{"line":72,"column":22},"end":{"line":91,"column":2}},"42":{"start":{"line":72,"column":76},"end":{"line":91,"column":2}},"43":{"start":{"line":73,"column":13},"end":{"line":73,"column":34}},"44":{"start":{"line":74,"column":42},"end":{"line":74,"column":50}},"45":{"start":{"line":75,"column":2},"end":{"line":90,"column":null}},"46":{"start":{"line":76,"column":17},"end":{"line":76,"column":52}},"47":{"start":{"line":78,"column":20},"end":{"line":78,"column":57}},"48":{"start":{"line":79,"column":4},"end":{"line":81,"column":null}},"49":{"start":{"line":80,"column":6},"end":{"line":80,"column":78}},"50":{"start":{"line":83,"column":4},"end":{"line":83,"column":61}},"51":{"start":{"line":84,"column":4},"end":{"line":84,"column":70}},"52":{"start":{"line":86,"column":4},"end":{"line":86,"column":25}},"53":{"start":{"line":87,"column":4},"end":{"line":87,"column":53}},"54":{"start":{"line":89,"column":4},"end":{"line":89,"column":64}},"55":{"start":{"line":115,"column":2},"end":{"line":115,"column":15}},"56":{"start":{"line":93,"column":22},"end":{"line":109,"column":2}},"57":{"start":{"line":93,"column":76},"end":{"line":109,"column":2}},"58":{"start":{"line":94,"column":13},"end":{"line":94,"column":34}},"59":{"start":{"line":95,"column":2},"end":{"line":108,"column":null}},"60":{"start":{"line":96,"column":17},"end":{"line":96,"column":52}},"61":{"start":{"line":97,"column":20},"end":{"line":97,"column":57}},"62":{"start":{"line":99,"column":4},"end":{"line":101,"column":null}},"63":{"start":{"line":100,"column":6},"end":{"line":100,"column":69}},"64":{"start":{"line":102,"column":4},"end":{"line":102,"column":31}},"65":{"start":{"line":103,"column":4},"end":{"line":103,"column":25}},"66":{"start":{"line":105,"column":4},"end":{"line":105,"column":38}},"67":{"start":{"line":107,"column":4},"end":{"line":107,"column":39}},"68":{"start":{"line":116,"column":2},"end":{"line":116,"column":15}}},"fnMap":{"0":{"name":"(anonymous_8)","decl":{"start":{"line":11,"column":37},"end":{"line":11,"column":38}},"loc":{"start":{"line":11,"column":45},"end":{"line":14,"column":1}}},"1":{"name":"(anonymous_9)","decl":{"start":{"line":16,"column":22},"end":{"line":16,"column":29}},"loc":{"start":{"line":16,"column":64},"end":{"line":38,"column":2}}},"2":{"name":"(anonymous_10)","decl":{"start":{"line":16,"column":64},"end":{"line":16,"column":null}},"loc":{"start":{"line":16,"column":64},"end":{"line":38,"column":1}}},"3":{"name":"(anonymous_11)","decl":{"start":{"line":40,"column":22},"end":{"line":40,"column":29}},"loc":{"start":{"line":40,"column":76},"end":{"line":54,"column":2}}},"4":{"name":"(anonymous_12)","decl":{"start":{"line":40,"column":76},"end":{"line":40,"column":null}},"loc":{"start":{"line":40,"column":76},"end":{"line":54,"column":1}}},"5":{"name":"(anonymous_13)","decl":{"start":{"line":56,"column":22},"end":{"line":56,"column":29}},"loc":{"start":{"line":56,"column":76},"end":{"line":70,"column":2}}},"6":{"name":"(anonymous_14)","decl":{"start":{"line":56,"column":76},"end":{"line":56,"column":null}},"loc":{"start":{"line":56,"column":76},"end":{"line":70,"column":1}}},"7":{"name":"(anonymous_15)","decl":{"start":{"line":72,"column":22},"end":{"line":72,"column":29}},"loc":{"start":{"line":72,"column":76},"end":{"line":91,"column":2}}},"8":{"name":"(anonymous_16)","decl":{"start":{"line":72,"column":76},"end":{"line":72,"column":null}},"loc":{"start":{"line":72,"column":76},"end":{"line":91,"column":1}}},"9":{"name":"(anonymous_17)","decl":{"start":{"line":93,"column":22},"end":{"line":93,"column":29}},"loc":{"start":{"line":93,"column":76},"end":{"line":109,"column":2}}},"10":{"name":"(anonymous_18)","decl":{"start":{"line":93,"column":76},"end":{"line":93,"column":null}},"loc":{"start":{"line":93,"column":76},"end":{"line":109,"column":1}}}},"branchMap":{"0":{"loc":{"start":{"line":45,"column":4},"end":{"line":49,"column":null}},"type":"if","locations":[{"start":{"line":45,"column":4},"end":{"line":49,"column":null}}]},"1":{"loc":{"start":{"line":62,"column":4},"end":{"line":64,"column":null}},"type":"if","locations":[{"start":{"line":62,"column":4},"end":{"line":64,"column":null}}]},"2":{"loc":{"start":{"line":79,"column":4},"end":{"line":81,"column":null}},"type":"if","locations":[{"start":{"line":79,"column":4},"end":{"line":81,"column":null}}]},"3":{"loc":{"start":{"line":83,"column":26},"end":{"line":83,"column":60}},"type":"binary-expr","locations":[{"start":{"line":83,"column":26},"end":{"line":83,"column":37}},{"start":{"line":83,"column":41},"end":{"line":83,"column":60}}]},"4":{"loc":{"start":{"line":84,"column":29},"end":{"line":84,"column":69}},"type":"binary-expr","locations":[{"start":{"line":84,"column":29},"end":{"line":84,"column":43}},{"start":{"line":84,"column":47},"end":{"line":84,"column":69}}]},"5":{"loc":{"start":{"line":99,"column":4},"end":{"line":101,"column":null}},"type":"if","locations":[{"start":{"line":99,"column":4},"end":{"line":101,"column":null}}]}},"s":{"0":13,"1":13,"2":13,"3":13,"4":13,"5":6,"6":13,"7":0,"8":0,"9":0,"10":0,"11":0,"12":0,"13":0,"14":0,"15":0,"16":0,"17":0,"18":0,"19":13,"20":13,"21":0,"22":0,"23":0,"24":0,"25":0,"26":0,"27":0,"28":0,"29":13,"30":13,"31":0,"32":0,"33":0,"34":0,"35":0,"36":0,"37":0,"38":0,"39":0,"40":13,"41":13,"42":0,"43":0,"44":0,"45":0,"46":0,"47":0,"48":0,"49":0,"50":0,"51":0,"52":0,"53":0,"54":0,"55":13,"56":13,"57":0,"58":0,"59":0,"60":0,"61":0,"62":0,"63":0,"64":0,"65":0,"66":0,"67":0,"68":13},"f":{"0":6,"1":0,"2":0,"3":0,"4":0,"5":0,"6":0,"7":0,"8":0,"9":0,"10":0},"b":{"0":[0],"1":[0],"2":[0],"3":[0,0],"4":[0,0],"5":[0]}}
,"C:\\Users\\hp\\Downloads\\Compressed\\sfa-backend\\src\\controller\\companyController.ts": {"path":"C:\\Users\\hp\\Downloads\\Compressed\\sfa-backend\\src\\controller\\companyController.ts","statementMap":{"0":{"start":{"line":2,"column":0},"end":{"line":2,"column":39}},"1":{"start":{"line":4,"column":0},"end":{"line":4,"column":43}},"2":{"start":{"line":5,"column":0},"end":{"line":5,"column":41}},"3":{"start":{"line":6,"column":0},"end":{"line":6,"column":39}},"4":{"start":{"line":7,"column":0},"end":{"line":7,"column":35}},"5":{"start":{"line":10,"column":13},"end":{"line":13,"column":2}},"6":{"start":{"line":12,"column":2},"end":{"line":12,"column":13}},"7":{"start":{"line":15,"column":22},"end":{"line":57,"column":2}},"8":{"start":{"line":15,"column":64},"end":{"line":57,"column":2}},"9":{"start":{"line":17,"column":4},"end":{"line":17,"column":12}},"10":{"start":{"line":19,"column":2},"end":{"line":23,"column":null}},"11":{"start":{"line":20,"column":4},"end":{"line":22,"column":70}},"12":{"start":{"line":24,"column":2},"end":{"line":56,"column":null}},"13":{"start":{"line":25,"column":17},"end":{"line":25,"column":52}},"14":{"start":{"line":26,"column":18},"end":{"line":26,"column":50}},"15":{"start":{"line":27,"column":18},"end":{"line":27,"column":52}},"16":{"start":{"line":29,"column":19},"end":{"line":29,"column":38}},"17":{"start":{"line":31,"column":17},"end":{"line":31,"column":63}},"18":{"start":{"line":32,"column":19},"end":{"line":32,"column":68}},"19":{"start":{"line":34,"column":4},"end":{"line":36,"column":null}},"20":{"start":{"line":35,"column":6},"end":{"line":35,"column":74}},"21":{"start":{"line":38,"column":4},"end":{"line":40,"column":null}},"22":{"start":{"line":39,"column":6},"end":{"line":39,"column":76}},"23":{"start":{"line":42,"column":23},"end":{"line":49,"column":6}},"24":{"start":{"line":51,"column":4},"end":{"line":51,"column":28}},"25":{"start":{"line":53,"column":4},"end":{"line":53,"column":68}},"26":{"start":{"line":55,"column":4},"end":{"line":55,"column":46}},"27":{"start":{"line":154,"column":2},"end":{"line":154,"column":15}},"28":{"start":{"line":59,"column":22},"end":{"line":72,"column":2}},"29":{"start":{"line":59,"column":76},"end":{"line":72,"column":2}},"30":{"start":{"line":60,"column":2},"end":{"line":71,"column":null}},"31":{"start":{"line":61,"column":17},"end":{"line":61,"column":52}},"32":{"start":{"line":62,"column":22},"end":{"line":62,"column":39}},"33":{"start":{"line":63,"column":4},"end":{"line":67,"column":null}},"34":{"start":{"line":64,"column":6},"end":{"line":66,"column":49}},"35":{"start":{"line":68,"column":4},"end":{"line":68,"column":40}},"36":{"start":{"line":70,"column":4},"end":{"line":70,"column":39}},"37":{"start":{"line":155,"column":2},"end":{"line":155,"column":15}},"38":{"start":{"line":74,"column":22},"end":{"line":87,"column":2}},"39":{"start":{"line":74,"column":76},"end":{"line":87,"column":2}},"40":{"start":{"line":75,"column":13},"end":{"line":75,"column":34}},"41":{"start":{"line":76,"column":2},"end":{"line":86,"column":null}},"42":{"start":{"line":77,"column":17},"end":{"line":77,"column":52}},"43":{"start":{"line":78,"column":20},"end":{"line":78,"column":57}},"44":{"start":{"line":80,"column":4},"end":{"line":82,"column":null}},"45":{"start":{"line":81,"column":6},"end":{"line":81,"column":69}},"46":{"start":{"line":83,"column":4},"end":{"line":83,"column":40}},"47":{"start":{"line":85,"column":4},"end":{"line":85,"column":64}},"48":{"start":{"line":156,"column":2},"end":{"line":156,"column":15}},"49":{"start":{"line":89,"column":22},"end":{"line":133,"column":2}},"50":{"start":{"line":89,"column":76},"end":{"line":133,"column":2}},"51":{"start":{"line":90,"column":13},"end":{"line":90,"column":34}},"52":{"start":{"line":99,"column":6},"end":{"line":99,"column":14}},"53":{"start":{"line":100,"column":2},"end":{"line":132,"column":null}},"54":{"start":{"line":101,"column":17},"end":{"line":101,"column":52}},"55":{"start":{"line":102,"column":18},"end":{"line":102,"column":52}},"56":{"start":{"line":103,"column":20},"end":{"line":103,"column":57}},"57":{"start":{"line":105,"column":4},"end":{"line":107,"column":null}},"58":{"start":{"line":106,"column":6},"end":{"line":106,"column":78}},"59":{"start":{"line":109,"column":4},"end":{"line":113,"column":null}},"60":{"start":{"line":110,"column":6},"end":{"line":112,"column":null}},"61":{"start":{"line":111,"column":8},"end":{"line":111,"column":57}},"62":{"start":{"line":115,"column":19},"end":{"line":115,"column":68}},"63":{"start":{"line":116,"column":4},"end":{"line":118,"column":null}},"64":{"start":{"line":117,"column":6},"end":{"line":117,"column":78}},"65":{"start":{"line":120,"column":4},"end":{"line":120,"column":68}},"66":{"start":{"line":121,"column":4},"end":{"line":121,"column":61}},"67":{"start":{"line":122,"column":4},"end":{"line":122,"column":61}},"68":{"start":{"line":123,"column":4},"end":{"line":123,"column":70}},"69":{"start":{"line":125,"column":4},"end":{"line":125,"column":49}},"70":{"start":{"line":126,"column":4},"end":{"line":126,"column":70}},"71":{"start":{"line":127,"column":4},"end":{"line":127,"column":25}},"72":{"start":{"line":129,"column":4},"end":{"line":129,"column":40}},"73":{"start":{"line":131,"column":4},"end":{"line":131,"column":64}},"74":{"start":{"line":157,"column":2},"end":{"line":157,"column":15}},"75":{"start":{"line":135,"column":22},"end":{"line":151,"column":2}},"76":{"start":{"line":135,"column":76},"end":{"line":151,"column":2}},"77":{"start":{"line":136,"column":13},"end":{"line":136,"column":34}},"78":{"start":{"line":137,"column":2},"end":{"line":150,"column":null}},"79":{"start":{"line":138,"column":17},"end":{"line":138,"column":52}},"80":{"start":{"line":139,"column":20},"end":{"line":139,"column":57}},"81":{"start":{"line":141,"column":4},"end":{"line":143,"column":null}},"82":{"start":{"line":142,"column":6},"end":{"line":142,"column":69}},"83":{"start":{"line":144,"column":4},"end":{"line":144,"column":31}},"84":{"start":{"line":145,"column":4},"end":{"line":145,"column":25}},"85":{"start":{"line":147,"column":4},"end":{"line":147,"column":44}},"86":{"start":{"line":149,"column":4},"end":{"line":149,"column":64}},"87":{"start":{"line":158,"column":2},"end":{"line":158,"column":15}}},"fnMap":{"0":{"name":"(anonymous_8)","decl":{"start":{"line":10,"column":37},"end":{"line":10,"column":38}},"loc":{"start":{"line":10,"column":45},"end":{"line":13,"column":1}}},"1":{"name":"(anonymous_9)","decl":{"start":{"line":15,"column":22},"end":{"line":15,"column":29}},"loc":{"start":{"line":15,"column":64},"end":{"line":57,"column":2}}},"2":{"name":"(anonymous_10)","decl":{"start":{"line":15,"column":64},"end":{"line":15,"column":null}},"loc":{"start":{"line":15,"column":64},"end":{"line":57,"column":1}}},"3":{"name":"(anonymous_11)","decl":{"start":{"line":59,"column":22},"end":{"line":59,"column":29}},"loc":{"start":{"line":59,"column":76},"end":{"line":72,"column":2}}},"4":{"name":"(anonymous_12)","decl":{"start":{"line":59,"column":76},"end":{"line":59,"column":null}},"loc":{"start":{"line":59,"column":76},"end":{"line":72,"column":1}}},"5":{"name":"(anonymous_13)","decl":{"start":{"line":74,"column":22},"end":{"line":74,"column":29}},"loc":{"start":{"line":74,"column":76},"end":{"line":87,"column":2}}},"6":{"name":"(anonymous_14)","decl":{"start":{"line":74,"column":76},"end":{"line":74,"column":null}},"loc":{"start":{"line":74,"column":76},"end":{"line":87,"column":1}}},"7":{"name":"(anonymous_15)","decl":{"start":{"line":89,"column":22},"end":{"line":89,"column":29}},"loc":{"start":{"line":89,"column":76},"end":{"line":133,"column":2}}},"8":{"name":"(anonymous_16)","decl":{"start":{"line":89,"column":76},"end":{"line":89,"column":null}},"loc":{"start":{"line":89,"column":76},"end":{"line":133,"column":1}}},"9":{"name":"(anonymous_17)","decl":{"start":{"line":135,"column":22},"end":{"line":135,"column":29}},"loc":{"start":{"line":135,"column":76},"end":{"line":151,"column":2}}},"10":{"name":"(anonymous_18)","decl":{"start":{"line":135,"column":76},"end":{"line":135,"column":null}},"loc":{"start":{"line":135,"column":76},"end":{"line":151,"column":1}}}},"branchMap":{"0":{"loc":{"start":{"line":19,"column":2},"end":{"line":23,"column":null}},"type":"if","locations":[{"start":{"line":19,"column":2},"end":{"line":23,"column":null}}]},"1":{"loc":{"start":{"line":34,"column":4},"end":{"line":36,"column":null}},"type":"if","locations":[{"start":{"line":34,"column":4},"end":{"line":36,"column":null}}]},"2":{"loc":{"start":{"line":38,"column":4},"end":{"line":40,"column":null}},"type":"if","locations":[{"start":{"line":38,"column":4},"end":{"line":40,"column":null}}]},"3":{"loc":{"start":{"line":63,"column":4},"end":{"line":67,"column":null}},"type":"if","locations":[{"start":{"line":63,"column":4},"end":{"line":67,"column":null}}]},"4":{"loc":{"start":{"line":80,"column":4},"end":{"line":82,"column":null}},"type":"if","locations":[{"start":{"line":80,"column":4},"end":{"line":82,"column":null}}]},"5":{"loc":{"start":{"line":105,"column":4},"end":{"line":107,"column":null}},"type":"if","locations":[{"start":{"line":105,"column":4},"end":{"line":107,"column":null}}]},"6":{"loc":{"start":{"line":109,"column":4},"end":{"line":113,"column":null}},"type":"if","locations":[{"start":{"line":109,"column":4},"end":{"line":113,"column":null}}]},"7":{"loc":{"start":{"line":110,"column":6},"end":{"line":112,"column":null}},"type":"if","locations":[{"start":{"line":110,"column":6},"end":{"line":112,"column":null}}]},"8":{"loc":{"start":{"line":116,"column":4},"end":{"line":118,"column":null}},"type":"if","locations":[{"start":{"line":116,"column":4},"end":{"line":118,"column":null}}]},"9":{"loc":{"start":{"line":120,"column":32},"end":{"line":120,"column":67}},"type":"binary-expr","locations":[{"start":{"line":120,"column":32},"end":{"line":120,"column":38}},{"start":{"line":120,"column":42},"end":{"line":120,"column":67}}]},"10":{"loc":{"start":{"line":121,"column":26},"end":{"line":121,"column":60}},"type":"binary-expr","locations":[{"start":{"line":121,"column":26},"end":{"line":121,"column":37}},{"start":{"line":121,"column":41},"end":{"line":121,"column":60}}]},"11":{"loc":{"start":{"line":122,"column":26},"end":{"line":122,"column":60}},"type":"binary-expr","locations":[{"start":{"line":122,"column":26},"end":{"line":122,"column":37}},{"start":{"line":122,"column":41},"end":{"line":122,"column":60}}]},"12":{"loc":{"start":{"line":123,"column":29},"end":{"line":123,"column":69}},"type":"binary-expr","locations":[{"start":{"line":123,"column":29},"end":{"line":123,"column":43}},{"start":{"line":123,"column":47},"end":{"line":123,"column":69}}]},"13":{"loc":{"start":{"line":125,"column":22},"end":{"line":125,"column":48}},"type":"binary-expr","locations":[{"start":{"line":125,"column":22},"end":{"line":125,"column":29}},{"start":{"line":125,"column":33},"end":{"line":125,"column":48}}]},"14":{"loc":{"start":{"line":126,"column":29},"end":{"line":126,"column":69}},"type":"binary-expr","locations":[{"start":{"line":126,"column":29},"end":{"line":126,"column":43}},{"start":{"line":126,"column":47},"end":{"line":126,"column":69}}]},"15":{"loc":{"start":{"line":141,"column":4},"end":{"line":143,"column":null}},"type":"if","locations":[{"start":{"line":141,"column":4},"end":{"line":143,"column":null}}]}},"s":{"0":13,"1":13,"2":13,"3":13,"4":13,"5":13,"6":6,"7":13,"8":0,"9":0,"10":0,"11":0,"12":0,"13":0,"14":0,"15":0,
[...]
e":434,"column":8},"end":{"line":436,"column":11}},"71":{"start":{"line":437,"column":8},"end":{"line":439,"column":11}},"72":{"start":{"line":440,"column":8},"end":{"line":442,"column":11}},"73":{"start":{"line":443,"column":8},"end":{"line":445,"column":11}},"74":{"start":{"line":446,"column":8},"end":{"line":448,"column":11}},"75":{"start":{"line":449,"column":8},"end":{"line":451,"column":11}},"76":{"start":{"line":452,"column":8},"end":{"line":454,"column":11}},"77":{"start":{"line":455,"column":8},"end":{"line":457,"column":11}},"78":{"start":{"line":458,"column":8},"end":{"line":460,"column":11}},"79":{"start":{"line":461,"column":8},"end":{"line":463,"column":11}},"80":{"start":{"line":464,"column":8},"end":{"line":466,"column":11}},"81":{"start":{"line":467,"column":8},"end":{"line":469,"column":11}},"82":{"start":{"line":470,"column":8},"end":{"line":472,"column":11}},"83":{"start":{"line":473,"column":8},"end":{"line":475,"column":11}},"84":{"start":{"line":476,"column":8},"end":{"line":478,"column":11}},"85":{"start":{"line":479,"column":8},"end":{"line":481,"column":11}},"86":{"start":{"line":482,"column":8},"end":{"line":484,"column":11}},"87":{"start":{"line":485,"column":8},"end":{"line":487,"column":11}},"88":{"start":{"line":488,"column":8},"end":{"line":490,"column":11}},"89":{"start":{"line":491,"column":8},"end":{"line":493,"column":11}},"90":{"start":{"line":494,"column":8},"end":{"line":496,"column":11}},"91":{"start":{"line":497,"column":8},"end":{"line":499,"column":11}},"92":{"start":{"line":500,"column":8},"end":{"line":502,"column":11}},"93":{"start":{"line":503,"column":8},"end":{"line":505,"column":11}},"94":{"start":{"line":506,"column":8},"end":{"line":508,"column":11}},"95":{"start":{"line":509,"column":8},"end":{"line":511,"column":11}},"96":{"start":{"line":512,"column":8},"end":{"line":514,"column":11}},"97":{"start":{"line":515,"column":8},"end":{"line":517,"column":11}},"98":{"start":{"line":518,"column":8},"end":{"line":520,"column":11}},"99":{"start":{"line":521,"column":8},"end":{"line":523,"column":11}},"100":{"start":{"line":524,"column":8},"end":{"line":526,"column":11}},"101":{"start":{"line":527,"column":8},"end":{"line":529,"column":11}},"102":{"start":{"line":530,"column":8},"end":{"line":532,"column":11}},"103":{"start":{"line":533,"column":8},"end":{"line":535,"column":11}},"104":{"start":{"line":536,"column":8},"end":{"line":538,"column":11}},"105":{"start":{"line":539,"column":8},"end":{"line":541,"column":11}},"106":{"start":{"line":542,"column":8},"end":{"line":544,"column":11}},"107":{"start":{"line":3,"column":0},"end":{"line":3,"column":13}}},"fnMap":{"0":{"name":"(anonymous_7)","decl":{"start":{"line":3,"column":0},"end":{"line":3,"column":13}},"loc":{"start":{"line":3,"column":0},"end":{"line":547,"column":1}}},"1":{"name":"(anonymous_8)","decl":{"start":{"line":6,"column":17},"end":{"line":6,"column":19}},"loc":{"start":{"line":6,"column":44},"end":{"line":383,"column":null}}},"2":{"name":"(anonymous_10)","decl":{"start":{"line":385,"column":17},"end":{"line":385,"column":21}},"loc":{"start":{"line":385,"column":46},"end":{"line":545,"column":null}}}},"branchMap":{},"s":{"0":13,"1":0,"2":0,"3":0,"4":0,"5":0,"6":0,"7":0,"8":0,"9":0,"10":0,"11":0,"12":0,"13":0,"14":0,"15":0,"16":0,"17":0,"18":0,"19":0,"20":0,"21":0,"22":0,"23":0,"24":0,"25":0,"26":0,"27":0,"28":0,"29":0,"30":0,"31":0,"32":0,"33":0,"34":0,"35":0,"36":0,"37":0,"38":0,"39":0,"40":0,"41":0,"42":0,"43":0,"44":0,"45":0,"46":0,"47":0,"48":0,"49":0,"50":0,"51":0,"52":0,"53":0,"54":0,"55":0,"56":0,"57":0,"58":0,"59":0,"60":0,"61":0,"62":0,"63":0,"64":0,"65":0,"66":0,"67":0,"68":0,"69":0,"70":0,"71":0,"72":0,"73":0,"74":0,"75":0,"76":0,"77":0,"78":0,"79":0,"80":0,"81":0,"82":0,"83":0,"84":0,"85":0,"86":0,"87":0,"88":0,"89":0,"90":0,"91":0,"92":0,"93":0,"94":0,"95":0,"96":0,"97":0,"98":0,"99":0,"100":0,"101":0,"102":0,"103":0,"104":0,"105":0,"106":0,"107":13},"f":{"0":13,"1":0,"2":0},"b":{}}
,"C:\\Users\\hp\\Downloads\\Compressed\\sfa-backend\\src\\routes\\agentRouter.ts": {"path":"C:\\Users\\hp\\Downloads\\Compressed\\sfa-backend\\src\\routes\\agentRouter.ts","statementMap":{"0":{"start":{"line":1,"column":0},"end":{"line":1,"column":33}},"1":{"start":{"line":2,"column":0},"end":{"line":2,"column":59}},"2":{"start":{"line":4,"column":0},"end":{"line":4,"column":57}},"3":{"start":{"line":5,"column":0},"end":{"line":5,"column":null}},"4":{"start":{"line":12,"column":0},"end":{"line":12,"column":86}},"5":{"start":{"line":14,"column":15},"end":{"line":14,"column":23}},"6":{"start":{"line":23,"column":0},"end":{"line":29,"column":2}},"7":{"start":{"line":38,"column":0},"end":{"line":38,"column":46}},"8":{"start":{"line":47,"column":0},"end":{"line":47,"column":46}},"9":{"start":{"line":56,"column":0},"end":{"line":56,"column":51}},"10":{"start":{"line":65,"column":0},"end":{"line":65,"column":52}},"11":{"start":{"line":67,"column":0},"end":{"line":67,"column":22}}},"fnMap":{},"branchMap":{},"s":{"0":13,"1":13,"2":13,"3":13,"4":13,"5":13,"6":13,"7":13,"8":13,"9":13,"10":13,"11":13},"f":{},"b":{}}
,"C:\\Users\\hp\\Downloads\\Compressed\\sfa-backend\\src\\routes\\channelRouter.ts": {"path":"C:\\Users\\hp\\Downloads\\Compressed\\sfa-backend\\src\\routes\\channelRouter.ts","statementMap":{"0":{"start":{"line":1,"column":0},"end":{"line":1,"column":33}},"1":{"start":{"line":2,"column":0},"end":{"line":2,"column":null}},"2":{"start":{"line":10,"column":0},"end":{"line":10,"column":58}},"3":{"start":{"line":11,"column":0},"end":{"line":11,"column":57}},"4":{"start":{"line":12,"column":0},"end":{"line":12,"column":86}},"5":{"start":{"line":15,"column":15},"end":{"line":15,"column":23}},"6":{"start":{"line":25,"column":0},"end":{"line":25,"column":85}},"7":{"start":{"line":35,"column":0},"end":{"line":35,"column":48}},"8":{"start":{"line":45,"column":0},"end":{"line":45,"column":51}},"9":{"start":{"line":55,"column":0},"end":{"line":55,"column":53}},"10":{"start":{"line":65,"column":0},"end":{"line":65,"column":54}},"11":{"start":{"line":67,"column":0},"end":{"line":67,"column":22}}},"fnMap":{},"branchMap":{},"s":{"0":13,"1":13,"2":13,"3":13,"4":13,"5":13,"6":13,"7":13,"8":13,"9":13,"10":13,"11":13},"f":{},"b":{}}
,"C:\\Users\\hp\\Downloads\\Compressed\\sfa-backend\\src\\routes\\cityRouter.ts": {"path":"C:\\Users\\hp\\Downloads\\Compressed\\sfa-backend\\src\\routes\\cityRouter.ts","statementMap":{"0":{"start":{"line":1,"column":0},"end":{"line":1,"column":33}},"1":{"start":{"line":2,"column":0},"end":{"line":2,"column":null}},"2":{"start":{"line":9,"column":0},"end":{"line":9,"column":58}},"3":{"start":{"line":10,"column":0},"end":{"line":10,"column":57}},"4":{"start":{"line":11,"column":0},"end":{"line":11,"column":86}},"5":{"start":{"line":13,"column":15},"end":{"line":13,"column":23}},"6":{"start":{"line":22,"column":0},"end":{"line":28,"column":2}},"7":{"start":{"line":37,"column":0},"end":{"line":37,"column":45}},"8":{"start":{"line":46,"column":0},"end":{"line":46,"column":48}},"9":{"start":{"line":55,"column":0},"end":{"line":55,"column":50}},"10":{"start":{"line":64,"column":0},"end":{"line":64,"column":51}},"11":{"start":{"line":66,"column":0},"end":{"line":66,"column":22}}},"fnMap":{},"branchMap":{},"s":{"0":13,"1":13,"2":13,"3":13,"4":13,"5":13,"6":13,"7":13,"8":13,"9":13,"10":13,"11":13},"f":{},"b":{}}
,"C:\\Users\\hp\\Downloads\\Compressed\\sfa-backend\\src\\routes\\companyRouter.ts": {"path":"C:\\Users\\hp\\Downloads\\Compressed\\sfa-backend\\src\\routes\\companyRouter.ts","statementMap":{"0":{"start":{"line":1,"column":0},"end":{"line":1,"column":33}},"1":{"start":{"line":3,"column":0},"end":{"line":3,"column":null}},"2":{"start":{"line":10,"column":0},"end":{"line":10,"column":61}},"3":{"start":{"line":11,"column":0},"end":{"line":11,"column":57}},"4":{"start":{"line":12,"column":0},"end":{"line":12,"column":86}},"5":{"start":{"line":14,"column":15},"end":{"line":14,"column":23}},"6":{"start":{"line":23,"column":0},"end":{"line":29,"column":2}},"7":{"start":{"line":38,"column":0},"end":{"line":38,"column":48}},"8":{"start":{"line":47,"column":0},"end":{"line":47,"column":51}},"9":{"start":{"line":56,"column":0},"end":{"line":56,"column":53}},"10":{"start":{"line":65,"column":0},"end":{"line":65,"column":54}},"11":{"start":{"line":67,"column":0},"end":{"line":67,"column":22}}},"fnMap":{},"branchMap":{},"s":{"0":13,"1":13,"2":13,"3":13,"4":13,"5":13,"6":13,"7":13,"8":13,"9":13,"10":13,"11":13},"f":{},"b":{}}
,"C:\\Users\\hp\\Downloads\\Compressed\\sfa-backend\\src\\routes\\invoiceRouter.ts": {"path":"C:\\Users\\hp\\Downloads\\Compressed\\sfa-backend\\src\\routes\\invoiceRouter.ts","statementMap":{"0":{"start":{"line":1,"column":0},"end":{"line":1,"column":33}},"1":{"start":{"line":2,"column":0},"end":{"line":2,"column":null}},"2":{"start":{"line":9,"column":0},"end":{"line":9,"column":57}},"3":{"start":{"line":11,"column":0},"end":{"line":11,"column":58}},"4":{"start":{"line":12,"column":0},"end":{"line":12,"column":86}},"5":{"start":{"line":14,"column":15},"end":{"line":14,"column":23}},"6":{"start":{"line":23,"column":0},"end":{"line":23,"column":85}},"7":{"start":{"line":32,"column":0},"end":{"line":32,"column":48}},"8":{"start":{"line":41,"column":0},"end":{"line":41,"column":51}},"9":{"start":{"line":50,"column":0},"end":{"line":50,"column":53}},"10":{"start":{"line":59,"column":0},"end":{"line":59,"column":54}},"11":{"start":{"line":61,"column":0},"end":{"line":61,"column":22}}},"fnMap":{},"branchMap":{},"s":{"0":13,"1":13,"2":13,"3":13,"4":13,"5":13,"6":13,"7":13,"8":13,"9":13,"10":13,"11":13},"f":{},"b":{}}
,"C:\\Users\\hp\\Downloads\\Compressed\\sfa-backend\\src\\routes\\materialRouter.ts": {"path":"C:\\Users\\hp\\Downloads\\Compressed\\sfa-backend\\src\\routes\\materialRouter.ts","statementMap":{"0":{"start":{"line":1,"column":0},"end":{"line":1,"column":33}},"1":{"start":{"line":3,"column":0},"end":{"line":3,"column":null}},"2":{"start":{"line":10,"column":0},"end":{"line":10,"column":62}},"3":{"start":{"line":11,"column":0},"end":{"line":11,"column":57}},"4":{"start":{"line":12,"column":0},"end":{"line":12,"column":86}},"5":{"start":{"line":14,"column":15},"end":{"line":14,"column":23}},"6":{"start":{"line":23,"column":0},"end":{"line":23,"column":87}},"7":{"start":{"line":32,"column":0},"end":{"line":32,"column":48}},"8":{"start":{"line":41,"column":0},"end":{"line":41,"column":52}},"9":{"start":{"line":50,"column":0},"end":{"line":50,"column":54}},"10":{"start":{"line":59,"column":0},"end":{"line":59,"column":54}},"11":{"start":{"line":61,"column":0},"end":{"line":61,"column":22}}},"fnMap":{},"branchMap":{},"s":{"0":13,"1":13,"2":13,"3":13,"4":13,"5":13,"6":13,"7":13,"8":13,"9":13,"10":13,"11":13},"f":{},"b":{}}
,"C:\\Users\\hp\\Downloads\\Compressed\\sfa-backend\\src\\routes\\nationRouter.ts": {"path":"C:\\Users\\hp\\Downloads\\Compressed\\sfa-backend\\src\\routes\\nationRouter.ts","statementMap":{"0":{"start":{"line":1,"column":0},"end":{"line":1,"column":33}},"1":{"start":{"line":2,"column":0},"end":{"line":2,"column":null}},"2":{"start":{"line":10,"column":0},"end":{"line":10,"column":57}},"3":{"start":{"line":11,"column":0},"end":{"line":11,"column":62}},"4":{"start":{"line":12,"column":0},"end":{"line":12,"column":86}},"5":{"start":{"line":14,"column":15},"end":{"line":14,"column":23}},"6":{"start":{"line":24,"column":0},"end":{"line":30,"column":2}},"7":{"start":{"line":39,"column":0},"end":{"line":39,"column":47}},"8":{"start":{"line":48,"column":0},"end":{"line":48,"column":50}},"9":{"start":{"line":57,"column":0},"end":{"line":57,"column":54}},"10":{"start":{"line":66,"column":0},"end":{"line":66,"column":53}},"11":{"start":{"line":68,"column":0},"end":{"line":68,"column":22}}},"fnMap":{},"branchMap":{},"s":{"0":13,"1":13,"2":13,"3":13,"4":13,"5":13,"6":13,"7":13,"8":13,"9":13,"10":13,"11":13},"f":{},"b":{}}
,"C:\\Users\\hp\\Downloads\\Compressed\\sfa-backend\\src\\routes\\outletRouter.ts": {"path":"C:\\Users\\hp\\Downloads\\Compressed\\sfa-backend\\src\\routes\\outletRouter.ts","statementMap":{"0":{"start":{"line":1,"column":0},"end":{"line":1,"column":33}},"1":{"start":{"line":2,"column":0},"end":{"line":2,"column":null}},"2":{"start":{"line":10,"column":0},"end":{"line":10,"column":60}},"3":{"start":{"line":12,"column":0},"end":{"line":12,"column":57}},"4":{"start":{"line":13,"column":0},"end":{"line":13,"column":86}},"5":{"start":{"line":15,"column":15},"end":{"line":15,"column":23}},"6":{"start":{"line":24,"column":0},"end":{"line":30,"column":2}},"7":{"start":{"line":39,"column":0},"end":{"line":39,"column":51}},"8":{"start":{"line":48,"column":0},"end":{"line":48,"column":67}},"9":{"start":{"line":57,"column":0},"end":{"line":57,"column":50}},"10":{"start":{"line":66,"column":0},"end":{"line":66,"column":52}},"11":{"start":{"line":75,"column":0},"end":{"line":75,"column":53}},"12":{"start":{"line":77,"column":0},"end":{"line":77,"column":22}}},"fnMap":{},"branchMap":{},"s":{"0":13,"1":13,"2":13,"3":13,"4":13,"5":13,"6":13,"7":13,"8":13,"9":13,"10":13,"11":13,"12":13},"f":{},"b":{}}
,"C:\\Users\\hp\\Downloads\\Compressed\\sfa-backend\\src\\routes\\regionRouter.ts": {"path":"C:\\Users\\hp\\Downloads\\Compressed\\sfa-backend\\src\\routes\\regionRouter.ts","statementMap":{"0":{"start":{"line":1,"column":0},"end":{"line":1,"column":33}},"1":{"start":{"line":2,"column":0},"end":{"line":2,"column":57}},"2":{"start":{"line":3,"column":0},"end":{"line":3,"column":null}},"3":{"start":{"line":10,"column":0},"end":{"line":10,"column":60}},"4":{"start":{"line":11,"column":0},"end":{"line":11,"column":86}},"5":{"start":{"line":13,"column":15},"end":{"line":13,"column":23}},"6":{"start":{"line":22,"column":0},"end":{"line":22,"column":83}},"7":{"start":{"line":31,"column":0},"end":{"line":31,"column":41}},"8":{"start":{"line":40,"column":0},"end":{"line":40,"column":50}},"9":{"start":{"line":49,"column":0},"end":{"line":49,"column":52}},"10":{"start":{"line":58,"column":0},"end":{"line":58,"column":53}},"11":{"start":{"line":60,"column":0},"end":{"line":60,"column":22}}},"fnMap":{},"branchMap":{},"s":{"0":13,"1":13,"2":13,"3":13,"4":13,"5":13,"6":13,"7":13,"8":13,"9":13,"10":13,"11":13},"f":{},"b":{}}
,"C:\\Users\\hp\\Downloads\\Compressed\\sfa-backend\\src\\routes\\routeMarketRouter.ts": {"path":"C:\\Users\\hp\\Downloads\\Compressed\\sfa-backend\\src\\routes\\routeMarketRouter.ts","statementMap":{"0":{"start":{"line":1,"column":0},"end":{"line":1,"column":33}},"1":{"start":{"line":2,"column":0},"end":{"line":2,"column":59}},"2":{"start":{"line":3,"column":0},"end":{"line":3,"column":null}},"3":{"start":{"line":10,"column":0},"end":{"line":10,"column":57}},"4":{"start":{"line":11,"column":0},"end":{"line":11,"column":86}},"5":{"start":{"line":13,"column":15},"end":{"line":13,"column":23}},"6":{"start":{"line":22,"column":0},"end":{"line":28,"column":2}},"7":{"start":{"line":37,"column":0},"end":{"line":37,"column":41}},"8":{"start":{"line":46,"column":0},"end":{"line":46,"column":44}},"9":{"start":{"line":55,"column":0},"end":{"line":55,"column":57}},"10":{"start":{"line":64,"column":0},"end":{"line":64,"column":47}},"11":{"start":{"line":66,"column":0},"end":{"line":66,"column":22}}},"fnMap":{},"branchMap":{},"s":{"0":13,"1":13,"2":13,"3":13,"4":13,"5":13,"6":13,"7":13,"8":13,"9":13,"10":13,"11":13},"f":{},"b":{}}
,"C:\\Users\\hp\\Downloads\\Compressed\\sfa-backend\\src\\routes\\routeRouter.ts": {"path":"C:\\Users\\hp\\Downloads\\Compressed\\sfa-backend\\src\\routes\\routeRouter.ts","statementMap":{"0":{"start":{"line":1,"column":0},"end":{"line":1,"column":33}},"1":{"start":{"line":3,"column":0},"end":{"line":3,"column":56}},"2":{"start":{"line":5,"column":0},"end":{"line":5,"column":null}},"3":{"start":{"line":13,"column":0},"end":{"line":13,"column":57}},"4":{"start":{"line":14,"column":0},"end":{"line":14,"column":86}},"5":{"start":{"line":16,"column":15},"end":{"line":16,"column":23}},"6":{"start":{"line":25,"column":0},"end":{"line":25,"column":76}},"7":{"start":{"line":34,"column":0},"end":{"line":34,"column":49}},"8":{"start":{"line":43,"column":0},"end":{"line":43,"column":41}},"9":{"start":{"line":52,"column":0},"end":{"line":52,"column":44}},"10":{"start":{"line":61,"column":0},"end":{"line":61,"column":46}},"11":{"start":{"line":70,"column":0},"end":{"line":70,"column":47}},"12":{"start":{"line":72,"column":0},"end":{"line":72,"column":22}}},"fnMap":{},"branchMap":{},"s":{"0":13,"1":13,"2":13,"3":13,"4":13,"5":13,"6":13,"7":13,"8":13,"9":13,"10":13,"11":13,"12":13},"f":{},"b":{}}
,"C:\\Users\\hp\\Downloads\\Compressed\\sfa-backend\\src\\routes\\territoryRouter.ts": {"path":"C:\\Users\\hp\\Downloads\\Compressed\\sfa-backend\\src\\routes\\territoryRouter.ts","statementMap":{"0":{"start":{"line":1,"column":0},"end":{"line":1,"column":33}},"1":{"start":{"line":3,"column":0},"end":{"line":3,"column":60}},"2":{"start":{"line":4,"column":0},"end":{"line":4,"column":null}},"3":{"start":{"line":11,"column":0},"end":{"line":11,"column":57}},"4":{"start":{"line":12,"column":0},"end":{"line":12,"column":86}},"5":{"start":{"line":14,"column":15},"end":{"line":14,"column":23}},"6":{"start":{"line":23,"column":0},"end":{"line":23,"column":89}},"7":{"start":{"line":32,"column":0},"end":{"line":32,"column":52}},"8":{"start":{"line":41,"column":0},"end":{"line":41,"column":53}},"9":{"start":{"line":50,"column":0},"end":{"line":50,"column":55}},"10":{"start":{"line":58,"column":0},"end":{"line":58,"column":56}},"11":{"start":{"line":60,"column":0},"end":{"line":60,"column":22}}},"fnMap":{},"branchMap":{},"s":{"0":13,"1":13,"2":13,"3":13,"4":13,"5":13,"6":13,"7":13,"8":13,"9":13,"10":13,"11":13},"f":{},"b":{}}
,"C:\\Users\\hp\\Downloads\\Compressed\\sfa-backend\\src\\routes\\truckRouter.ts": {"path":"C:\\Users\\hp\\Downloads\\Compressed\\sfa-backend\\src\\routes\\truckRouter.ts","statementMap":{"0":{"start":{"line":1,"column":0},"end":{"line":1,"column":33}},"1":{"start":{"line":3,"column":0},"end":{"line":3,"column":56}},"2":{"start":{"line":4,"column":0},"end":{"line":4,"column":86}},"3":{"start":{"line":6,"column":0},"end":{"line":6,"column":null}},"4":{"start":{"line":13,"column":0},"end":{"line":13,"column":57}},"5":{"start":{"line":15,"column":15},"end":{"line":15,"column":23}},"6":{"start":{"line":24,"column":0},"end":{"line":24,"column":81}},"7":{"start":{"line":34,"column":0},"end":{"line":34,"column":46}},"8":{"start":{"line":44,"column":0},"end":{"line":44,"column":45}},"9":{"start":{"line":53,"column":0},"end":{"line":53,"column":51}},"10":{"start":{"line":62,"column":0},"end":{"line":62,"column":52}},"11":{"start":{"line":64,"column":0},"end":{"line":64,"column":22}}},"fnMap":{},"branchMap":{},"s":{"0":13,"1":13,"2":13,"3":13,"4":13,"5":13,"6":13,"7":13,"8":13,"9":13,"10":13,"11":13},"f":{},"b":{}}
,"C:\\Users\\hp\\Downloads\\Compressed\\sfa-backend\\src\\routes\\userRouter.ts": {"path":"C:\\Users\\hp\\Downloads\\Compressed\\sfa-backend\\src\\routes\\userRouter.ts","statementMap":{"0":{"start":{"line":1,"column":0},"end":{"line":1,"column":33}},"1":{"start":{"line":2,"column":0},"end":{"line":2,"column":null}},"2":{"start":{"line":11,"column":0},"end":{"line":11,"column":64}},"3":{"start":{"line":12,"column":0},"end":{"line":12,"column":86}},"4":{"start":{"line":14,"column":15},"end":{"line":14,"column":23}},"5":{"start":{"line":23,"column":0},"end":{"line":23,"column":28}},"6":{"start":{"line":32,"column":0},"end":{"line":32,"column":28}},"7":{"start":{"line":43,"column":0},"end":{"line":43,"column":70}},"8":{"start":{"line":53,"column":0},"end":{"line":53,"column":33}},"9":{"start":{"line":64,"column":0},"end":{"line":64,"column":34}},"10":{"start":{"line":75,"column":0},"end":{"line":75,"column":29}},"11":{"start":{"line":86,"column":0},"end":{"line":86,"column":48}},"12":{"start":{"line":88,"column":0},"end":{"line":88,"column":22}}},"fnMap":{},"branchMap":{},"s":{"0":13,"1":13,"2":13,"3":13,"4":13,"5":13,"6":13,"7":13,"8":13,"9":13,"10":13,"11":13,"12":13},"f":{},"b":{}}
}
