{"D:\\@work\\orm-tdd\\src\\app.ts": {"path":"D:\\@work\\orm-tdd\\src\\app.ts","statementMap":{"0":{"start":{"line":1,"column":0},"end":{"line":1,"column":53}},"1":{"start":{"line":2,"column":0},"end":{"line":2,"column":26}},"2":{"start":{"line":5,"column":0},"end":{"line":5,"column":45}},"3":{"start":{"line":6,"column":0},"end":{"line":6,"column":49}},"4":{"start":{"line":7,"column":0},"end":{"line":7,"column":52}},"5":{"start":{"line":8,"column":0},"end":{"line":8,"column":49}},"6":{"start":{"line":9,"column":0},"end":{"line":9,"column":55}},"7":{"start":{"line":10,"column":0},"end":{"line":10,"column":47}},"8":{"start":{"line":11,"column":0},"end":{"line":11,"column":47}},"9":{"start":{"line":12,"column":0},"end":{"line":12,"column":45}},"10":{"start":{"line":13,"column":0},"end":{"line":13,"column":49}},"11":{"start":{"line":14,"column":0},"end":{"line":14,"column":54}},"12":{"start":{"line":15,"column":12},"end":{"line":15,"column":21}},"13":{"start":{"line":16,"column":0},"end":{"line":16,"column":24}},"14":{"start":{"line":19,"column":0},"end":{"line":19,"column":39}},"15":{"start":{"line":20,"column":0},"end":{"line":20,"column":43}},"16":{"start":{"line":21,"column":0},"end":{"line":21,"column":46}},"17":{"start":{"line":22,"column":0},"end":{"line":22,"column":43}},"18":{"start":{"line":23,"column":0},"end":{"line":23,"column":50}},"19":{"start":{"line":24,"column":0},"end":{"line":24,"column":41}},"20":{"start":{"line":25,"column":0},"end":{"line":25,"column":41}},"21":{"start":{"line":26,"column":0},"end":{"line":26,"column":40}},"22":{"start":{"line":27,"column":0},"end":{"line":27,"column":43}},"23":{"start":{"line":28,"column":0},"end":{"line":28,"column":47}},"24":{"start":{"line":30,"column":21},"end":{"line":30,"column":45}},"25":{"start":{"line":31,"column":18},"end":{"line":31,"column":47}},"26":{"start":{"line":32,"column":26},"end":{"line":50,"column":4}},"27":{"start":{"line":52,"column":16},"end":{"line":56,"column":2}},"28":{"start":{"line":58,"column":20},"end":{"line":58,"column":41}},"29":{"start":{"line":59,"column":0},"end":{"line":59,"column":64}},"30":{"start":{"line":61,"column":0},"end":{"line":61,"column":19}}},"fnMap":{},"branchMap":{},"s":{"0":10,"1":10,"2":10,"3":10,"4":10,"5":10,"6":10,"7":10,"8":10,"9":10,"10":10,"11":10,"12":10,"13":10,"14":10,"15":10,"16":10,"17":10,"18":10,"19":10,"20":10,"21":10,"22":10,"23":10,"24":10,"25":10,"26":10,"27":10,"28":10,"29":10,"30":10},"f":{},"b":{}}
,"D:\\@work\\orm-tdd\\src\\Middleware\\isAuthenticated.ts": {"path":"D:\\@work\\orm-tdd\\src\\Middleware\\isAuthenticated.ts","statementMap":{"0":{"start":{"line":1,"column":0},"end":{"line":1,"column":null}},"1":{"start":{"line":2,"column":0},"end":{"line":2,"column":31}},"2":{"start":{"line":4,"column":24},"end":{"line":18,"column":null}},"3":{"start":{"line":4,"column":60},"end":{"line":18,"column":null}},"4":{"start":{"line":5,"column":8},"end":{"line":5,"column":26}},"5":{"start":{"line":6,"column":4},"end":{"line":8,"column":null}},"6":{"start":{"line":7,"column":8},"end":{"line":7,"column":61}},"7":{"start":{"line":9,"column":10},"end":{"line":9,"column":99}},"8":{"start":{"line":11,"column":4},"end":{"line":17,"column":null}},"9":{"start":{"line":12,"column":8},"end":{"line":12,"column":60}},"10":{"start":{"line":14,"column":14},"end":{"line":14,"column":null}},"11":{"start":{"line":15,"column":8},"end":{"line":15,"column":27}},"12":{"start":{"line":16,"column":8},"end":{"line":16,"column":15}},"13":{"start":{"line":20,"column":0},"end":{"line":20,"column":31}}},"fnMap":{"0":{"name":"(anonymous_13)","decl":{"start":{"line":4,"column":24},"end":{"line":4,"column":31}},"loc":{"start":{"line":4,"column":60},"end":{"line":18,"column":null}}},"1":{"name":"(anonymous_14)","decl":{"start":{"line":4,"column":60},"end":{"line":4,"column":null}},"loc":{"start":{"line":4,"column":60},"end":{"line":18,"column":null}}}},"branchMap":{"0":{"loc":{"start":{"line":6,"column":4},"end":{"line":8,"column":null}},"type":"if","locations":[{"start":{"line":6,"column":4},"end":{"line":8,"column":null}}]},"1":{"loc":{"start":{"line":9,"column":18},"end":{"line":9,"column":98}},"type":"binary-expr","locations":[{"start":{"line":9,"column":18},"end":{"line":9,"column":32}},{"start":{"line":9,"column":36},"end":{"line":9,"column":51}},{"start":{"line":9,"column":55},"end":{"line":9,"column":84}},{"start":{"line":9,"column":88},"end":{"line":9,"column":98}}]},"2":{"loc":{"start":{"line":11,"column":4},"end":{"line":17,"column":null}},"type":"if","locations":[{"start":{"line":11,"column":4},"end":{"line":17,"column":null}},{"start":{"line":13,"column":11},"end":{"line":17,"column":null}}]},"3":{"loc":{"start":{"line":14,"column":42},"end":{"line":14,"column":76}},"type":"binary-expr","locations":[{"start":{"line":14,"column":42},"end":{"line":14,"column":64}},{"start":{"line":14,"column":68},"end":{"line":14,"column":76}}]}},"s":{"0":10,"1":10,"2":10,"3":177,"4":177,"5":177,"6":132,"7":177,"8":177,"9":45,"10":132,"11":132,"12":132,"13":10},"f":{"0":177,"1":177},"b":{"0":[132],"1":[177,177,177,177],"2":[45,132],"3":[132,132]}}
,"D:\\@work\\orm-tdd\\src\\entity\\AbstractModel.ts": {"path":"D:\\@work\\orm-tdd\\src\\entity\\AbstractModel.ts","statementMap":{"0":{"start":{"line":1,"column":0},"end":{"line":1,"column":134}},"1":{"start":{"line":5,"column":0},"end":{"line":5,"column":null}},"2":{"start":{"line":5,"column":43},"end":{"line":5,"column":53}},"3":{"start":{"line":8,"column":4},"end":{"line":8,"column":null}},"4":{"start":{"line":13,"column":4},"end":{"line":13,"column":null}},"5":{"start":{"line":17,"column":4},"end":{"line":17,"column":null}},"6":{"start":{"line":20,"column":4},"end":{"line":20,"column":null}},"7":{"start":{"line":21,"column":0},"end":{"line":21,"column":null}},"8":{"start":{"line":5,"column":21},"end":{"line":5,"column":43}}},"fnMap":{"0":{"name":"(anonymous_8)","decl":{"start":{"line":5,"column":0},"end":{"line":5,"column":21}},"loc":{"start":{"line":5,"column":0},"end":{"line":5,"column":21}}}},"branchMap":{},"s":{"0":10,"1":10,"2":10,"3":10,"4":10,"5":10,"6":10,"7":10,"8":10},"f":{"0":1221},"b":{}}
,"D:\\@work\\orm-tdd\\src\\entity\\CityDetail.ts": {"path":"D:\\@work\\orm-tdd\\src\\entity\\CityDetail.ts","statementMap":{"0":{"start":{"line":1,"column":0},"end":{"line":1,"column":145}},"1":{"start":{"line":2,"column":0},"end":{"line":2,"column":30}},"2":{"start":{"line":3,"column":0},"end":{"line":3,"column":43}},"3":{"start":{"line":6,"column":0},"end":{"line":6,"column":34}},"4":{"start":{"line":7,"column":0},"end":{"line":7,"column":34}},"5":{"start":{"line":10,"column":0},"end":{"line":10,"column":null}},"6":{"start":{"line":10,"column":26},"end":{"line":10,"column":39}},"7":{"start":{"line":13,"column":4},"end":{"line":13,"column":null}},"8":{"start":{"line":16,"column":4},"end":{"line":16,"column":null}},"9":{"start":{"line":19,"column":4},"end":{"line":19,"column":null}},"10":{"start":{"line":22,"column":4},"end":{"line":22,"column":null}},"11":{"start":{"line":21,"column":20},"end":{"line":21,"column":26}},"12":{"start":{"line":21,"column":34},"end":{"line":21,"column":46}},"13":{"start":{"line":25,"column":4},"end":{"line":25,"column":null}},"14":{"start":{"line":24,"column":20},"end":{"line":24,"column":29}},"15":{"start":{"line":24,"column":39},"end":{"line":24,"column":53}},"16":{"start":{"line":28,"column":4},"end":{"line":28,"column":null}},"17":{"start":{"line":27,"column":20},"end":{"line":27,"column":28}},"18":{"start":{"line":27,"column":38},"end":{"line":27,"column":53}},"19":{"start":{"line":10,"column":13},"end":{"line":29,"column":null}},"20":{"start":{"line":29,"column":0},"end":{"line":29,"column":null}},"21":{"start":{"line":10,"column":13},"end":{"line":10,"column":17}}},"fnMap":{"0":{"name":"(anonymous_9)","decl":{"start":{"line":10,"column":0},"end":{"line":10,"column":13}},"loc":{"start":{"line":10,"column":0},"end":{"line":10,"column":13}}},"1":{"name":"(anonymous_11)","decl":{"start":{"line":21,"column":15},"end":{"line":21,"column":20}},"loc":{"start":{"line":21,"column":15},"end":{"line":21,"column":24}}},"2":{"name":"(anonymous_12)","decl":{"start":{"line":21,"column":26},"end":{"line":21,"column":30}},"loc":{"start":{"line":21,"column":30},"end":{"line":21,"column":38}}},"3":{"name":"(anonymous_13)","decl":{"start":{"line":24,"column":15},"end":{"line":24,"column":20}},"loc":{"start":{"line":24,"column":15},"end":{"line":24,"column":26}}},"4":{"name":"(anonymous_14)","decl":{"start":{"line":24,"column":29},"end":{"line":24,"column":35}},"loc":{"start":{"line":24,"column":35},"end":{"line":24,"column":45}}},"5":{"name":"(anonymous_15)","decl":{"start":{"line":27,"column":15},"end":{"line":27,"column":20}},"loc":{"start":{"line":27,"column":15},"end":{"line":27,"column":26}}},"6":{"name":"(anonymous_16)","decl":{"start":{"line":27,"column":28},"end":{"line":27,"column":34}},"loc":{"start":{"line":27,"column":34},"end":{"line":27,"column":44}}}},"branchMap":{},"s":{"0":10,"1":10,"2":10,"3":10,"4":10,"5":10,"6":10,"7":10,"8":10,"9":10,"10":10,"11":100,"12":100,"13":10,"14":100,"15":100,"16":10,"17":100,"18":100,"19":10,"20":10,"21":10},"f":{"0":127,"1":100,"2":100,"3":100,"4":100,"5":100,"6":100},"b":{}}
,"D:\\@work\\orm-tdd\\src\\entity\\Company.ts": {"path":"D:\\@work\\orm-tdd\\src\\entity\\Company.ts","statementMap":{"0":{"start":{"line":1,"column":0},"end":{"line":1,"column":145}},"1":{"start":{"line":2,"column":0},"end":{"line":2,"column":30}},"2":{"start":{"line":3,"column":0},"end":{"line":3,"column":43}},"3":{"start":{"line":4,"column":0},"end":{"line":4,"column":34}},"4":{"start":{"line":5,"column":0},"end":{"line":5,"column":34}},"5":{"start":{"line":6,"column":0},"end":{"line":6,"column":34}},"6":{"start":{"line":7,"column":0},"end":{"line":7,"column":38}},"7":{"start":{"line":10,"column":0},"end":{"line":10,"column":null}},"8":{"start":{"line":10,"column":29},"end":{"line":10,"column":42}},"9":{"start":{"line":13,"column":4},"end":{"line":13,"column":null}},"10":{"start":{"line":16,"column":4},"end":{"line":16,"column":null}},"11":{"start":{"line":19,"column":4},"end":{"line":19,"column":null}},"12":{"start":{"line":22,"column":4},"end":{"line":22,"column":null}},"13":{"start":{"line":25,"column":4},"end":{"line":25,"column":null}},"14":{"start":{"line":28,"column":4},"end":{"line":28,"column":null}},"15":{"start":{"line":27,"column":20},"end":{"line":27,"column":28}},"16":{"start":{"line":27,"column":38},"end":{"line":27,"column":56}},"17":{"start":{"line":31,"column":4},"end":{"line":31,"column":null}},"18":{"start":{"line":30,"column":20},"end":{"line":30,"column":30}},"19":{"start":{"line":30,"column":42},"end":{"line":30,"column":62}},"20":{"start":{"line":34,"column":4},"end":{"line":34,"column":null}},"21":{"start":{"line":33,"column":20},"end":{"line":33,"column":28}},"22":{"start":{"line":33,"column":38},"end":{"line":33,"column":56}},"23":{"start":{"line":37,"column":4},"end":{"line":37,"column":null}},"24":{"start":{"line":36,"column":20},"end":{"line":36,"column":28}},"25":{"start":{"line":36,"column":37},"end":{"line":36,"column":54}},"26":{"start":{"line":40,"column":4},"end":{"line":40,"column":null}},"27":{"start":{"line":39,"column":20},"end":{"line":39,"column":26}},"28":{"start":{"line":39,"column":34},"end":{"line":39,"column":49}},"29":{"start":{"line":10,"column":13},"end":{"line":42,"column":null}},"30":{"start":{"line":42,"column":0},"end":{"line":42,"column":null}},"31":{"start":{"line":10,"column":13},"end":{"line":10,"column":20}}},"fnMap":{"0":{"name":"(anonymous_9)","decl":{"start":{"line":10,"column":0},"end":{"line":10,"column":13}},"loc":{"start":{"line":10,"column":0},"end":{"line":10,"column":13}}},"1":{"name":"(anonymous_11)","decl":{"start":{"line":27,"column":15},"end":{"line":27,"column":20}},"loc":{"start":{"line":27,"column":15},"end":{"line":27,"column":26}}},"2":{"name":"(anonymous_12)","decl":{"start":{"line":27,"column":28},"end":{"line":27,"column":34}},"loc":{"start":{"line":27,"column":34},"end":{"line":27,"column":44}}},"3":{"name":"(anonymous_13)","decl":{"start":{"line":30,"column":15},"end":{"line":30,"column":20}},"loc":{"start":{"line":30,"column":15},"end":{"line":30,"column":28}}},"4":{"name":"(anonymous_14)","decl":{"start":{"line":30,"column":30},"end":{"line":30,"column":38}},"loc":{"start":{"line":30,"column":38},"end":{"line":30,"column":50}}},"5":{"name":"(anonymous_15)","decl":{"start":{"line":33,"column":15},"end":{"line":33,"column":20}},"loc":{"start":{"line":33,"column":15},"end":{"line":33,"column":26}}},"6":{"name":"(anonymous_16)","decl":{"start":{"line":33,"column":28},"end":{"line":33,"column":34}},"loc":{"start":{"line":33,"column":34},"end":{"line":33,"column":44}}},"7":{"name":"(anonymous_17)","decl":{"start":{"line":36,"column":15},"end":{"line":36,"column":20}},"loc":{"start":{"line":36,"column":15},"end":{"line":36,"column":26}}},"8":{"name":"(anonymous_18)","decl":{"start":{"line":36,"column":28},"end":{"line":36,"column":34}},"loc":{"start":{"line":36,"column":34},"end":{"line":36,"column":43}}},"9":{"name":"(anonymous_19)","decl":{"start":{"line":39,"column":15},"end":{"line":39,"column":20}},"loc":{"start":{"line":39,"column":15},"end":{"line":39,"column":24}}},"10":{"name":"(anonymous_20)","decl":{"start":{"line":39,"column":26},"end":{"line":39,"column":30}},"loc":{"start":{"line":39,"column":30},"end":{"line":39,"column":38}}}},"branchMap":{},"s":{"0":10,"1":10,"2":10,"3":10,"4":10,"5":10,"6":10,"7":10,"8":10,"9":10,"10":10,"11":10,"12":10,"13":10,"14":10,"15":100,"16":100,"17":10,"18":100,"19":100,"20":10,"21":100,"22":100,"23":10,"24":100,"25":100,"26":10,"27":100,"28":100,"29":10,"30":10,"31":10},"f":{"0":135,"1":100,"2":100,"3":100,"4":100,"5":100,"6":100,"7":100,"8":100,"9":100,"10":100},"b":{}}
,"D:\\@work\\orm-tdd\\src\\entity\\Material.ts": {"path":"D:\\@work\\orm-tdd\\src\\entity\\Material.ts","statementMap":{"0":{"start":{"line":1,"column":0},"end":{"line":1,"column":145}},"1":{"start":{"line":2,"column":0},"end":{"line":2,"column":30}},"2":{"start":{"line":3,"column":0},"end":{"line":3,"column":43}},"3":{"start":{"line":6,"column":0},"end":{"line":6,"column":36}},"4":{"start":{"line":9,"column":0},"end":{"line":9,"column":null}},"5":{"start":{"line":9,"column":30},"end":{"line":9,"column":43}},"6":{"start":{"line":12,"column":4},"end":{"line":12,"column":null}},"7":{"start":{"line":15,"column":4},"end":{"line":15,"column":null}},"8":{"start":{"line":18,"column":4},"end":{"line":18,"column":null}},"9":{"start":{"line":21,"column":4},"end":{"line":21,"column":null}},"10":{"start":{"line":24,"column":4},"end":{"line":24,"column":null}},"11":{"start":{"line":28,"column":4},"end":{"line":28,"column":null}},"12":{"start":{"line":27,"column":20},"end":{"line":27,"column":26}},"13":{"start":{"line":27,"column":34},"end":{"line":27,"column":49}},"14":{"start":{"line":31,"column":4},"end":{"line":31,"column":null}},"15":{"start":{"line":30,"column":20},"end":{"line":30,"column":29}},"16":{"start":{"line":30,"column":40},"end":{"line":30,"column":58}},"17":{"start":{"line":9,"column":13},"end":{"line":32,"column":null}},"18":{"start":{"line":32,"column":0},"end":{"line":32,"column":null}},"19":{"start":{"line":9,"column":13},"end":{"line":9,"column":21}}},"fnMap":{"0":{"name":"(anonymous_9)","decl":{"start":{"line":9,"column":0},"end":{"line":9,"column":13}},"loc":{"start":{"line":9,"column":0},"end":{"line":9,"column":13}}},"1":{"name":"(anonymous_11)","decl":{"start":{"line":27,"column":15},"end":{"line":27,"column":20}},"loc":{"start":{"line":27,"column":15},"end":{"line":27,"column":24}}},"2":{"name":"(anonymous_12)","decl":{"start":{"line":27,"column":26},"end":{"line":27,"column":30}},"loc":{"start":{"line":27,"column":30},"end":{"line":27,"column":38}}},"3":{"name":"(anonymous_13)","decl":{"start":{"line":30,"column":15},"end":{"line":30,"column":20}},"loc":{"start":{"line":30,"column":15},"end":{"line":30,"column":27}}},"4":{"name":"(anonymous_14)","decl":{"start":{"line":30,"column":29},"end":{"line":30,"column":36}},"loc":{"start":{"line":30,"column":36},"end":{"line":30,"column":47}}}},"branchMap":{},"s":{"0":10,"1":10,"2":10,"3":10,"4":10,"5":10,"6":10,"7":10,"8":10,"9":10,"10":10,"11":10,"12":100,"13":100,"14":10,"15":100,"16":100,"17":10,"18":10,"19":10},"f":{"0":125,"1":100,"2":100,"3":100,"4":100},"b":{}}
,"D:\\@work\\orm-tdd\\src\\entity\\Nation.ts": {"path":"D:\\@work\\orm-tdd\\src\\entity\\Nation.ts","statementMap":{"0":{"start":{"line":1,"column":0},"end":{"line":1,"column":145}},"1":{"start":{"line":2,"column":0},"end":{"line":2,"column":30}},"2":{"start":{"line":3,"column":0},"end":{"line":3,"column":43}},"3":{"start":{"line":4,"column":0},"end":{"line":4,"column":36}},"4":{"start":{"line":5,"column":0},"end":{"line":5,"column":36}},"5":{"start":{"line":8,"column":0},"end":{"line":8,"column":null}},"6":{"start":{"line":8,"column":28},"end":{"line":8,"column":41}},"7":{"start":{"line":11,"column":4},"end":{"line":11,"column":null}},"8":{"start":{"line":14,"column":4},"end":{"line":14,"column":null}},"9":{"start":{"line":17,"column":4},"end":{"line":17,"column":null}},"10":{"start":{"line":16,"column":20},"end":{"line":16,"column":26}},"11":{"start":{"line":16,"column":34},"end":{"line":16,"column":47}},"12":{"start":{"line":20,"column":4},"end":{"line":20,"column":null}},"13":{"start":{"line":19,"column":20},"end":{"line":19,"column":29}},"14":{"start":{"line":19,"column":40},"end":{"line":19,"column":66}},"15":{"start":{"line":23,"column":4},"end":{"line":23,"column":null}},"16":{"start":{"line":22,"column":20},"end":{"line":22,"column":26}},"17":{"start":{"line":22,"column":34},"end":{"line":22,"column":49}},"18":{"start":{"line":8,"column":13},"end":{"line":24,"column":null}},"19":{"start":{"line":24,"column":0},"end":{"line":24,"column":null}},"20":{"start":{"line":8,"column":13},"end":{"line":8,"column":19}}},"fnMap":{"0":{"name":"(anonymous_9)","decl":{"start":{"line":8,"column":0},"end":{"line":8,"column":13}},"loc":{"start":{"line":8,"column":0},"end":{"line":8,"column":13}}},"1":{"name":"(anonymous_11)","decl":{"start":{"line":16,"column":15},"end":{"line":16,"column":20}},"loc":{"start":{"line":16,"column":15},"end":{"line":16,"column":24}}},"2":{"name":"(anonymous_12)","decl":{"start":{"line":16,"column":26},"end":{"line":16,"column":30}},"loc":{"start":{"line":16,"column":30},"end":{"line":16,"column":38}}},"3":{"name":"(anonymous_13)","decl":{"start":{"line":19,"column":15},"end":{"line":19,"column":20}},"loc":{"start":{"line":19,"column":15},"end":{"line":19,"column":27}}},"4":{"name":"(anonymous_14)","decl":{"start":{"line":19,"column":29},"end":{"line":19,"column":36}},"loc":{"start":{"line":19,"column":36},"end":{"line":19,"column":47}}},"5":{"name":"(anonymous_15)","decl":{"start":{"line":22,"column":15},"end":{"line":22,"column":20}},"loc":{"start":{"line":22,"column":15},"end":{"line":22,"column":24}}},"6":{"name":"(anonymous_16)","decl":{"start":{"line":22,"column":26},"end":{"line":22,"column":30}},"loc":{"start":{"line":22,"column":30},"end":{"line":22,"column":38}}}},"branchMap":{},"s":{"0":10,"1":10,"2":10,"3":10,"4":10,"5":10,"6":10,"7":10,"8":10,"9":10,"10":100,"11":100,"12":10,"13":100,"14":100,"15":10,"16":100,"17":100,"18":10,"19":10,"20":10},"f":{"0":133,"1":100,"2":100,"3":100,"4":100,"5":100,"6":100},"b":{}}
,"D:\\@work\\orm-tdd\\src\\entity\\Outlet.ts": {"path":"D:\\@work\\orm-tdd\\src\\entity\\Outlet.ts","statementMap":{"0":{"start":{"line":1,"column":0},"end":{"line":1,"column":145}},"1":{"start":{"line":2,"column":0},"end":{"line":2,"column":30}},"2":{"start":{"line":3,"column":0},"end":{"line":3,"column":43}},"3":{"start":{"line":6,"column":0},"end":{"line":6,"column":36}},"4":{"start":{"line":7,"column":0},"end":{"line":7,"column":36}},"5":{"start":{"line":10,"column":0},"end":{"line":10,"column":null}},"6":{"start":{"line":10,"column":28},"end":{"line":10,"column":41}},"7":{"start":{"line":13,"column":4},"end":{"line":13,"column":null}},"8":{"start":{"line":16,"column":4},"end":{"line":16,"column":null}},"9":{"start":{"line":19,"column":4},"end":{"line":19,"column":null}},"10":{"start":{"line":22,"column":4},"end":{"line":22,"column":null}},"11":{"start":{"line":25,"column":4},"end":{"line":25,"column":null}},"12":{"start":{"line":28,"column":4},"end":{"line":28,"column":null}},"13":{"start":{"line":32,"column":4},"end":{"line":32,"column":null}},"14":{"start":{"line":31,"column":20},"end":{"line":31,"column":26}},"15":{"start":{"line":31,"column":34},"end":{"line":31,"column":47}},"16":{"start":{"line":35,"column":4},"end":{"line":35,"column":null}},"17":{"start":{"line":34,"column":20},"end":{"line":34,"column":29}},"18":{"start":{"line":34,"column":40},"end":{"line":34,"column":56}},"19":{"start":{"line":38,"column":4},"end":{"line":38,"column":null}},"20":{"start":{"line":37,"column":21},"end":{"line":37,"column":27}},"21":{"start":{"line":37,"column":34},"end":{"line":37,"column":47}},"22":{"start":{"line":10,"column":13},"end":{"line":39,"column":null}},"23":{"start":{"line":39,"column":0},"end":{"line":39,"column":null}},"24":{"start":{"line":10,"column":13},"end":{"line":10,"column":19}}},"fnMap":{"0":{"name":"(anonymous_9)","decl":{"start":{"line":10,"column":0},"end":{"line":10,"column":13}},"loc":{"start":{"line":10,"column":0},"end":{"line":10,"column":13}}},"1":{"name":"(anonymous_11)","decl":{"start":{"line":31,"column":15},"end":{"line":31,"column":20}},"loc":{"start":{"line":31,"column":15},"end":{"line":31,"column":24}}},"2":{"name":"(anonymous_12)","decl":{"start":{"line":31,"column":26},"end":{"line":31,"column":30}},"loc":{"start":{"line":31,"column":30},"end":{"line":31,"column":38}}},"3":{"name":"(anonymous_13)","decl":{"start":{"line":34,"column":15},"end":{"line":34,"column":20}},"loc":{"start":{"line":34,"column":15},"end":{"line":34,"column":27}}},"4":{"name":"(anonymous_14)","decl":{"start":{"line":34,"column":29},"end":{"line":34,"column":36}},"loc":{"start":{"line":34,"column":36},"end":{"line":34,"column":47}}},"5":{"name":"(anonymous_15)","decl":{"start":{"line":37,"column":15},"end":{"line":37,"column":21}},"loc":{"start":{"line":37,"column":15},"end":{"line":37,"column":25}}},"6":{"name":"(anonymous_16)","decl":{"start":{"line":37,"column":27},"end":{"line":37,"column":31}},"loc":{"start":{"line":37,"column":31},"end":{"line":37,"column":38}}}},"branchMap":{},"s":{"0":10,"1":10,"2":10,"3":10,"4":10,"5":10,"6":10,"7":10,"8":10,"9":10,"10":10,"11":10,"12":10,"13":10,"14":100,"15":100,"16":10,"17":100,"18":100,"19":10,"20":100,"21":100,"22":10,"23":10,"24":10},"f":{"0":124,"1":100,"2":100,"3":100,"4":100,"5":100,"6":100},"b":{}}
,"D:\\@work\\orm-tdd\\src\\entity\\Region.ts": {"path":"D:\\@work\\orm-tdd\\src\\entity\\Region.ts","statementMap":{"0":{"start":{"line":1,"column":0},"end":{"line":1,"column":145}},"1":{"start":{"line":2,"column":0},"end":{"line":2,"column":30}},"2":{"start":{"line":3,"column":0},"end":{"line":3,"column":43}},"3":{"start":{"line":4,"column":0},"end":{"line":4,"column":36}},"4":{"start":{"line":5,"column":0},"end":{"line":5,"column":40}},"5":{"start":{"line":8,"column":0},"end":{"line":8,"column":null}},"6":{"start":{"line":8,"column":28},"end":{"line":8,"column":41}},"7":{"start":{"line":11,"column":4},"end":{"line":11,"column":null}},"8":{"start":{"line":14,"column":4},"end":{"line":14,"column":null}},"9":{"start":{"line":17,"column":4},"end":{"line":17,"column":null}},"10":{"start":{"line":16,"column":20},"end":{"line":16,"column":26}},"11":{"start":{"line":16,"column":34},"end":{"line":16,"column":47}},"12":{"start":{"line":20,"column":4},"end":{"line":20,"column":null}},"13":{"start":{"line":19,"column":20},"end":{"line":19,"column":29}},"14":{"start":{"line":19,"column":40},"end":{"line":19,"column":56}},"15":{"start":{"line":23,"column":4},"end":{"line":23,"column":null}},"16":{"start":{"line":22,"column":20},"end":{"line":22,"column":31}},"17":{"start":{"line":22,"column":44},"end":{"line":22,"column":64}},"18":{"start":{"line":8,"column":13},"end":{"line":24,"column":null}},"19":{"start":{"line":24,"column":0},"end":{"line":24,"column":null}},"20":{"start":{"line":8,"column":13},"end":{"line":8,"column":19}}},"fnMap":{"0":{"name":"(anonymous_9)","decl":{"start":{"line":8,"column":0},"end":{"line":8,"column":13}},"loc":{"start":{"line":8,"column":0},"end":{"line":8,"column":13}}},"1":{"name":"(anonymous_11)","decl":{"start":{"line":16,"column":15},"end":{"line":16,"column":20}},"loc":{"start":{"line":16,"column":15},"end":{"line":16,"column":24}}},"2":{"name":"(anonymous_12)","decl":{"start":{"line":16,"column":26},"end":{"line":16,"column":30}},"loc":{"start":{"line":16,"column":30},"end":{"line":16,"column":38}}},"3":{"name":"(anonymous_13)","decl":{"start":{"line":19,"column":15},"end":{"line":19,"column":20}},"loc":{"start":{"line":19,"column":15},"end":{"line":19,"column":27}}},"4":{"name":"(anonymous_14)","decl":{"start":{"line":19,"column":29},"end":{"line":19,"column":36}},"loc":{"start":{"line":19,"column":36},"end":{"line":19,"column":47}}},"5":{"name":"(anonymous_15)","decl":{"start":{"line":22,"column":15},"end":{"line":22,"column":20}},"loc":{"start":{"line":22,"column":15},"end":{"line":22,"column":29}}},"6":{"name":"(anonymous_16)","decl":{"start":{"line":22,"column":31},"end":{"line":22,"column":40}},"loc":{"start":{"line":22,"column":40},"end":{"line":22,"column":53}}}},"branchMap":{},"s":{"0":10,"1":10,"2":10,"3":10,"4":10,"5":10,"6":10,"7":10,"8":10,"9":10,"10":100,"11":100,"12":10,"13":100,"14":100,"15":10,"16":100,"17":100,"18":10,"19":10,"20":10},"f":{"0":128,"1":100,"2":100,"3":100,"4":100,"5":100,"6":100},"b":{}}
,"D:\\@work\\orm-tdd\\src\\entity\\Route.ts": {"path":"D:\\@work\\orm-tdd\\src\\entity\\Route.ts","statementMap":{"0":{"start":{"line":1,"column":0},"end":{"line":1,"column":145}},"1":{"start":{"line":2,"column":0},"end":{"line":2,"column":30}},"2":{"start":{"line":3,"column":0},"end":{"line":3,"column":43}},"3":{"start":{"line":5,"column":0},"end":{"line":5,"column":32}},"4":{"start":{"line":8,"column":0},"end":{"line":8,"column":null}},"5":{"start":{"line":8,"column":27},"end":{"line":8,"column":40}},"6":{"start":{"line":11,"column":4},"end":{"line":11,"column":null}},"7":{"start":{"line":14,"column":4},"end":{"line":14,"column":null}},"8":{"start":{"line":18,"column":4},"end":{"line":18,"column":null}},"9":{"start":{"line":17,"column":20},"end":{"line":17,"column":26}},"10":{"start":{"line":17,"column":34},"end":{"line":17,"column":46}},"11":{"start":{"line":21,"column":4},"end":{"line":21,"column":null}},"12":{"start":{"line":20,"column":20},"end":{"line":20,"column":27}},"13":{"start":{"line":20,"column":36},"end":{"line":20,"column":49}},"14":{"start":{"line":8,"column":13},"end":{"line":22,"column":null}},"15":{"start":{"line":22,"column":0},"end":{"line":22,"column":null}},"16":{"start":{"line":8,"column":13},"end":{"line":8,"column":18}}},"fnMap":{"0":{"name":"(anonymous_9)","decl":{"start":{"line":8,"column":0},"end":{"line":8,"column":13}},"loc":{"start":{"line":8,"column":0},"end":{"line":8,"column":13}}},"1":{"name":"(anonymous_11)","decl":{"start":{"line":17,"column":15},"end":{"line":17,"column":20}},"loc":{"start":{"line":17,"column":15},"end":{"line":17,"column":24}}},"2":{"name":"(anonymous_12)","decl":{"start":{"line":17,"column":26},"end":{"line":17,"column":30}},"loc":{"start":{"line":17,"column":30},"end":{"line":17,"column":38}}},"3":{"name":"(anonymous_13)","decl":{"start":{"line":20,"column":15},"end":{"line":20,"column":20}},"loc":{"start":{"line":20,"column":15},"end":{"line":20,"column":25}}},"4":{"name":"(anonymous_14)","decl":{"start":{"line":20,"column":27},"end":{"line":20,"column":32}},"loc":{"start":{"line":20,"column":32},"end":{"line":20,"column":41}}}},"branchMap":{},"s":{"0":10,"1":10,"2":10,"3":10,"4":10,"5":10,"6":10,"7":10,"8":10,"9":100,"10":100,"11":10,"12":100,"13":100,"14":10,"15":10,"16":10},"f":{"0":124,"1":100,"2":100,"3":100,"4":100},"b":{}}
,"D:\\@work\\orm-tdd\\src\\entity\\Territory.ts": {"path":"D:\\@work\\orm-tdd\\src\\entity\\Territory.ts","statementMap":{"0":{"start":{"line":1,"column":0},"end":{"line":1,"column":145}},"1":{"start":{"line":2,"column":0},"end":{"line":2,"column":30}},"2":{"start":{"line":3,"column":0},"end":{"line":3,"column":43}},"3":{"start":{"line":5,"column":0},"end":{"line":5,"column":34}},"4":{"start":{"line":6,"column":0},"end":{"line":6,"column":32}},"5":{"start":{"line":9,"column":0},"end":{"line":9,"column":null}},"6":{"start":{"line":9,"column":31},"end":{"line":9,"column":44}},"7":{"start":{"line":12,"column":4},"end":{"line":12,"column":null}},"8":{"start":{"line":15,"column":4},"end":{"line":15,"column":null}},"9":{"start":{"line":18,"column":4},"end":{"line":18,"column":null}},"10":{"start":{"line":17,"column":20},"end":{"line":17,"column":26}},"11":{"start":{"line":17,"column":34},"end":{"line":17,"column":51}},"12":{"start":{"line":21,"column":4},"end":{"line":21,"column":null}},"13":{"start":{"line":20,"column":20},"end":{"line":20,"column":28}},"14":{"start":{"line":20,"column":38},"end":{"line":20,"column":57}},"15":{"start":{"line":24,"column":4},"end":{"line":24,"column":null}},"16":{"start":{"line":23,"column":20},"end":{"line":23,"column":27}},"17":{"start":{"line":23,"column":36},"end":{"line":23,"column":55}},"18":{"start":{"line":9,"column":13},"end":{"line":25,"column":null}},"19":{"start":{"line":25,"column":0},"end":{"line":25,"column":null}},"20":{"start":{"line":9,"column":13},"end":{"line":9,"column":22}}},"fnMap":{"0":{"name":"(anonymous_9)","decl":{"start":{"line":9,"column":0},"end":{"line":9,"column":13}},"loc":{"start":{"line":9,"column":0},"end":{"line":9,"column":13}}},"1":{"name":"(anonymous_11)","decl":{"start":{"line":17,"column":15},"end":{"line":17,"column":20}},"loc":{"start":{"line":17,"column":15},"end":{"line":17,"column":24}}},"2":{"name":"(anonymous_12)","decl":{"start":{"line":17,"column":26},"end":{"line":17,"column":30}},"loc":{"start":{"line":17,"column":30},"end":{"line":17,"column":38}}},"3":{"name":"(anonymous_13)","decl":{"start":{"line":20,"column":15},"end":{"line":20,"column":20}},"loc":{"start":{"line":20,"column":15},"end":{"line":20,"column":26}}},"4":{"name":"(anonymous_14)","decl":{"start":{"line":20,"column":28},"end":{"line":20,"column":34}},"loc":{"start":{"line":20,"column":34},"end":{"line":20,"column":44}}},"5":{"name":"(anonymous_15)","decl":{"start":{"line":23,"column":15},"end":{"line":23,"column":20}},"loc":{"start":{"line":23,"column":15},"end":{"line":23,"column":25}}},"6":{"name":"(anonymous_16)","decl":{"start":{"line":23,"column":27},"end":{"line":23,"column":32}},"loc":{"start":{"line":23,"column":32},"end":{"line":23,"column":41}}}},"branchMap":{},"s":{"0":10,"1":10,"2":10,"3":10,"4":10,"5":10,"6":10,"7":10,"8":10,"9":10,"10":100,"11":100,"12":10,"13":100,"14":100,"15":10,"16":100,"17":100,"18":10,"19":10,"20":10},"f":{"0":128,"1":100,"2":100,"3":100,"4":100,"5":100,"6":100},"b":{}}
,"D:\\@work\\orm-tdd\\src\\entity\\Truck.ts": {"path":"D:\\@work\\orm-tdd\\src\\entity\\Truck.ts","statementMap":{"0":{"start":{"line":1,"column":0},"end":{"line":1,"column":145}},"1":{"start":{"line":2,"column":0},"end":{"line":2,"column":30}},"2":{"start":{"line":3,"column":0},"end":{"line":3,"column":43}},"3":{"start":{"line":4,"column":0},"end":{"line":4,"column":40}},"4":{"start":{"line":5,"column":0},"end":{"line":5,"column":32}},"5":{"start":{"line":8,"column":0},"end":{"line":8,"column":null}},"6":{"start":{"line":8,"column":27},"end":{"line":8,"column":40}},"7":{"start":{"line":11,"column":4},"end":{"line":11,"column":null}},"8":{"start":{"line":14,"column":4},"end":{"line":14,"column":null}},"9":{"start":{"line":17,"column":4},"end":{"line":17,"column":null}},"10":{"start":{"line":20,"column":4},"end":{"line":20,"column":null}},"11":{"start":{"line":19,"column":20},"end":{"line":19,"column":26}},"12":{"start":{"line":19,"column":34},"end":{"line":19,"column":46}},"13":{"start":{"line":23,"column":4},"end":{"line":23,"column":null}},"14":{"start":{"line":22,"column":20},"end":{"line":22,"column":31}},"15":{"start":{"line":22,"column":44},"end":{"line":22,"column":61}},"16":{"start":{"line":26,"column":4},"end":{"line":26,"column":null}},"17":{"start":{"line":25,"column":20},"end":{"line":25,"column":27}},"18":{"start":{"line":25,"column":36},"end":{"line":25,"column":51}},"19":{"start":{"line":8,"column":13},"end":{"line":27,"column":null}},"20":{"start":{"line":27,"column":0},"end":{"line":27,"column":null}},"21":{"start":{"line":8,"column":13},"end":{"line":8,"column":18}}},"fnMap":{"0":{"name":"(anonymous_9)","decl":{"start":{"line":8,"column":0},"end":{"line":8,"column":13}},"loc":{"start":{"line":8,"column":0},"end":{"line":8,"column":13}}},"1":{"name":"(anonymous_11)","decl":{"start":{"line":19,"column":15},"end":{"line":19,"column":20}},"loc":{"start":{"line":19,"column":15},"end":{"line":19,"column":24}}},"2":{"name":"(anonymous_12)","decl":{"start":{"line":19,"column":26},"end":{"line":19,"column":30}},"loc":{"start":{"line":19,"column":30},"end":{"line":19,"column":38}}},"3":{"name":"(anonymous_13)","decl":{"start":{"line":22,"column":15},"end":{"line":22,"column":20}},"loc":{"start":{"line":22,"column":15},"end":{"line":22,"column":29}}},"4":{"name":"(anonymous_14)","decl":{"start":{"line":22,"column":31},"end":{"line":22,"column":40}},"loc":{"start":{"line":22,"column":40},"end":{"line":22,"column":53}}},"5":{"name":"(anonymous_15)","decl":{"start":{"line":25,"column":15},"end":{"line":25,"column":20}},"loc":{"start":{"line":25,"column":15},"end":{"line":25,"column":25}}},"6":{"name":"(anonymous_16)","decl":{"start":{"line":25,"column":27},"end":{"line":25,"column":32}},"loc":{"start":{"line":25,"column":32},"end":{"line":25,"column":41}}}},"branchMap":{},"s":{"0":10,"1":10,"2":10,"3":10,"4":10,"5":10,"6":10,"7":10,"8":10,"9":10,"10":10,"11":100,"12":100,"13":10,"14":100,"15":100,"16":10,"17":100,"18":100,"19":10,"20":10,"21":10},"f":{"0":128,"1":100,"2":100,"3":100,"4":100,"5":100,"6":100},"b":{}}
,"D:\\@work\\orm-tdd\\src\\entity\\User.ts": {"path":"D:\\@work\\orm-tdd\\src\\entity\\User.ts","statementMap":{"0":{"start":{"line":1,"column":0},"end":{"line":1,"column":104}},"1":{"start":{"line":2,"column":0},"end":{"line":2,"column":34}},"2":{"start":{"line":3,"column":0},"end":{"line":3,"column":43}},"3":{"start":{"line":4,"column":0},"end":{"line":4,"column":36}},"4":{"start":{"line":5,"column":0},"end":{"line":5,"column":34}},"5":{"start":{"line":6,"column":0},"end":{"line":6,"column":40}},"6":{"start":{"line":7,"column":0},"end":{"line":7,"column":32}},"7":{"start":{"line":8,"column":0},"end":{"line":8,"column":32}},"8":{"start":{"line":9,"column":0},"end":{"line":9,"column":36}},"9":{"start":{"line":10,"column":0},"end":{"line":10,"column":34}},"10":{"start":{"line":11,"column":0},"end":{"line":11,"column":38}},"11":{"start":{"line":14,"column":0},"end":{"line":14,"column":null}},"12":{"start":{"line":14,"column":26},"end":{"line":14,"column":39}},"13":{"start":{"line":18,"column":4},"end":{"line":18,"column":null}},"14":{"start":{"line":21,"column":4},"end":{"line":21,"column":null}},"15":{"start":{"line":24,"column":4},"end":{"line":24,"column":null}},"16":{"start":{"line":29,"column":4},"end":{"line":29,"column":null}},"17":{"start":{"line":34,"column":4},"end":{"line":34,"column":null}},"18":{"start":{"line":37,"column":4},"end":{"line":37,"column":null}},"19":{"start":{"line":40,"column":4},"end":{"line":40,"column":null}},"20":{"start":{"line":43,"column":4},"end":{"line":43,"column":null}},"21":{"start":{"line":46,"column":4},"end":{"line":46,"column":null}},"22":{"start":{"line":49,"column":4},"end":{"line":49,"column":null}},"23":{"start":{"line":48,"column":20},"end":{"line":48,"column":28}},"24":{"start":{"line":48,"column":37},"end":{"line":48,"column":55}},"25":{"start":{"line":52,"column":4},"end":{"line":52,"column":null}},"26":{"start":{"line":51,"column":20},"end":{"line":51,"column":29}},"27":{"start":{"line":51,"column":39},"end":{"line":51,"column":58}},"28":{"start":{"line":55,"column":4},"end":{"line":55,"column":null}},"29":{"start":{"line":54,"column":20},"end":{"line":54,"column":28}},"30":{"start":{"line":54,"column":37},"end":{"line":54,"column":55}},"31":{"start":{"line":58,"column":4},"end":{"line":58,"column":null}},"32":{"start":{"line":57,"column":20},"end":{"line":57,"column":31}},"33":{"start":{"line":57,"column":43},"end":{"line":57,"column":64}},"34":{"start":{"line":61,"column":4},"end":{"line":61,"column":null}},"35":{"start":{"line":60,"column":20},"end":{"line":60,"column":27}},"36":{"start":{"line":60,"column":35},"end":{"line":60,"column":52}},"37":{"start":{"line":64,"column":4},"end":{"line":64,"column":null}},"38":{"start":{"line":63,"column":20},"end":{"line":63,"column":27}},"39":{"start":{"line":63,"column":35},"end":{"line":63,"column":52}},"40":{"start":{"line":67,"column":4},"end":{"line":67,"column":null}},"41":{"start":{"line":66,"column":20},"end":{"line":66,"column":28}},"42":{"start":{"line":66,"column":37},"end":{"line":66,"column":55}},"43":{"start":{"line":70,"column":4},"end":{"line":70,"column":null}},"44":{"start":{"line":69,"column":20},"end":{"line":69,"column":26}},"45":{"start":{"line":69,"column":33},"end":{"line":69,"column":49}},"46":{"start":{"line":73,"column":4},"end":{"line":73,"column":null}},"47":{"start":{"line":72,"column":20},"end":{"line":72,"column":30}},"48":{"start":{"line":72,"column":41},"end":{"line":72,"column":61}},"49":{"start":{"line":14,"column":13},"end":{"line":75,"column":null}},"50":{"start":{"line":75,"column":0},"end":{"line":75,"column":null}},"51":{"start":{"line":14,"column":13},"end":{"line":14,"column":17}}},"fnMap":{"0":{"name":"(anonymous_9)","decl":{"start":{"line":14,"column":0},"end":{"line":14,"column":13}},"loc":{"start":{"line":14,"column":0},"end":{"line":14,"column":13}}},"1":{"name":"(anonymous_11)","decl":{"start":{"line":48,"column":15},"end":{"line":48,"column":20}},"loc":{"start":{"line":48,"column":15},"end":{"line":48,"column":26}}},"2":{"name":"(anonymous_12)","decl":{"start":{"line":48,"column":28},"end":{"line":48,"column":34}},"loc":{"start":{"line":48,"column":34},"end":{"line":48,"column":43}}},"3":{"name":"(anonymous_13)","decl":{"start":{"line":51,"column":15},"end":{"line":51,"column":20}},"loc":{"start":{"line":51,"column":15},"end":{"line":51,"column":27}}},"4":{"name":"(anonymous_14)","decl":{"start":{"line":51,"column":29},"end":{"line":51,"column":36}},"loc":{"start":{"line":51,"column":36},"end":{"line":51,"column":46}}},"5":{"name":"(anonymous_15)","decl":{"start":{"line":54,"column":15},"end":{"line":54,"column":20}},"loc":{"start":{"line":54,"column":15},"end":{"line":54,"column":26}}},"6":{"name":"(anonymous_16)","decl":{"start":{"line":54,"column":28},"end":{"line":54,"column":34}},"loc":{"start":{"line":54,"column":34},"end":{"line":54,"column":43}}},"7":{"name":"(anonymous_17)","decl":{"start":{"line":57,"column":15},"end":{"line":57,"column":20}},"loc":{"start":{"line":57,"column":15},"end":{"line":57,"column":29}}},"8":{"name":"(anonymous_18)","decl":{"start":{"line":57,"column":31},"end":{"line":57,"column":40}},"loc":{"start":{"line":57,"column":40},"end":{"line":57,"column":52}}},"9":{"name":"(anonymous_19)","decl":{"start":{"line":60,"column":15},"end":{"line":60,"column":20}},"loc":{"start":{"line":60,"column":15},"end":{"line":60,"column":25}}},"10":{"name":"(anonymous_20)","decl":{"start":{"line":60,"column":27},"end":{"line":60,"column":32}},"loc":{"start":{"line":60,"column":32},"end":{"line":60,"column":40}}},"11":{"name":"(anonymous_21)","decl":{"start":{"line":63,"column":15},"end":{"line":63,"column":20}},"loc":{"start":{"line":63,"column":15},"end":{"line":63,"column":25}}},"12":{"name":"(anonymous_22)","decl":{"start":{"line":63,"column":27},"end":{"line":63,"column":32}},"loc":{"start":{"line":63,"column":32},"end":{"line":63,"column":40}}},"13":{"name":"(anonymous_23)","decl":{"start":{"line":66,"column":15},"end":{"line":66,"column":20}},"loc":{"start":{"line":66,"column":15},"end":{"line":66,"column":26}}},"14":{"name":"(anonymous_24)","decl":{"start":{"line":66,"column":28},"end":{"line":66,"column":34}},"loc":{"start":{"line":66,"column":34},"end":{"line":66,"column":43}}},"15":{"name":"(anonymous_25)","decl":{"start":{"line":69,"column":15},"end":{"line":69,"column":20}},"loc":{"start":{"line":69,"column":15},"end":{"line":69,"column":24}}},"16":{"name":"(anonymous_26)","decl":{"start":{"line":69,"column":26},"end":{"line":69,"column":30}},"loc":{"start":{"line":69,"column":30},"end":{"line":69,"column":37}}},"17":{"name":"(anonymous_27)","decl":{"start":{"line":72,"column":15},"end":{"line":72,"column":20}},"loc":{"start":{"line":72,"column":15},"end":{"line":72,"column":28}}},"18":{"name":"(anonymous_28)","decl":{"start":{"line":72,"column":30},"end":{"line":72,"column":38}},"loc":{"start":{"line":72,"column":38},"end":{"line":72,"column":49}}}},"branchMap":{},"s":{"0":10,"1":10,"2":10,"3":10,"4":10,"5":10,"6":10,"7":10,"8":10,"9":10,"10":10,"11":10,"12":10,"13":10,"14":10,"15":10,"16":10,"17":10,"18":10,"19":10,"20":10,"21":10,"22":10,"23":100,"24":100,"25":10,"26":100,"27":100,"28":10,"29":100,"30":100,"31":10,"32":100,"33":100,"34":10,"35":100,"36":100,"37":10,"38":100,"39":100,"40":10,"41":100,"42":100,"43":10,"44":100,"45":100,"46":10,"47":100,"48":100,"49":10,"50":10,"51":10},"f":{"0":159,"1":100,"2":100,"3":100,"4":100,"5":100,"6":100,"7":100,"8":100,"9":100,"10":100,"11":100,"12":100,"13":100,"14":100,"15":100,"16":100,"17":100,"18":100},"b":{}}
,"D:\\@work\\orm-tdd\\src\\routes\\cityRouter.ts": {"path":"D:\\@work\\orm-tdd\\src\\routes\\cityRouter.ts","statementMap":{"0":{"start":{"line":1,"column":0},"end":{"line":1,"column":33}},"1":{"start":{"line":2,"column":0},"end":{"line":2,"column":43}},"2":{"start":{"line":3,"column":0},"end":{"line":3,"column":44}},"3":{"start":{"line":4,"column":0},"end":{"line":4,"column":42}},"4":{"start":{"line":5,"column":0},"end":{"line":5,"column":38}},"5":{"start":{"line":6,"column":0},"end":{"line":6,"column":60}},"6":{"start":{"line":8,"column":15},"end":{"line":8,"column":23}},"7":{"start":{"line":9,"column":13},"end":{"line":12,"column":2}},"8":{"start":{"line":10,"column":2},"end":{"line":10,"column":53}},"9":{"start":{"line":11,"column":2},"end":{"line":11,"column":13}},"10":{"start":{"line":15,"column":0},"end":{"line":43,"column":3}},"11":{"start":{"line":15,"column":54},"end":{"line":43,"column":2}},"12":{"start":{"line":16,"column":6},"end":{"line":16,"column":51}},"13":{"start":{"line":17,"column":2},"end":{"line":21,"column":null}},"14":{"start":{"line":18,"column":4},"end":{"line":20,"column":7}},"15":{"start":{"line":24,"column":18},"end":{"line":24,"column":29}},"16":{"start":{"line":24,"column":10},"end":{"line":24,"column":null}},"17":{"start":{"line":25,"column":19},"end":{"line":25,"column":30}},"18":{"start":{"line":25,"column":10},"end":{"line":25,"column":null}},"19":{"start":{"line":26,"column":19},"end":{"line":26,"column":30}},"20":{"start":{"line":26,"column":10},"end":{"line":26,"column":null}},"21":{"start":{"line":27,"column":10},"end":{"line":27,"column":39}},"22":{"start":{"line":28,"column":17},"end":{"line":28,"column":null}},"23":{"start":{"line":28,"column":10},"end":{"line":28,"column":null}},"24":{"start":{"line":29,"column":19},"end":{"line":29,"column":null}},"25":{"start":{"line":29,"column":10},"end":{"line":29,"column":null}},"26":{"start":{"line":30,"column":10},"end":{"line":36,"column":7}},"27":{"start":{"line":37,"column":4},"end":{"line":37,"column":25}},"28":{"start":{"line":39,"column":4},"end":{"line":39,"column":76}},"29":{"start":{"line":41,"column":4},"end":{"line":41,"column":65}},"30":{"start":{"line":46,"column":0},"end":{"line":57,"column":3}},"31":{"start":{"line":46,"column":48},"end":{"line":57,"column":2}},"32":{"start":{"line":48,"column":18},"end":{"line":48,"column":29}},"33":{"start":{"line":48,"column":10},"end":{"line":48,"column":null}},"34":{"start":{"line":49,"column":19},"end":{"line":49,"column":null}},"35":{"start":{"line":49,"column":10},"end":{"line":49,"column":null}},"36":{"start":{"line":50,"column":4},"end":{"line":52,"column":null}},"37":{"start":{"line":51,"column":6},"end":{"line":51,"column":75}},"38":{"start":{"line":53,"column":4},"end":{"line":53,"column":53}},"39":{"start":{"line":55,"column":4},"end":{"line":55,"column":63}},"40":{"start":{"line":60,"column":0},"end":{"line":72,"column":3}},"41":{"start":{"line":60,"column":51},"end":{"line":72,"column":2}},"42":{"start":{"line":61,"column":8},"end":{"line":61,"column":35}},"43":{"start":{"line":63,"column":18},"end":{"line":63,"column":29}},"44":{"start":{"line":63,"column":10},"end":{"line":63,"column":null}},"45":{"start":{"line":64,"column":17},"end":{"line":64,"column":null}},"46":{"start":{"line":64,"column":10},"end":{"line":64,"column":null}},"47":{"start":{"line":65,"column":4},"end":{"line":67,"column":null}},"48":{"start":{"line":66,"column":6},"end":{"line":66,"column":62}},"49":{"start":{"line":68,"column":4},"end":{"line":68,"column":31}},"50":{"start":{"line":70,"column":4},"end":{"line":70,"column":59}},"51":{"start":{"line":75,"column":0},"end":{"line":105,"column":3}},"52":{"start":{"line":75,"column":53},"end":{"line":105,"column":2}},"53":{"start":{"line":76,"column":8},"end":{"line":76,"column":35}},"54":{"start":{"line":77,"column":8},"end":{"line":77,"column":69}},"55":{"start":{"line":78,"column":8},"end":{"line":78,"column":18}},"56":{"start":{"line":80,"column":18},"end":{"line":80,"column":29}},"57":{"start":{"line":80,"column":10},"end":{"line":80,"column":null}},"58":{"start":{"line":81,"column":19},"end":{"line":81,"column":30}},"59":{"start":{"line":81,"column":10},"end":{"line":81,"column":null}},"60":{"start":{"line":82,"column":15},"end":{"line":82,"column":null}},"61":{"start":{"line":82,"column":8},"end":{"line":82,"column":null}},"62":{"start":{"line":83,"column":4},"end":{"line":85,"column":null}},"63":{"start":{"line":84,"column":6},"end":{"line":84,"column":62}},"64":{"start":{"line":86,"column":4},"end":{"line":88,"column":null}},"65":{"start":{"line":87,"column":6},"end":{"line":87,"column":70}},"66":{"start":{"line":90,"column":19},"end":{"line":90,"column":null}},"67":{"start":{"line":90,"column":10},"end":{"line":90,"column":null}},"68":{"start":{"line":91,"column":4},"end":{"line":93,"column":null}},"69":{"start":{"line":92,"column":6},"end":{"line":92,"column":72}},"70":{"start":{"line":94,"column":4},"end":{"line":94,"column":52}},"71":{"start":{"line":95,"column":4},"end":{"line":95,"column":38}},"72":{"start":{"line":96,"column":4},"end":{"line":96,"column":49}},"73":{"start":{"line":97,"column":4},"end":{"line":97,"column":64}},"74":{"start":{"line":98,"column":4},"end":{"line":98,"column":70}},"75":{"start":{"line":100,"column":4},"end":{"line":100,"column":25}},"76":{"start":{"line":101,"column":4},"end":{"line":101,"column":64}},"77":{"start":{"line":103,"column":4},"end":{"line":103,"column":64}},"78":{"start":{"line":108,"column":0},"end":{"line":122,"column":3}},"79":{"start":{"line":108,"column":54},"end":{"line":122,"column":2}},"80":{"start":{"line":109,"column":8},"end":{"line":109,"column":35}},"81":{"start":{"line":111,"column":18},"end":{"line":111,"column":29}},"82":{"start":{"line":111,"column":10},"end":{"line":111,"column":null}},"83":{"start":{"line":112,"column":15},"end":{"line":112,"column":null}},"84":{"start":{"line":112,"column":8},"end":{"line":112,"column":null}},"85":{"start":{"line":113,"column":4},"end":{"line":115,"column":null}},"86":{"start":{"line":114,"column":6},"end":{"line":114,"column":62}},"87":{"start":{"line":116,"column":4},"end":{"line":116,"column":31}},"88":{"start":{"line":117,"column":4},"end":{"line":117,"column":25}},"89":{"start":{"line":118,"column":4},"end":{"line":118,"column":64}},"90":{"start":{"line":120,"column":4},"end":{"line":120,"column":59}},"91":{"start":{"line":124,"column":0},"end":{"line":124,"column":22}}},"fnMap":{"0":{"name":"(anonymous_13)","decl":{"start":{"line":9,"column":37},"end":{"line":9,"column":38}},"loc":{"start":{"line":9,"column":41},"end":{"line":12,"column":1}}},"1":{"name":"(anonymous_14)","decl":{"start":{"line":15,"column":34},"end":{"line":15,"column":41}},"loc":{"start":{"line":15,"column":54},"end":{"line":43,"column":2}}},"2":{"name":"(anonymous_15)","decl":{"start":{"line":15,"column":54},"end":{"line":15,"column":null}},"loc":{"start":{"line":15,"column":54},"end":{"line":43,"column":2}}},"3":{"name":"(anonymous_17)","decl":{"start":{"line":46,"column":33},"end":{"line":46,"column":40}},"loc":{"start":{"line":46,"column":48},"end":{"line":57,"column":2}}},"4":{"name":"(anonymous_18)","decl":{"start":{"line":46,"column":48},"end":{"line":46,"column":null}},"loc":{"start":{"line":46,"column":48},"end":{"line":57,"column":2}}},"5":{"name":"(anonymous_20)","decl":{"start":{"line":60,"column":36},"end":{"line":60,"column":43}},"loc":{"start":{"line":60,"column":51},"end":{"line":72,"column":2}}},"6":{"name":"(anonymous_21)","decl":{"start":{"line":60,"column":51},"end":{"line":60,"column":null}},"loc":{"start":{"line":60,"column":51},"end":{"line":72,"column":2}}},"7":{"name":"(anonymous_23)","decl":{"start":{"line":75,"column":38},"end":{"line":75,"column":45}},"loc":{"start":{"line":75,"column":53},"end":{"line":105,"column":2}}},"8":{"name":"(anonymous_24)","decl":{"start":{"line":75,"column":53},"end":{"line":75,"column":null}},"loc":{"start":{"line":75,"column":53},"end":{"line":105,"column":2}}},"9":{"name":"(anonymous_26)","decl":{"start":{"line":108,"column":39},"end":{"line":108,"column":46}},"loc":{"start":{"line":108,"column":54},"end":{"line":122,"column":2}}},"10":{"name":"(anonymous_27)","decl":{"start":{"line":108,"column":54},"end":{"line":108,"column":null}},"loc":{"start":{"line":108,"column":54},"end":{"line":122,"column":2}}}},"branchMap":{"0":{"loc":{"start":{"line":17,"column":2},"end":{"line":21,"column":null}},"type":"if","locations":[{"start":{"line":17,"column":2},"end":{"line":21,"column":null}}]},"1":{"loc":{"start":{"line":17,"column":8},"end":{"line":17,"column":52}},"type":"binary-expr","locations":[{"start":{"line":17,"column":8},"end":{"line":17,"column":17}},{"start":{"line":17,"column":21},"end":{"line":17,"column":25}},{"start":{"line":17,"column":29},"end":{"line":17,"column":36}},{"start":{"line":17,"column":40},"end":{"line":17,"column":52}}]},"2":{"loc":{"start":{"line":50,"column":4},"end":{"line":52,"column":null}},"type":"if","locations":[{"start":{"line":50,"column":4},"end":{"line":52,"column":null}}]},"3":{"loc":{"start":{"line":65,"column":4},"end":{"line":67,"column":null}},"type":"if","locations":[{"start":{"line":65,"column":4},"end":{"line":67,"column":null}}]},"4":{"loc":{"start":{"line":65,"column":8},"end":{"line":65,"column":47}},"type":"binary-expr","locations":[{"start":{"line":65,"column":8},"end":{"line":65,"column":13}},{"start":{"line":65,"column":17},"end":{"line":65,"column":47}}]},"5":{"loc":{"start":{"line":83,"column":4},"end":{"line":85,"column":null}},"type":"if","locations":[{"start":{"line":83,"column":4},"end":{"line":85,"column":null}}]},"6":{"loc":{"start":{"line":83,"column":8},"end":{"line":83,"column":47}},"type":"binary-expr","locations":[{"start":{"line":83,"column":8},"end":{"line":83,"column":13}},{"start":{"line":83,"column":17},"end":{"line":83,"column":47}}]},"7":{"loc":{"start":{"line":86,"column":4},"end":{"line":88,"column":null}},"type":"if","locations":[{"start":{"line":86,"column":4},"end":{"line":88,"column":null}}]},"8":{"loc":{"start":{"line":86,"column":10},"end":{"line":86,"column":70}},"type":"binary-expr","locations":[{"start":{"line":86,"column":10},"end":{"line":86,"column":19}},{"start":{"line":86,"column":23},"end":{"line":86,"column":25}},{"start":{"line":86,"column":29},"end":{"line":86,"column":41}},{"start":{"line":86,"column":45},"end":{"line":86,"column":59}},{"start":{"line":86,"column":63},"end":{"line":86,"column":70}}]},"9":{"loc":{"start":{"line":91,"column":4},"end":{"line":93,"column":null}},"type":"if","locations":[{"start":{"line":91,"column":4},"end":{"line":93,"column":null}}]},"10":{"loc":{"start":{"line":91,"column":8},"end":{"line":91,"column":50}},"type":"binary-expr","locations":[{"start":{"line":91,"column":8},"end":{"line":91,"column":15}},{"start":{"line":91,"column":19},"end":{"line":91,"column":50}}]},"11":{"loc":{"start":{"line":94,"column":24},"end":{"line":94,"column":51}},"type":"binary-expr","locations":[{"start":{"line":94,"column":24},"end":{"line":94,"column":30}},{"start":{"line":94,"column":34},"end":{"line":94,"column":51}}]},"12":{"loc":{"start":{"line":95,"column":19},"end":{"line":95,"column":37}},"type":"binary-expr","locations":[{"start":{"line":95,"column":19},"end":{"line":95,"column":21}},{"start":{"line":95,"column":25},"end":{"line":95,"column":37}}]},"13":{"loc":{"start":{"line":96,"column":22},"end":{"line":96,"column":48}},"type":"binary-expr","locations":[{"start":{"line":96,"column":22},"end":{"line":96,"column":29}},{"start":{"line":96,"column":33},"end":{"line":96,"column":48}}]},"14":{"loc":{"start":{"line":97,"column":27},"end":{"line":97,"column":63}},"type":"binary-expr","locations":[{"start":{"line":97,"column":27},"end":{"line":97,"column":39}},{"start":{"line":97,"column":43},"end":{"line":97,"column":63}}]},"15":{"loc":{"start":{"line":98,"column":29},"end":{"line":98,"column":69}},"type":"binary-expr","locations":[{"start":{"line":98,"column":29},"end":{"line":98,"column":43}},{"start":{"line":98,"column":47},"end":{"line":98,"column":69}}]},"16":{"loc":{"start":{"line":113,"column":4},"end":{"line":115,"column":null}},"type":"if","locations":[{"start":{"line":113,"column":4},"end":{"line":115,"column":null}}]},"17":{"loc":{"start":{"line":113,"column":8},"end":{"line":113,"column":47}},"type":"binary-expr","locations":[{"start":{"line":113,"column":8},"end":{"line":113,"column":13}},{"start":{"line":113,"column":17},"end":{"line":113,"column":47}}]}},"s":{"0":20,"1":10,"2":10,"3":10,"4":10,"5":10,"6":10,"7":10,"8":10,"9":10,"10":10,"11":2,"12":2,"13":2,"14":1,"15":1,"16":1,"17":1,"18":1,"19":1,"20":1,"21":1,"22":1,"23":1,"24":1,"25":1,"26":1,"27":2,"28":1,"29":0,"30":10,"31":2,"32":2,"33":2,"34":2,"35":2,"36":2,"37":0,"38":2,"39":0,"40":10,"41":3,"42":3,"43":3,"44":3,"45":3,"46":3,"47":3,"48":1,"49":2,"50":0,"51":10,"52":5,"53":5,"54":5,"55":5,"56":5,"57":5,"58":5,"59":5,"60":5,"61":5,"62":5,"63":1,"64":4,"65":2,"66":2,"67":2,"68":2,"69":0,"70":2,"71":2,"72":2,"73":2,"74":2,"75":4,"76":2,"77":0,"78":10,"79":3,"80":3,"81":3,"82":3,"83":3,"84":3,"85":3,"86":1,"87":2,"88":4,"89":2,"90":0,"91":10},"f":{"0":10,"1":2,"2":2,"3":2,"4":2,"5":3,"6":3,"7":5,"8":5,"9":3,"10":3},"b":{"0":[1],"1":[2,1,1,1],"2":[0],"3":[1],"4":[3,3],"5":[1],"6":[5,5],"7":[2],"8":[4,2,2,2,2],"9":[0],"10":[2,2],"11":[2,0],"12":[2,2],"13":[2,2],"14":[2,0],"15":[2,2],"16":[1],"17":[3,3]}}
,"D:\\@work\\orm-tdd\\src\\routes\\companyRouter.ts": {"path":"D:\\@work\\orm-tdd\\src\\routes\\companyRouter.ts","statementMap":{"0":{"start":{"line":1,"column":0},"end":{"line":1,"column":33}},"1":{"start":{"line":2,"column":0},"end":{"line":2,"column":43}},"2":{"start":{"line":3,"column":0},"end":{"line":3,"column":44}},"3":{"start":{"line":4,"column":0},"end":{"line":4,"column":42}},"4":{"start":{"line":5,"column":0},"end":{"line":5,"column":38}},"5":{"start":{"line":6,"column":0},"end":{"line":6,"column":60}},"6":{"start":{"line":8,"column":15},"end":{"line":8,"column":23}},"7":{"start":{"line":9,"column":13},"end":{"line":12,"column":2}},"8":{"start":{"line":10,"column":2},"end":{"line":10,"column":49}},"9":{"start":{"line":11,"column":2},"end":{"line":11,"column":13}},"10":{"start":{"line":15,"column":0},"end":{"line":37,"column":3}},"11":{"start":{"line":15,"column":54},"end":{"line":37,"column":2}},"12":{"start":{"line":16,"column":6},"end":{"line":16,"column":78}},"13":{"start":{"line":17,"column":2},"end":{"line":19,"column":null}},"14":{"start":{"line":18,"column":4},"end":{"line":18,"column":106}},"15":{"start":{"line":20,"column":2},"end":{"line":22,"column":null}},"16":{"start":{"line":21,"column":4},"end":{"line":21,"column":null}},"17":{"start":{"line":24,"column":18},"end":{"line":24,"column":29}},"18":{"start":{"line":24,"column":10},"end":{"line":24,"column":null}},"19":{"start":{"line":25,"column":19},"end":{"line":25,"column":30}},"20":{"start":{"line":25,"column":10},"end":{"line":25,"column":null}},"21":{"start":{"line":26,"column":19},"end":{"line":26,"column":30}},"22":{"start":{"line":26,"column":10},"end":{"line":26,"column":null}},"23":{"start":{"line":27,"column":10},"end":{"line":27,"column":39}},"24":{"start":{"line":28,"column":17},"end":{"line":28,"column":null}},"25":{"start":{"line":28,"column":10},"end":{"line":28,"column":null}},"26":{"start":{"line":29,"column":19},"end":{"line":29,"column":null}},"27":{"start":{"line":29,"column":10},"end":{"line":29,"column":null}},"28":{"start":{"line":30,"column":10},"end":{"line":30,"column":141}},"29":{"start":{"line":31,"column":4},"end":{"line":31,"column":28}},"30":{"start":{"line":33,"column":4},"end":{"line":33,"column":82}},"31":{"start":{"line":35,"column":4},"end":{"line":35,"column":66}},"32":{"start":{"line":40,"column":0},"end":{"line":51,"column":3}},"33":{"start":{"line":40,"column":48},"end":{"line":51,"column":2}},"34":{"start":{"line":42,"column":18},"end":{"line":42,"column":29}},"35":{"start":{"line":42,"column":10},"end":{"line":42,"column":null}},"36":{"start":{"line":43,"column":22},"end":{"line":43,"column":null}},"37":{"start":{"line":43,"column":10},"end":{"line":43,"column":null}},"38":{"start":{"line":44,"column":4},"end":{"line":46,"column":null}},"39":{"start":{"line":45,"column":6},"end":{"line":45,"column":80}},"40":{"start":{"line":47,"column":4},"end":{"line":47,"column":56}},"41":{"start":{"line":49,"column":4},"end":{"line":49,"column":63}},"42":{"start":{"line":54,"column":0},"end":{"line":66,"column":3}},"43":{"start":{"line":54,"column":51},"end":{"line":66,"column":2}},"44":{"start":{"line":55,"column":8},"end":{"line":55,"column":35}},"45":{"start":{"line":57,"column":18},"end":{"line":57,"column":29}},"46":{"start":{"line":57,"column":10},"end":{"line":57,"column":null}},"47":{"start":{"line":58,"column":20},"end":{"line":58,"column":null}},"48":{"start":{"line":58,"column":10},"end":{"line":58,"column":null}},"49":{"start":{"line":59,"column":4},"end":{"line":61,"column":null}},"50":{"start":{"line":60,"column":6},"end":{"line":60,"column":65}},"51":{"start":{"line":62,"column":4},"end":{"line":62,"column":34}},"52":{"start":{"line":64,"column":4},"end":{"line":64,"column":59}},"53":{"start":{"line":69,"column":0},"end":{"line":104,"column":3}},"54":{"start":{"line":69,"column":53},"end":{"line":104,"column":2}},"55":{"start":{"line":70,"column":8},"end":{"line":70,"column":35}},"56":{"start":{"line":71,"column":8},"end":{"line":71,"column":97}},"57":{"start":{"line":73,"column":18},"end":{"line":73,"column":29}},"58":{"start":{"line":73,"column":10},"end":{"line":73,"column":null}},"59":{"start":{"line":74,"column":19},"end":{"line":74,"column":30}},"60":{"start":{"line":74,"column":10},"end":{"line":74,"column":null}},"61":{"start":{"line":75,"column":18},"end":{"line":75,"column":null}},"62":{"start":{"line":75,"column":8},"end":{"line":75,"column":null}},"63":{"start":{"line":76,"column":4},"end":{"line":78,"column":null}},"64":{"start":{"line":77,"column":6},"end":{"line":77,"column":65}},"65":{"start":{"line":79,"column":4},"end":{"line":81,"column":null}},"66":{"start":{"line":80,"column":6},"end":{"line":80,"column":70}},"67":{"start":{"line":82,"column":4},"end":{"line":86,"column":null}},"68":{"start":{"line":83,"column":6},"end":{"line":85,"column":null}},"69":{"start":{"line":84,"column":8},"end":{"line":84,"column":73}},"70":{"start":{"line":88,"column":19},"end":{"line":88,"column":null}},"71":{"start":{"line":88,"column":10},"end":{"line":88,"column":null}},"72":{"start":{"line":89,"column":4},"end":{"line":91,"column":null}},"73":{"start":{"line":90,"column":6},"end":{"line":90,"column":null}},"74":{"start":{"line":92,"column":4},"end":{"line":92,"column":null}},"75":{"start":{"line":93,"column":4},"end":{"line":93,"column":67}},"76":{"start":{"line":94,"column":4},"end":{"line":94,"column":67}},"77":{"start":{"line":95,"column":4},"end":{"line":95,"column":76}},"78":{"start":{"line":96,"column":4},"end":{"line":96,"column":46}},"79":{"start":{"line":97,"column":4},"end":{"line":97,"column":55}},"80":{"start":{"line":98,"column":4},"end":{"line":98,"column":76}},"81":{"start":{"line":99,"column":4},"end":{"line":99,"column":28}},"82":{"start":{"line":100,"column":4},"end":{"line":100,"column":67}},"83":{"start":{"line":102,"column":4},"end":{"line":102,"column":64}},"84":{"start":{"line":107,"column":0},"end":{"line":121,"column":3}},"85":{"start":{"line":107,"column":54},"end":{"line":121,"column":2}},"86":{"start":{"line":108,"column":8},"end":{"line":108,"column":35}},"87":{"start":{"line":110,"column":18},"end":{"line":110,"column":29}},"88":{"start":{"line":110,"column":10},"end":{"line":110,"column":null}},"89":{"start":{"line":111,"column":18},"end":{"line":111,"column":null}},"90":{"start":{"line":111,"column":8},"end":{"line":111,"column":null}},"91":{"start":{"line":112,"column":4},"end":{"line":114,"column":null}},"92":{"start":{"line":113,"column":6},"end":{"line":113,"column":65}},"93":{"start":{"line":115,"column":4},"end":{"line":115,"column":34}},"94":{"start":{"line":116,"column":4},"end":{"line":116,"column":28}},"95":{"start":{"line":117,"column":4},"end":{"line":117,"column":67}},"96":{"start":{"line":119,"column":4},"end":{"line":119,"column":59}},"97":{"start":{"line":123,"column":0},"end":{"line":123,"column":22}}},"fnMap":{"0":{"name":"(anonymous_13)","decl":{"start":{"line":9,"column":37},"end":{"line":9,"column":38}},"loc":{"start":{"line":9,"column":41},"end":{"line":12,"column":1}}},"1":{"name":"(anonymous_14)","decl":{"start":{"line":15,"column":34},"end":{"line":15,"column":41}},"loc":{"start":{"line":15,"column":54},"end":{"line":37,"column":2}}},"2":{"name":"(anonymous_15)","decl":{"start":{"line":15,"column":54},"end":{"line":15,"column":null}},"loc":{"start":{"line":15,"column":54},"end":{"line":37,"column":2}}},"3":{"name":"(anonymous_17)","decl":{"start":{"line":40,"column":33},"end":{"line":40,"column":40}},"loc":{"start":{"line":40,"column":48},"end":{"line":51,"column":2}}},"4":{"name":"(anonymous_18)","decl":{"start":{"line":40,"column":48},"end":{"line":40,"column":null}},"loc":{"start":{"line":40,"column":48},"end":{"line":51,"column":2}}},"5":{"name":"(anonymous_20)","decl":{"start":{"line":54,"column":36},"end":{"line":54,"column":43}},"loc":{"start":{"line":54,"column":51},"end":{"line":66,"column":2}}},"6":{"name":"(anonymous_21)","decl":{"start":{"line":54,"column":51},"end":{"line":54,"column":null}},"loc":{"start":{"line":54,"column":51},"end":{"line":66,"column":2}}},"7":{"name":"(anonymous_23)","decl":{"start":{"line":69,"column":38},"end":{"line":69,"column":45}},"loc":{"start":{"line":69,"column":53},"end":{"line":104,"column":2}}},"8":{"name":"(anonymous_24)","decl":{"start":{"line":69,"column":53},"end":{"line":69,"column":null}},"loc":{"start":{"line":69,"column":53},"end":{"line":104,"column":2}}},"9":{"name":"(anonymous_26)","decl":{"start":{"line":107,"column":39},"end":{"line":107,"column":46}},"loc":{"start":{"line":107,"column":54},"end":{"line":121,"column":2}}},"10":{"name":"(anonymous_27)","decl":{"start":{"line":107,"column":54},"end":{"line":107,"column":null}},"loc":{"start":{"line":107,"column":54},"end":{"line":121,"column":2}}}},"branchMap":{"0":{"loc":{"start":{"line":17,"column":2},"end":{"line":19,"column":null}},"type":"if","locations":[{"start":{"line":17,"column":2},"end":{"line":19,"column":null}}]},"1":{"loc":{"start":{"line":17,"column":7},"end":{"line":17,"column":83}},"type":"binary-expr","locations":[{"start":{"line":17,"column":7},"end":{"line":17,"column":16}},{"start":{"line":17,"column":20},"end":{"line":17,"column":31}},{"start":{"line":17,"column":35},"end":{"line":17,"column":46}},{"start":{"line":17,"column":50},"end":{"line":17,"column":54}},{"start":{"line":17,"column":58},"end":{"line":17,"column":65}},{"start":{"line":17,"column":69},"end":{"line":17,"column":83}}]},"2":{"loc":{"start":{"line":20,"column":2},"end":{"line":22,"column":null}},"type":"if","locations":[{"start":{"line":20,"column":2},"end":{"line":22,"column":null}}]},"3":{"loc":{"start":{"line":44,"column":4},"end":{"line":46,"column":null}},"type":"if","locations":[{"start":{"line":44,"column":4},"end":{"line":46,"column":null}}]},"4":{"loc":{"start":{"line":59,"column":4},"end":{"line":61,"column":null}},"type":"if","locations":[{"start":{"line":59,"column":4},"end":{"line":61,"column":null}}]},"5":{"loc":{"start":{"line":59,"column":8},"end":{"line":59,"column":53}},"type":"binary-expr","locations":[{"start":{"line":59,"column":8},"end":{"line":59,"column":16}},{"start":{"line":59,"column":20},"end":{"line":59,"column":53}}]},"6":{"loc":{"start":{"line":76,"column":4},"end":{"line":78,"column":null}},"type":"if","locations":[{"start":{"line":76,"column":4},"end":{"line":78,"column":null}}]},"7":{"loc":{"start":{"line":76,"column":8},"end":{"line":76,"column":53}},"type":"binary-expr","locations":[{"start":{"line":76,"column":8},"end":{"line":76,"column":16}},{"start":{"line":76,"column":20},"end":{"line":76,"column":53}}]},"8":{"loc":{"start":{"line":79,"column":4},"end":{"line":81,"column":null}},"type":"if","locations":[{"start":{"line":79,"column":4},"end":{"line":81,"column":null}}]},"9":{"loc":{"start":{"line":79,"column":9},"end":{"line":79,"column":103}},"type":"binary-expr","locations":[{"start":{"line":79,"column":9},"end":{"line":79,"column":20}},{"start":{"line":79,"column":24},"end":{"line":79,"column":33}},{"start":{"line":79,"column":37},"end":{"line":79,"column":51}},{"start":{"line":79,"column":55},"end":{"line":79,"column":66}},{"start":{"line":79,"column":70},"end":{"line":79,"column":74}},{"start":{"line":79,"column":78},"end":{"line":79,"column":85}},{"start":{"line":79,"column":89},"end":{"line":79,"column":103}}]},"10":{"loc":{"start":{"line":82,"column":4},"end":{"line":86,"column":null}},"type":"if","locations":[{"start":{"line":82,"column":4},"end":{"line":86,"column":null}}]},"11":{"loc":{"start":{"line":83,"column":6},"end":{"line":85,"column":null}},"type":"if","locations":[{"start":{"line":83,"column":6},"end":{"line":85,"column":null}}]},"12":{"loc":{"start":{"line":89,"column":4},"end":{"line":91,"column":null}},"type":"if","locations":[{"start":{"line":89,"column":4},"end":{"line":91,"column":null}}]},"13":{"loc":{"start":{"line":89,"column":7},"end":{"line":89,"column":49}},"type":"binary-expr","locations":[{"start":{"line":89,"column":7},"end":{"line":89,"column":14}},{"start":{"line":89,"column":18},"end":{"line":89,"column":49}}]},"14":{"loc":{"start":{"line":92,"column":35},"end":{"line":92,"column":73}},"type":"binary-expr","locations":[{"start":{"line":92,"column":35},"end":{"line":92,"column":41}},{"start":{"line":92,"column":45},"end":{"line":92,"column":73}}]},"15":{"loc":{"start":{"line":93,"column":29},"end":{"line":93,"column":66}},"type":"binary-expr","locations":[{"start":{"line":93,"column":29},"end":{"line":93,"column":40}},{"start":{"line":93,"column":44},"end":{"line":93,"column":66}}]},"16":{"loc":{"start":{"line":94,"column":29},"end":{"line":94,"column":66}},"type":"binary-expr","locations":[{"start":{"line":94,"column":29},"end":{"line":94,"column":40}},{"start":{"line":94,"column":44},"end":{"line":94,"column":66}}]},"17":{"loc":{"start":{"line":95,"column":32},"end":{"line":95,"column":75}},"type":"binary-expr","locations":[{"start":{"line":95,"column":32},"end":{"line":95,"column":46}},{"start":{"line":95,"column":50},"end":{"line":95,"column":75}}]},"18":{"loc":{"start":{"line":96,"column":22},"end":{"line":96,"column":45}},"type":"binary-expr","locations":[{"start":{"line":96,"column":22},"end":{"line":96,"column":26}},{"start":{"line":96,"column":30},"end":{"line":96,"column":45}}]},"19":{"loc":{"start":{"line":97,"column":25},"end":{"line":97,"column":54}},"type":"binary-expr","locations":[{"start":{"line":97,"column":25},"end":{"line":97,"column":32}},{"start":{"line":97,"column":36},"end":{"line":97,"column":54}}]},"20":{"loc":{"start":{"line":98,"column":32},"end":{"line":98,"column":75}},"type":"binary-expr","locations":[{"start":{"line":98,"column":32},"end":{"line":98,"column":46}},{"start":{"line":98,"column":50},"end":{"line":98,"column":75}}]},"21":{"loc":{"start":{"line":112,"column":4},"end":{"line":114,"column":null}},"type":"if","locations":[{"start":{"line":112,"column":4},"end":{"line":114,"column":null}}]},"22":{"loc":{"start":{"line":112,"column":8},"end":{"line":112,"column":53}},"type":"binary-expr","locations":[{"start":{"line":112,"column":8},"end":{"line":112,"column":16}},{"start":{"line":112,"column":20},"end":{"line":112,"column":53}}]}},"s":{"0":20,"1":10,"2":10,"3":10,"4":10,"5":10,"6":10,"7":10,"8":10,"9":10,"10":10,"11":3,"12":3,"13":3,"14":1,"15":2,"16":1,"17":1,"18":1,"19":1,"20":1,"21":1,"22":1,"23":1,"24":1,"25":1,"26":1,"27":1,"28":1,"29":2,"30":1,"31":0,"32":10,"33":2,"34":2,"35":2,"36":2,"37":2,"38":2,"39":0,"40":2,"41":0,"42":10,"43":3,"44":3,"45":3,"46":3,"47":3,"48":3,"49":3,"50":1,"51":2,"52":0,"53":10,"54":5,"55":5,"56":5,"57":5,"58":5,"59":5,"60":5,"61":5,"62":5,"63":5,"64":1,"65":4,"66":1,"67":3,"68":1,"69":1,"70":2,"71":2,"72":2,"73":0,"74":2,"75":2,"76":2,"77":2,"78":2,"79":2,"80":2,"81":4,"82":2,"83":0,"84":10,"85":3,"86":3,"87":3,"88":3,"89":3,"90":3,"91":3,"92":1,"93":2,"94":4,"95":2,"96":0,"97":10},"f":{"0":10,"1":3,"2":3,"3":2,"4":2,"5":3,"6":3,"7":5,"8":5,"9":3,"10":3},"b":{"0":[1],"1":[3,2,2,2,2,2],"2":[1],"3":[0],"4":[1],"5":[3,3],"6":[1],"7":[5,5],"8":[1],"9":[4,3,1,1,1,1,1],"10":[1],"11":[1],"12":[0],"13":[2,2],"14":[2,0],"15":[2,2],"16":[2,2],"17":[2,0],"18":[2,0],"19":[2,0],"20":[2,0],"21":[1],"22":[3,3]}}
,"D:\\@work\\orm-tdd\\src\\routes\\materialRouter.ts": {"path":"D:\\@work\\orm-tdd\\src\\routes\\materialRouter.ts","statementMap":{"0":{"start":{"line":1,"column":0},"end":{"line":1,"column":33}},"1":{"start":{"line":2,"column":0},"end":{"line":2,"column":43}},"2":{"start":{"line":4,"column":0},"end":{"line":4,"column":44}},"3":{"start":{"line":5,"column":0},"end":{"line":5,"column":46}},"4":{"start":{"line":12,"column":0},"end":{"line":12,"column":38}},"5":{"start":{"line":13,"column":0},"end":{"line":13,"column":60}},"6":{"start":{"line":15,"column":15},"end":{"line":15,"column":23}},"7":{"start":{"line":16,"column":13},"end":{"line":19,"column":2}},"8":{"start":{"line":17,"column":2},"end":{"line":17,"column":50}},"9":{"start":{"line":18,"column":2},"end":{"line":18,"column":13}},"10":{"start":{"line":22,"column":0},"end":{"line":68,"column":3}},"11":{"start":{"line":22,"column":54},"end":{"line":68,"column":2}},"12":{"start":{"line":23,"column":6},"end":{"line":29,"column":null}},"13":{"start":{"line":31,"column":2},"end":{"line":44,"column":null}},"14":{"start":{"line":41,"column":4},"end":{"line":43,"column":7}},"15":{"start":{"line":47,"column":18},"end":{"line":47,"column":29}},"16":{"start":{"line":47,"column":10},"end":{"line":47,"column":null}},"17":{"start":{"line":48,"column":19},"end":{"line":48,"column":30}},"18":{"start":{"line":48,"column":10},"end":{"line":48,"column":null}},"19":{"start":{"line":49,"column":19},"end":{"line":49,"column":30}},"20":{"start":{"line":49,"column":10},"end":{"line":49,"column":null}},"21":{"start":{"line":50,"column":10},"end":{"line":50,"column":39}},"22":{"start":{"line":51,"column":17},"end":{"line":51,"column":null}},"23":{"start":{"line":51,"column":10},"end":{"line":51,"column":null}},"24":{"start":{"line":52,"column":20},"end":{"line":52,"column":null}},"25":{"start":{"line":52,"column":10},"end":{"line":52,"column":null}},"26":{"start":{"line":53,"column":10},"end":{"line":61,"column":7}},"27":{"start":{"line":62,"column":4},"end":{"line":62,"column":29}},"28":{"start":{"line":64,"column":4},"end":{"line":64,"column":84}},"29":{"start":{"line":66,"column":4},"end":{"line":66,"column":66}},"30":{"start":{"line":99,"column":0},"end":{"line":110,"column":3}},"31":{"start":{"line":99,"column":48},"end":{"line":110,"column":2}},"32":{"start":{"line":101,"column":18},"end":{"line":101,"column":29}},"33":{"start":{"line":101,"column":10},"end":{"line":101,"column":null}},"34":{"start":{"line":102,"column":22},"end":{"line":102,"column":null}},"35":{"start":{"line":102,"column":10},"end":{"line":102,"column":null}},"36":{"start":{"line":103,"column":4},"end":{"line":105,"column":null}},"37":{"start":{"line":104,"column":6},"end":{"line":104,"column":81}},"38":{"start":{"line":106,"column":4},"end":{"line":106,"column":62}},"39":{"start":{"line":108,"column":4},"end":{"line":108,"column":63}},"40":{"start":{"line":113,"column":0},"end":{"line":125,"column":3}},"41":{"start":{"line":113,"column":51},"end":{"line":125,"column":2}},"42":{"start":{"line":114,"column":8},"end":{"line":114,"column":35}},"43":{"start":{"line":116,"column":18},"end":{"line":116,"column":29}},"44":{"start":{"line":116,"column":10},"end":{"line":116,"column":null}},"45":{"start":{"line":117,"column":21},"end":{"line":117,"column":null}},"46":{"start":{"line":117,"column":10},"end":{"line":117,"column":null}},"47":{"start":{"line":118,"column":4},"end":{"line":120,"column":null}},"48":{"start":{"line":119,"column":6},"end":{"line":119,"column":66}},"49":{"start":{"line":121,"column":4},"end":{"line":121,"column":35}},"50":{"start":{"line":123,"column":4},"end":{"line":123,"column":59}},"51":{"start":{"line":128,"column":0},"end":{"line":182,"column":3}},"52":{"start":{"line":128,"column":53},"end":{"line":182,"column":2}},"53":{"start":{"line":129,"column":8},"end":{"line":129,"column":35}},"54":{"start":{"line":130,"column":8},"end":{"line":137,"column":null}},"55":{"start":{"line":140,"column":18},"end":{"line":140,"column":29}},"56":{"start":{"line":140,"column":10},"end":{"line":140,"column":null}},"57":{"start":{"line":141,"column":19},"end":{"line":141,"column":30}},"58":{"start":{"line":141,"column":10},"end":{"line":141,"column":null}},"59":{"start":{"line":142,"column":19},"end":{"line":142,"column":null}},"60":{"start":{"line":142,"column":8},"end":{"line":142,"column":null}},"61":{"start":{"line":143,"column":4},"end":{"line":145,"column":null}},"62":{"start":{"line":144,"column":6},"end":{"line":144,"column":66}},"63":{"start":{"line":146,"column":4},"end":{"line":158,"column":null}},"64":{"start":{"line":157,"column":6},"end":{"line":157,"column":70}},"65":{"start":{"line":159,"column":8},"end":{"line":159,"column":23}},"66":{"start":{"line":161,"column":8},"end":{"line":161,"column":18}},"67":{"start":{"line":162,"column":16},"end":{"line":162,"column":67}},"68":{"start":{"line":162,"column":6},"end":{"line":162,"column":67}},"69":{"start":{"line":164,"column":6},"end":{"line":166,"column":null}},"70":{"start":{"line":165,"column":8},"end":{"line":165,"column":76}},"71":{"start":{"line":169,"column":4},"end":{"line":169,"column":63}},"72":{"start":{"line":170,"column":4},"end":{"line":170,"column":63}},"73":{"start":{"line":171,"column":4},"end":{"line":171,"column":63}},"74":{"start":{"line":172,"column":4},"end":{"line":172,"column":63}},"75":{"start":{"line":173,"column":4},"end":{"line":173,"column":69}},"76":{"start":{"line":174,"column":4},"end":{"line":174,"column":45}},"77":{"start":{"line":175,"column":4},"end":{"line":175,"column":78}},"78":{"start":{"line":177,"column":4},"end":{"line":177,"column":29}},"79":{"start":{"line":178,"column":4},"end":{"line":178,"column":68}},"80":{"start":{"line":180,"column":4},"end":{"line":180,"column":64}},"81":{"start":{"line":185,"column":0},"end":{"line":199,"column":3}},"82":{"start":{"line":185,"column":54},"end":{"line":199,"column":2}},"83":{"start":{"line":186,"column":8},"end":{"line":186,"column":35}},"84":{"start":{"line":188,"column":18},"end":{"line":188,"column":29}},"85":{"start":{"line":188,"column":10},"end":{"line":188,"column":null}},"86":{"start":{"line":189,"column":19},"end":{"line":189,"column":null}},"87":{"start":{"line":189,"column":8},"end":{"line":189,"column":null}},"88":{"start":{"line":190,"column":4},"end":{"line":192,"column":null}},"89":{"start":{"line":191,"column":6},"end":{"line":191,"column":66}},"90":{"start":{"line":193,"column":4},"end":{"line":193,"column":35}},"91":{"start":{"line":194,"column":4},"end":{"line":194,"column":29}},"92":{"start":{"line":195,"column":4},"end":{"line":195,"column":68}},"93":{"start":{"line":197,"column":4},"end":{"line":197,"column":59}},"94":{"start":{"line":201,"column":0},"end":{"line":201,"column":22}}},"fnMap":{"0":{"name":"(anonymous_13)","decl":{"start":{"line":16,"column":37},"end":{"line":16,"column":38}},"loc":{"start":{"line":16,"column":41},"end":{"line":19,"column":1}}},"1":{"name":"(anonymous_14)","decl":{"start":{"line":22,"column":34},"end":{"line":22,"column":41}},"loc":{"start":{"line":22,"column":54},"end":{"line":68,"column":2}}},"2":{"name":"(anonymous_15)","decl":{"start":{"line":22,"column":54},"end":{"line":22,"column":null}},"loc":{"start":{"line":22,"column":54},"end":{"line":68,"column":2}}},"3":{"name":"(anonymous_17)","decl":{"start":{"line":99,"column":33},"end":{"line":99,"column":40}},"loc":{"start":{"line":99,"column":48},"end":{"line":110,"column":2}}},"4":{"name":"(anonymous_18)","decl":{"start":{"line":99,"column":48},"end":{"line":99,"column":null}},"loc":{"start":{"line":99,"column":48},"end":{"line":110,"column":2}}},"5":{"name":"(anonymous_20)","decl":{"start":{"line":113,"column":36},"end":{"line":113,"column":43}},"loc":{"start":{"line":113,"column":51},"end":{"line":125,"column":2}}},"6":{"name":"(anonymous_21)","decl":{"start":{"line":113,"column":51},"end":{"line":113,"column":null}},"loc":{"start":{"line":113,"column":51},"end":{"line":125,"column":2}}},"7":{"name":"(anonymous_23)","decl":{"start":{"line":128,"column":38},"end":{"line":128,"column":45}},"loc":{"start":{"line":128,"column":53},"end":{"line":182,"column":2}}},"8":{"name":"(anonymous_24)","decl":{"start":{"line":128,"column":53},"end":{"line":128,"column":null}},"loc":{"start":{"line":128,"column":53},"end":{"line":182,"column":2}}},"9":{"name":"(anonymous_26)","decl":{"start":{"line":185,"column":39},"end":{"line":185,"column":46}},"loc":{"start":{"line":185,"column":54},"end":{"line":199,"column":2}}},"10":{"name":"(anonymous_27)","decl":{"start":{"line":185,"column":54},"end":{"line":185,"column":null}},"loc":{"start":{"line":185,"column":54},"end":{"line":199,"column":2}}}},"branchMap":{"0":{"loc":{"start":{"line":31,"column":2},"end":{"line":44,"column":null}},"type":"if","locations":[{"start":{"line":31,"column":2},"end":{"line":44,"column":null}}]},"1":{"loc":{"start":{"line":33,"column":6},"end":{"line":38,"column":9}},"type":"binary-expr","locations":[{"start":{"line":33,"column":6},"end":{"line":33,"column":16}},{"start":{"line":34,"column":6},"end":{"line":34,"column":15}},{"start":{"line":35,"column":6},"end":{"line":35,"column":15}},{"start":{"line":36,"column":6},"end":{"line":36,"column":15}},{"start":{"line":37,"column":6},"end":{"line":37,"column":17}},{"start":{"line":38,"column":6},"end":{"line":38,"column":9}}]},"2":{"loc":{"start":{"line":103,"column":4},"end":{"line":105,"column":null}},"type":"if","locations":[{"start":{"line":103,"column":4},"end":{"line":105,"column":null}}]},"3":{"loc":{"start":{"line":118,"column":4},"end":{"line":120,"column":null}},"type":"if","locations":[{"start":{"line":11
[...]
:"if","locations":[{"start":{"line":105,"column":4},"end":{"line":109,"column":null}}]},"14":{"loc":{"start":{"line":106,"column":6},"end":{"line":108,"column":null}},"type":"if","locations":[{"start":{"line":106,"column":6},"end":{"line":108,"column":null}}]},"15":{"loc":{"start":{"line":111,"column":4},"end":{"line":115,"column":null}},"type":"if","locations":[{"start":{"line":111,"column":4},"end":{"line":115,"column":null}}]},"16":{"loc":{"start":{"line":112,"column":8},"end":{"line":114,"column":null}},"type":"if","locations":[{"start":{"line":112,"column":8},"end":{"line":114,"column":null}}]},"17":{"loc":{"start":{"line":118,"column":4},"end":{"line":120,"column":null}},"type":"if","locations":[{"start":{"line":118,"column":4},"end":{"line":120,"column":null}}]},"18":{"loc":{"start":{"line":118,"column":8},"end":{"line":118,"column":56}},"type":"binary-expr","locations":[{"start":{"line":118,"column":8},"end":{"line":118,"column":18}},{"start":{"line":118,"column":22},"end":{"line":118,"column":56}}]},"19":{"loc":{"start":{"line":121,"column":28},"end":{"line":121,"column":62}},"type":"binary-expr","locations":[{"start":{"line":121,"column":28},"end":{"line":121,"column":37}},{"start":{"line":121,"column":41},"end":{"line":121,"column":62}}]},"20":{"loc":{"start":{"line":122,"column":25},"end":{"line":122,"column":56}},"type":"binary-expr","locations":[{"start":{"line":122,"column":25},"end":{"line":122,"column":34}},{"start":{"line":122,"column":38},"end":{"line":122,"column":56}}]},"21":{"loc":{"start":{"line":123,"column":25},"end":{"line":123,"column":56}},"type":"binary-expr","locations":[{"start":{"line":123,"column":25},"end":{"line":123,"column":34}},{"start":{"line":123,"column":38},"end":{"line":123,"column":56}}]},"22":{"loc":{"start":{"line":124,"column":27},"end":{"line":124,"column":60}},"type":"binary-expr","locations":[{"start":{"line":124,"column":27},"end":{"line":124,"column":36}},{"start":{"line":124,"column":40},"end":{"line":124,"column":60}}]},"23":{"loc":{"start":{"line":125,"column":30},"end":{"line":125,"column":71}},"type":"binary-expr","locations":[{"start":{"line":125,"column":30},"end":{"line":125,"column":44}},{"start":{"line":125,"column":48},"end":{"line":125,"column":71}}]},"24":{"loc":{"start":{"line":141,"column":4},"end":{"line":143,"column":null}},"type":"if","locations":[{"start":{"line":141,"column":4},"end":{"line":143,"column":null}}]},"25":{"loc":{"start":{"line":141,"column":8},"end":{"line":141,"column":49}},"type":"binary-expr","locations":[{"start":{"line":141,"column":8},"end":{"line":141,"column":14}},{"start":{"line":141,"column":18},"end":{"line":141,"column":49}}]}},"s":{"0":20,"1":10,"2":10,"3":10,"4":10,"5":10,"6":10,"7":10,"8":10,"9":10,"10":10,"11":2,"12":2,"13":2,"14":1,"15":1,"16":1,"17":0,"18":1,"19":1,"20":0,"21":1,"22":1,"23":1,"24":1,"25":1,"26":1,"27":1,"28":1,"29":1,"30":1,"31":1,"32":1,"33":2,"34":1,"35":0,"36":10,"37":2,"38":2,"39":2,"40":2,"41":2,"42":2,"43":0,"44":2,"45":0,"46":10,"47":3,"48":3,"49":3,"50":3,"51":3,"52":3,"53":3,"54":1,"55":2,"56":0,"57":10,"58":4,"59":4,"60":4,"61":4,"62":4,"63":4,"64":4,"65":4,"66":4,"67":4,"68":1,"69":3,"70":1,"71":2,"72":2,"73":0,"74":2,"75":0,"76":0,"77":2,"78":2,"79":2,"80":0,"81":2,"82":2,"83":2,"84":2,"85":2,"86":4,"87":2,"88":0,"89":0,"90":10,"91":3,"92":3,"93":3,"94":3,"95":3,"96":3,"97":3,"98":1,"99":2,"100":4,"101":2,"102":0,"103":10},"f":{"0":10,"1":2,"2":2,"3":2,"4":2,"5":3,"6":3,"7":4,"8":4,"9":3,"10":3},"b":{"0":[1],"1":[2,1,1,1],"2":[1],"3":[0],"4":[1],"5":[0],"6":[0],"7":[1],"8":[3,3],"9":[1],"10":[4,4],"11":[1],"12":[3,1,1,1,1],"13":[2],"14":[0],"15":[0],"16":[0],"17":[0],"18":[2,2],"19":[2,0],"20":[2,0],"21":[2,0],"22":[2,0],"23":[2,2],"24":[1],"25":[3,3]}}
,"D:\\@work\\orm-tdd\\src\\routes\\userRouter.ts": {"path":"D:\\@work\\orm-tdd\\src\\routes\\userRouter.ts","statementMap":{"0":{"start":{"line":1,"column":0},"end":{"line":1,"column":33}},"1":{"start":{"line":2,"column":0},"end":{"line":2,"column":38}},"2":{"start":{"line":4,"column":0},"end":{"line":4,"column":43}},"3":{"start":{"line":5,"column":0},"end":{"line":5,"column":28}},"4":{"start":{"line":6,"column":0},"end":{"line":6,"column":31}},"5":{"start":{"line":7,"column":15},"end":{"line":7,"column":23}},"6":{"start":{"line":9,"column":13},"end":{"line":12,"column":2}},"7":{"start":{"line":10,"column":2},"end":{"line":10,"column":53}},"8":{"start":{"line":11,"column":2},"end":{"line":11,"column":13}},"9":{"start":{"line":16,"column":9},"end":{"line":16,"column":41}},"10":{"start":{"line":16,"column":2},"end":{"line":16,"column":41}},"11":{"start":{"line":20,"column":9},"end":{"line":20,"column":49}},"12":{"start":{"line":20,"column":2},"end":{"line":20,"column":49}},"13":{"start":{"line":24,"column":0},"end":{"line":32,"column":3}},"14":{"start":{"line":24,"column":31},"end":{"line":32,"column":2}},"15":{"start":{"line":26,"column":18},"end":{"line":26,"column":29}},"16":{"start":{"line":26,"column":10},"end":{"line":26,"column":null}},"17":{"start":{"line":27,"column":21},"end":{"line":27,"column":null}},"18":{"start":{"line":27,"column":10},"end":{"line":27,"column":null}},"19":{"start":{"line":28,"column":4},"end":{"line":28,"column":62}},"20":{"start":{"line":30,"column":4},"end":{"line":30,"column":39}},"21":{"start":{"line":35,"column":0},"end":{"line":47,"column":3}},"22":{"start":{"line":35,"column":34},"end":{"line":47,"column":2}},"23":{"start":{"line":36,"column":8},"end":{"line":36,"column":35}},"24":{"start":{"line":38,"column":18},"end":{"line":38,"column":29}},"25":{"start":{"line":38,"column":10},"end":{"line":38,"column":null}},"26":{"start":{"line":39,"column":17},"end":{"line":39,"column":null}},"27":{"start":{"line":39,"column":10},"end":{"line":39,"column":null}},"28":{"start":{"line":40,"column":4},"end":{"line":42,"column":null}},"29":{"start":{"line":41,"column":6},"end":{"line":41,"column":62}},"30":{"start":{"line":43,"column":4},"end":{"line":43,"column":31}},"31":{"start":{"line":45,"column":4},"end":{"line":45,"column":59}},"32":{"start":{"line":50,"column":0},"end":{"line":98,"column":3}},"33":{"start":{"line":50,"column":32},"end":{"line":98,"column":2}},"34":{"start":{"line":51,"column":8},"end":{"line":60,"column":null}},"35":{"start":{"line":62,"column":2},"end":{"line":76,"column":null}},"36":{"start":{"line":75,"column":4},"end":{"line":75,"column":68}},"37":{"start":{"line":79,"column":18},"end":{"line":79,"column":29}},"38":{"start":{"line":79,"column":10},"end":{"line":79,"column":null}},"39":{"start":{"line":80,"column":22},"end":{"line":80,"column":null}},"40":{"start":{"line":80,"column":10},"end":{"line":80,"column":null}},"41":{"start":{"line":81,"column":10},"end":{"line":91,"column":7}},"42":{"start":{"line":92,"column":4},"end":{"line":92,"column":25}},"43":{"start":{"line":94,"column":4},"end":{"line":94,"column":76}},"44":{"start":{"line":96,"column":4},"end":{"line":96,"column":73}},"45":{"start":{"line":101,"column":0},"end":{"line":135,"column":3}},"46":{"start":{"line":101,"column":36},"end":{"line":135,"column":2}},"47":{"start":{"line":102,"column":8},"end":{"line":102,"column":35}},"48":{"start":{"line":103,"column":8},"end":{"line":112,"column":null}},"49":{"start":{"line":115,"column":18},"end":{"line":115,"column":29}},"50":{"start":{"line":115,"column":10},"end":{"line":115,"column":null}},"51":{"start":{"line":116,"column":17},"end":{"line":116,"column":null}},"52":{"start":{"line":116,"column":10},"end":{"line":116,"column":null}},"53":{"start":{"line":117,"column":4},"end":{"line":119,"column":null}},"54":{"start":{"line":118,"column":6},"end":{"line":118,"column":62}},"55":{"start":{"line":120,"column":4},"end":{"line":120,"column":55}},"56":{"start":{"line":121,"column":4},"end":{"line":121,"column":58}},"57":{"start":{"line":122,"column":4},"end":{"line":122,"column":52}},"58":{"start":{"line":123,"column":4},"end":{"line":123,"column":43}},"59":{"start":{"line":124,"column":4},"end":{"line":124,"column":61}},"60":{"start":{"line":125,"column":4},"end":{"line":125,"column":49}},"61":{"start":{"line":126,"column":4},"end":{"line":126,"column":52}},"62":{"start":{"line":127,"column":4},"end":{"line":127,"column":40}},"63":{"start":{"line":128,"column":4},"end":{"line":128,"column":52}},"64":{"start":{"line":130,"column":4},"end":{"line":130,"column":25}},"65":{"start":{"line":131,"column":4},"end":{"line":131,"column":64}},"66":{"start":{"line":133,"column":4},"end":{"line":133,"column":58}},"67":{"start":{"line":138,"column":0},"end":{"line":153,"column":3}},"68":{"start":{"line":138,"column":37},"end":{"line":153,"column":2}},"69":{"start":{"line":139,"column":8},"end":{"line":139,"column":35}},"70":{"start":{"line":142,"column":18},"end":{"line":142,"column":29}},"71":{"start":{"line":142,"column":10},"end":{"line":142,"column":null}},"72":{"start":{"line":143,"column":17},"end":{"line":143,"column":null}},"73":{"start":{"line":143,"column":10},"end":{"line":143,"column":null}},"74":{"start":{"line":144,"column":4},"end":{"line":146,"column":null}},"75":{"start":{"line":145,"column":6},"end":{"line":145,"column":62}},"76":{"start":{"line":147,"column":4},"end":{"line":147,"column":31}},"77":{"start":{"line":148,"column":4},"end":{"line":148,"column":25}},"78":{"start":{"line":149,"column":4},"end":{"line":149,"column":64}},"79":{"start":{"line":151,"column":4},"end":{"line":151,"column":58}},"80":{"start":{"line":156,"column":0},"end":{"line":175,"column":3}},"81":{"start":{"line":156,"column":37},"end":{"line":175,"column":2}},"82":{"start":{"line":157,"column":8},"end":{"line":157,"column":30}},"83":{"start":{"line":159,"column":18},"end":{"line":159,"column":29}},"84":{"start":{"line":159,"column":10},"end":{"line":159,"column":null}},"85":{"start":{"line":160,"column":17},"end":{"line":160,"column":null}},"86":{"start":{"line":160,"column":10},"end":{"line":160,"column":null}},"87":{"start":{"line":161,"column":4},"end":{"line":163,"column":null}},"88":{"start":{"line":162,"column":6},"end":{"line":162,"column":62}},"89":{"start":{"line":165,"column":20},"end":{"line":165,"column":null}},"90":{"start":{"line":165,"column":10},"end":{"line":165,"column":null}},"91":{"start":{"line":166,"column":4},"end":{"line":168,"column":null}},"92":{"start":{"line":167,"column":8},"end":{"line":167,"column":55}},"93":{"start":{"line":169,"column":18},"end":{"line":169,"column":null}},"94":{"start":{"line":169,"column":10},"end":{"line":169,"column":null}},"95":{"start":{"line":170,"column":4},"end":{"line":170,"column":null}},"96":{"start":{"line":173,"column":6},"end":{"line":173,"column":null}},"97":{"start":{"line":176,"column":0},"end":{"line":176,"column":22}}},"fnMap":{"0":{"name":"(anonymous_13)","decl":{"start":{"line":9,"column":37},"end":{"line":9,"column":38}},"loc":{"start":{"line":9,"column":41},"end":{"line":12,"column":1}}},"1":{"name":"hashPassword","decl":{"start":{"line":15,"column":15},"end":{"line":15,"column":27}},"loc":{"start":{"line":15,"column":36},"end":{"line":17,"column":null}}},"2":{"name":"validatePassword","decl":{"start":{"line":19,"column":15},"end":{"line":19,"column":31}},"loc":{"start":{"line":19,"column":49},"end":{"line":21,"column":null}}},"3":{"name":"(anonymous_20)","decl":{"start":{"line":24,"column":16},"end":{"line":24,"column":23}},"loc":{"start":{"line":24,"column":31},"end":{"line":32,"column":2}}},"4":{"name":"(anonymous_21)","decl":{"start":{"line":24,"column":31},"end":{"line":24,"column":null}},"loc":{"start":{"line":24,"column":31},"end":{"line":32,"column":2}}},"5":{"name":"(anonymous_23)","decl":{"start":{"line":35,"column":19},"end":{"line":35,"column":26}},"loc":{"start":{"line":35,"column":34},"end":{"line":47,"column":2}}},"6":{"name":"(anonymous_24)","decl":{"start":{"line":35,"column":34},"end":{"line":35,"column":null}},"loc":{"start":{"line":35,"column":34},"end":{"line":47,"column":2}}},"7":{"name":"(anonymous_26)","decl":{"start":{"line":50,"column":17},"end":{"line":50,"column":24}},"loc":{"start":{"line":50,"column":32},"end":{"line":98,"column":2}}},"8":{"name":"(anonymous_27)","decl":{"start":{"line":50,"column":32},"end":{"line":50,"column":null}},"loc":{"start":{"line":50,"column":32},"end":{"line":98,"column":2}}},"9":{"name":"(anonymous_29)","decl":{"start":{"line":101,"column":21},"end":{"line":101,"column":28}},"loc":{"start":{"line":101,"column":36},"end":{"line":135,"column":2}}},"10":{"name":"(anonymous_30)","decl":{"start":{"line":101,"column":36},"end":{"line":101,"column":null}},"loc":{"start":{"line":101,"column":36},"end":{"line":135,"column":2}}},"11":{"name":"(anonymous_32)","decl":{"start":{"line":138,"column":22},"end":{"line":138,"column":29}},"loc":{"start":{"line":138,"column":37},"end":{"line":153,"column":2}}},"12":{"name":"(anonymous_33)","decl":{"start":{"line":138,"column":37},"end":{"line":138,"column":null}},"loc":{"start":{"line":138,"column":37},"end":{"line":153,"column":2}}},"13":{"name":"(anonymous_35)","decl":{"start":{"line":156,"column":22},"end":{"line":156,"column":29}},"loc":{"start":{"line":156,"column":37},"end":{"line":175,"column":2}}},"14":{"name":"(anonymous_36)","decl":{"start":{"line":156,"column":37},"end":{"line":156,"column":null}},"loc":{"start":{"line":156,"column":37},"end":{"line":175,"column":2}}}},"branchMap":{"0":{"loc":{"start":{"line":16,"column":9},"end":{"line":16,"column":41}},"type":"switch","locations":[{"start":{"line":16,"column":9},"end":{"line":16,"column":41}},{"start":{"line":16,"column":2},"end":{"line":16,"column":41}}]},"1":{"loc":{"start":{"line":20,"column":9},"end":{"line":20,"column":49}},"type":"switch","locations":[{"start":{"line":20,"column":9},"end":{"line":20,"column":49}},{"start":{"line":20,"column":2},"end":{"line":20,"column":49}}]},"2":{"loc":{"start":{"line":40,"column":4},"end":{"line":42,"column":null}},"type":"if","locations":[{"start":{"line":40,"column":4},"end":{"line":42,"column":null}}]},"3":{"loc":{"start":{"line":40,"column":8},"end":{"line":40,"column":47}},"type":"binary-expr","locations":[{"start":{"line":40,"column":8},"end":{"line":40,"column":13}},{"start":{"line":40,"column":17},"end":{"line":40,"column":47}}]},"4":{"loc":{"start":{"line":62,"column":2},"end":{"line":76,"column":null}},"type":"if","locations":[{"start":{"line":62,"column":2},"end":{"line":76,"column":null}}]},"5":{"loc":{"start":{"line":64,"column":6},"end":{"line":72,"column":14}},"type":"binary-expr","locations":[{"start":{"line":64,"column":6},"end":{"line":64,"column":15}},{"start":{"line":65,"column":6},"end":{"line":65,"column":14}},{"start":{"line":66,"column":6},"end":{"line":66,"column":16}},{"start":{"line":67,"column":6},"end":{"line":67,"column":11}},{"start":{"line":68,"column":6},"end":{"line":68,"column":17}},{"start":{"line":69,"column":6},"end":{"line":69,"column":10}},{"start":{"line":70,"column":6},"end":{"line":70,"column":13}},{"start":{"line":71,"column":6},"end":{"line":71,"column":14}},{"start":{"line":72,"column":6},"end":{"line":72,"column":14}}]},"6":{"loc":{"start":{"line":117,"column":4},"end":{"line":119,"column":null}},"type":"if","locations":[{"start":{"line":117,"column":4},"end":{"line":119,"column":null}}]},"7":{"loc":{"start":{"line":117,"column":8},"end":{"line":117,"column":47}},"type":"binary-expr","locations":[{"start":{"line":117,"column":8},"end":{"line":117,"column":13}},{"start":{"line":117,"column":17},"end":{"line":117,"column":47}}]},"8":{"loc":{"start":{"line":120,"column":24},"end":{"line":120,"column":54}},"type":"binary-expr","locations":[{"start":{"line":120,"column":24},"end":{"line":120,"column":33}},{"start":{"line":120,"column":37},"end":{"line":120,"column":54}}]},"9":{"loc":{"start":{"line":121,"column":25},"end":{"line":121,"column":57}},"type":"binary-expr","locations":[{"start":{"line":121,"column":25},"end":{"line":121,"column":35}},{"start":{"line":121,"column":39},"end":{"line":121,"column":57}}]},"10":{"loc":{"start":{"line":122,"column":23},"end":{"line":122,"column":51}},"type":"binary-expr","locations":[{"start":{"line":122,"column":23},"end":{"line":122,"column":31}},{"start":{"line":122,"column":35},"end":{"line":122,"column":51}}]},"11":{"loc":{"start":{"line":123,"column":20},"end":{"line":123,"column":42}},"type":"binary-expr","locations":[{"start":{"line":123,"column":20},"end":{"line":123,"column":25}},{"start":{"line":123,"column":29},"end":{"line":123,"column":42}}]},"12":{"loc":{"start":{"line":124,"column":26},"end":{"line":124,"column":60}},"type":"binary-expr","locations":[{"start":{"line":124,"column":26},"end":{"line":124,"column":37}},{"start":{"line":124,"column":41},"end":{"line":124,"column":60}}]},"13":{"loc":{"start":{"line":125,"column":22},"end":{"line":125,"column":48}},"type":"binary-expr","locations":[{"start":{"line":125,"column":22},"end":{"line":125,"column":29}},{"start":{"line":125,"column":33},"end":{"line":125,"column":48}}]},"14":{"loc":{"start":{"line":126,"column":23},"end":{"line":126,"column":51}},"type":"binary-expr","locations":[{"start":{"line":126,"column":23},"end":{"line":126,"column":31}},{"start":{"line":126,"column":35},"end":{"line":126,"column":51}}]},"15":{"loc":{"start":{"line":127,"column":19},"end":{"line":127,"column":39}},"type":"binary-expr","locations":[{"start":{"line":127,"column":19},"end":{"line":127,"column":23}},{"start":{"line":127,"column":27},"end":{"line":127,"column":39}}]},"16":{"loc":{"start":{"line":128,"column":23},"end":{"line":128,"column":51}},"type":"binary-expr","locations":[{"start":{"line":128,"column":23},"end":{"line":128,"column":31}},{"start":{"line":128,"column":35},"end":{"line":128,"column":51}}]},"17":{"loc":{"start":{"line":144,"column":4},"end":{"line":146,"column":null}},"type":"if","locations":[{"start":{"line":144,"column":4},"end":{"line":146,"column":null}}]},"18":{"loc":{"start":{"line":144,"column":8},"end":{"line":144,"column":47}},"type":"binary-expr","locations":[{"start":{"line":144,"column":8},"end":{"line":144,"column":13}},{"start":{"line":144,"column":17},"end":{"line":144,"column":47}}]},"19":{"loc":{"start":{"line":161,"column":4},"end":{"line":163,"column":null}},"type":"if","locations":[{"start":{"line":161,"column":4},"end":{"line":163,"column":null}}]},"20":{"loc":{"start":{"line":161,"column":8},"end":{"line":161,"column":47}},"type":"binary-expr","locations":[{"start":{"line":161,"column":8},"end":{"line":161,"column":13}},{"start":{"line":161,"column":17},"end":{"line":161,"column":47}}]},"21":{"loc":{"start":{"line":166,"column":4},"end":{"line":168,"column":null}},"type":"if","locations":[{"start":{"line":166,"column":4},"end":{"line":168,"column":null}}]},"22":{"loc":{"start":{"line":169,"column":58},"end":{"line":169,"column":92}},"type":"binary-expr","locations":[{"start":{"line":169,"column":58},"end":{"line":169,"column":80}},{"start":{"line":169,"column":84},"end":{"line":169,"column":92}}]}},"s":{"0":20,"1":10,"2":10,"3":10,"4":10,"5":10,"6":10,"7":10,"8":10,"9":3,"10":3,"11":12,"12":12,"13":10,"14":2,"15":2,"16":2,"17":2,"18":2,"19":2,"20":0,"21":10,"22":3,"23":3,"24":3,"25":3,"26":3,"27":3,"28":3,"29":1,"30":2,"31":0,"32":10,"33":4,"34":4,"35":4,"36":1,"37":3,"38":3,"39":3,"40":3,"41":3,"42":6,"43":2,"44":1,"45":10,"46":3,"47":3,"48":3,"49":3,"50":3,"51":3,"52":3,"53":3,"54":1,"55":2,"56":2,"57":2,"58":2,"59":2,"60":2,"61":2,"62":2,"63":2,"64":4,"65":2,"66":0,"67":10,"68":3,"69":3,"70":3,"71":3,"72":3,"73":3,"74":3,"75":1,"76":2,"77":4,"78":2,"79":0,"80":10,"81":13,"82":13,"83":13,"84":13,"85":13,"86":13,"87":13,"88":1,"89":12,"90":12,"91":12,"92":1,"93":11,"94":11,"95":11,"96":0,"97":10},"f":{"0":10,"1":3,"2":12,"3":2,"4":2,"5":3,"6":3,"7":4,"8":4,"9":3,"10":3,"11":3,"12":3,"13":13,"14":13},"b":{"0":[3,3],"1":[12,12],"2":[1],"3":[3,3],"4":[1],"5":[4,4,4,4,4,4,4,4,4],"6":[1],"7":[3,3],"8":[2,2],"9":[2,2],"10":[2,2],"11":[2,2],"12":[2,2],"13":[2,2],"14":[2,2],"15":[2,2],"16":[2,2],"17":[1],"18":[3,3],"19":[1],"20":[13,13],"21":[1],"22":[11,11]}}
}
