TN:
SF:src\app.ts
FNF:0
FNH:0
DA:1,10
DA:2,10
DA:5,10
DA:6,10
DA:7,10
DA:8,10
DA:9,10
DA:10,10
DA:11,10
DA:12,10
DA:13,10
DA:14,10
DA:15,10
DA:16,10
DA:19,10
DA:20,10
DA:21,10
DA:22,10
DA:23,10
DA:24,10
DA:25,10
DA:26,10
DA:27,10
DA:28,10
DA:30,10
DA:31,10
DA:32,10
DA:52,10
DA:58,10
DA:59,10
DA:61,10
LF:31
LH:31
BRF:0
BRH:0
end_of_record
TN:
SF:src\Middleware\isAuthenticated.ts
FN:4,(anonymous_13)
FN:4,(anonymous_14)
FNF:2
FNH:2
FNDA:177,(anonymous_13)
FNDA:177,(anonymous_14)
DA:1,10
DA:2,10
DA:4,177
DA:5,177
DA:6,177
DA:7,132
DA:9,177
DA:11,177
DA:12,45
DA:14,132
DA:15,132
DA:16,132
DA:20,10
LF:13
LH:13
BRDA:6,0,0,132
BRDA:9,1,0,177
BRDA:9,1,1,177
BRDA:9,1,2,177
BRDA:9,1,3,177
BRDA:11,2,0,45
BRDA:11,2,1,132
BRDA:14,3,0,132
BRDA:14,3,1,132
BRF:9
BRH:9
end_of_record
TN:
SF:src\entity\AbstractModel.ts
FN:5,(anonymous_8)
FNF:1
FNH:1
FNDA:1221,(anonymous_8)
DA:1,10
DA:5,10
DA:8,10
DA:13,10
DA:17,10
DA:20,10
DA:21,10
LF:7
LH:7
BRF:0
BRH:0
end_of_record
TN:
SF:src\entity\CityDetail.ts
FN:10,(anonymous_9)
FN:21,(anonymous_11)
FN:21,(anonymous_12)
FN:24,(anonymous_13)
FN:24,(anonymous_14)
FN:27,(anonymous_15)
FN:27,(anonymous_16)
FNF:7
FNH:7
FNDA:127,(anonymous_9)
FNDA:100,(anonymous_11)
FNDA:100,(anonymous_12)
FNDA:100,(anonymous_13)
FNDA:100,(anonymous_14)
FNDA:100,(anonymous_15)
FNDA:100,(anonymous_16)
DA:1,10
DA:2,10
DA:3,10
DA:6,10
DA:7,10
DA:10,10
DA:13,10
DA:16,10
DA:19,10
DA:21,100
DA:22,10
DA:24,100
DA:25,10
DA:27,100
DA:28,10
DA:29,10
LF:16
LH:16
BRF:0
BRH:0
end_of_record
TN:
SF:src\entity\Company.ts
FN:10,(anonymous_9)
FN:27,(anonymous_11)
FN:27,(anonymous_12)
FN:30,(anonymous_13)
FN:30,(anonymous_14)
FN:33,(anonymous_15)
FN:33,(anonymous_16)
FN:36,(anonymous_17)
FN:36,(anonymous_18)
FN:39,(anonymous_19)
FN:39,(anonymous_20)
FNF:11
FNH:11
FNDA:135,(anonymous_9)
FNDA:100,(anonymous_11)
FNDA:100,(anonymous_12)
FNDA:100,(anonymous_13)
FNDA:100,(anonymous_14)
FNDA:100,(anonymous_15)
FNDA:100,(anonymous_16)
FNDA:100,(anonymous_17)
FNDA:100,(anonymous_18)
FNDA:100,(anonymous_19)
FNDA:100,(anonymous_20)
DA:1,10
DA:2,10
DA:3,10
DA:4,10
DA:5,10
DA:6,10
DA:7,10
DA:10,10
DA:13,10
DA:16,10
DA:19,10
DA:22,10
DA:25,10
DA:27,100
DA:28,10
DA:30,100
DA:31,10
DA:33,100
DA:34,10
DA:36,100
DA:37,10
DA:39,100
DA:40,10
DA:42,10
LF:24
LH:24
BRF:0
BRH:0
end_of_record
TN:
SF:src\entity\Material.ts
FN:9,(anonymous_9)
FN:27,(anonymous_11)
FN:27,(anonymous_12)
FN:30,(anonymous_13)
FN:30,(anonymous_14)
FNF:5
FNH:5
FNDA:125,(anonymous_9)
FNDA:100,(anonymous_11)
FNDA:100,(anonymous_12)
FNDA:100,(anonymous_13)
FNDA:100,(anonymous_14)
DA:1,10
DA:2,10
DA:3,10
DA:6,10
DA:9,10
DA:12,10
DA:15,10
DA:18,10
DA:21,10
DA:24,10
DA:27,100
DA:28,10
DA:30,100
DA:31,10
DA:32,10
LF:15
LH:15
BRF:0
BRH:0
end_of_record
TN:
SF:src\entity\Nation.ts
FN:8,(anonymous_9)
FN:16,(anonymous_11)
FN:16,(anonymous_12)
FN:19,(anonymous_13)
FN:19,(anonymous_14)
FN:22,(anonymous_15)
FN:22,(anonymous_16)
FNF:7
FNH:7
FNDA:133,(anonymous_9)
FNDA:100,(anonymous_11)
FNDA:100,(anonymous_12)
FNDA:100,(anonymous_13)
FNDA:100,(anonymous_14)
FNDA:100,(anonymous_15)
FNDA:100,(anonymous_16)
DA:1,10
DA:2,10
DA:3,10
DA:4,10
DA:5,10
DA:8,10
DA:11,10
DA:14,10
DA:16,100
DA:17,10
DA:19,100
DA:20,10
DA:22,100
DA:23,10
DA:24,10
LF:15
LH:15
BRF:0
BRH:0
end_of_record
TN:
SF:src\entity\Outlet.ts
FN:10,(anonymous_9)
FN:31,(anonymous_11)
FN:31,(anonymous_12)
FN:34,(anonymous_13)
FN:34,(anonymous_14)
FN:37,(anonymous_15)
FN:37,(anonymous_16)
FNF:7
FNH:7
FNDA:124,(anonymous_9)
FNDA:100,(anonymous_11)
FNDA:100,(anonymous_12)
FNDA:100,(anonymous_13)
FNDA:100,(anonymous_14)
FNDA:100,(anonymous_15)
FNDA:100,(anonymous_16)
DA:1,10
DA:2,10
DA:3,10
DA:6,10
DA:7,10
DA:10,10
DA:13,10
DA:16,10
DA:19,10
DA:22,10
DA:25,10
DA:28,10
DA:31,100
DA:32,10
DA:34,100
DA:35,10
DA:37,100
DA:38,10
DA:39,10
LF:19
LH:19
BRF:0
BRH:0
end_of_record
TN:
SF:src\entity\Region.ts
FN:8,(anonymous_9)
FN:16,(anonymous_11)
FN:16,(anonymous_12)
FN:19,(anonymous_13)
FN:19,(anonymous_14)
FN:22,(anonymous_15)
FN:22,(anonymous_16)
FNF:7
FNH:7
FNDA:128,(anonymous_9)
FNDA:100,(anonymous_11)
FNDA:100,(anonymous_12)
FNDA:100,(anonymous_13)
FNDA:100,(anonymous_14)
FNDA:100,(anonymous_15)
FNDA:100,(anonymous_16)
DA:1,10
DA:2,10
DA:3,10
DA:4,10
DA:5,10
DA:8,10
DA:11,10
DA:14,10
DA:16,100
DA:17,10
DA:19,100
DA:20,10
DA:22,100
DA:23,10
DA:24,10
LF:15
LH:15
BRF:0
BRH:0
end_of_record
TN:
SF:src\entity\Route.ts
FN:8,(anonymous_9)
FN:17,(anonymous_11)
FN:17,(anonymous_12)
FN:20,(anonymous_13)
FN:20,(anonymous_14)
FNF:5
FNH:5
FNDA:124,(anonymous_9)
FNDA:100,(anonymous_11)
FNDA:100,(anonymous_12)
FNDA:100,(anonymous_13)
FNDA:100,(anonymous_14)
DA:1,10
DA:2,10
DA:3,10
DA:5,10
DA:8,10
DA:11,10
DA:14,10
DA:17,100
DA:18,10
DA:20,100
DA:21,10
DA:22,10
LF:12
LH:12
BRF:0
BRH:0
end_of_record
TN:
SF:src\entity\Territory.ts
FN:9,(anonymous_9)
FN:17,(anonymous_11)
FN:17,(anonymous_12)
FN:20,(anonymous_13)
FN:20,(anonymous_14)
FN:23,(anonymous_15)
FN:23,(anonymous_16)
FNF:7
FNH:7
FNDA:128,(anonymous_9)
FNDA:100,(anonymous_11)
FNDA:100,(anonymous_12)
FNDA:100,(anonymous_13)
FNDA:100,(anonymous_14)
FNDA:100,(anonymous_15)
FNDA:100,(anonymous_16)
DA:1,10
DA:2,10
DA:3,10
DA:5,10
DA:6,10
DA:9,10
DA:12,10
DA:15,10
DA:17,100
DA:18,10
DA:20,100
DA:21,10
DA:23,100
DA:24,10
DA:25,10
LF:15
LH:15
BRF:0
BRH:0
end_of_record
TN:
SF:src\entity\Truck.ts
FN:8,(anonymous_9)
FN:19,(anonymous_11)
FN:19,(anonymous_12)
FN:22,(anonymous_13)
FN:22,(anonymous_14)
FN:25,(anonymous_15)
FN:25,(anonymous_16)
FNF:7
FNH:7
FNDA:128,(anonymous_9)
FNDA:100,(anonymous_11)
FNDA:100,(anonymous_12)
FNDA:100,(anonymous_13)
FNDA:100,(anonymous_14)
FNDA:100,(anonymous_15)
FNDA:100,(anonymous_16)
DA:1,10
DA:2,10
DA:3,10
DA:4,10
DA:5,10
DA:8,10
DA:11,10
DA:14,10
DA:17,10
DA:19,100
DA:20,10
DA:22,100
DA:23,10
DA:25,100
DA:26,10
DA:27,10
LF:16
LH:16
BRF:0
BRH:0
end_of_record
TN:
SF:src\entity\User.ts
FN:14,(anonymous_9)
FN:48,(anonymous_11)
FN:48,(anonymous_12)
FN:51,(anonymous_13)
FN:51,(anonymous_14)
FN:54,(anonymous_15)
FN:54,(anonymous_16)
FN:57,(anonymous_17)
FN:57,(anonymous_18)
FN:60,(anonymous_19)
FN:60,(anonymous_20)
FN:63,(anonymous_21)
FN:63,(anonymous_22)
FN:66,(anonymous_23)
FN:66,(anonymous_24)
FN:69,(anonymous_25)
FN:69,(anonymous_26)
FN:72,(anonymous_27)
FN:72,(anonymous_28)
FNF:19
FNH:19
FNDA:159,(anonymous_9)
FNDA:100,(anonymous_11)
FNDA:100,(anonymous_12)
FNDA:100,(anonymous_13)
FNDA:100,(anonymous_14)
FNDA:100,(anonymous_15)
FNDA:100,(anonymous_16)
FNDA:100,(anonymous_17)
FNDA:100,(anonymous_18)
FNDA:100,(anonymous_19)
FNDA:100,(anonymous_20)
FNDA:100,(anonymous_21)
FNDA:100,(anonymous_22)
FNDA:100,(anonymous_23)
FNDA:100,(anonymous_24)
FNDA:100,(anonymous_25)
FNDA:100,(anonymous_26)
FNDA:100,(anonymous_27)
FNDA:100,(anonymous_28)
DA:1,10
DA:2,10
DA:3,10
DA:4,10
DA:5,10
DA:6,10
DA:7,10
DA:8,10
DA:9,10
DA:10,10
DA:11,10
DA:14,10
DA:18,10
DA:21,10
DA:24,10
DA:29,10
DA:34,10
DA:37,10
DA:40,10
DA:43,10
DA:46,10
DA:48,100
DA:49,10
DA:51,100
DA:52,10
DA:54,100
DA:55,10
DA:57,100
DA:58,10
DA:60,100
DA:61,10
DA:63,100
DA:64,10
DA:66,100
DA:67,10
DA:69,100
DA:70,10
DA:72,100
DA:73,10
DA:75,10
LF:40
LH:40
BRF:0
BRH:0
end_of_record
TN:
SF:src\routes\cityRouter.ts
FN:9,(anonymous_13)
FN:15,(anonymous_14)
FN:15,(anonymous_15)
FN:46,(anonymous_17)
FN:46,(anonymous_18)
FN:60,(anonymous_20)
FN:60,(anonymous_21)
FN:75,(anonymous_23)
FN:75,(anonymous_24)
FN:108,(anonymous_26)
FN:108,(anonymous_27)
FNF:11
FNH:11
FNDA:10,(anonymous_13)
FNDA:2,(anonymous_14)
FNDA:2,(anonymous_15)
FNDA:2,(anonymous_17)
FNDA:2,(anonymous_18)
FNDA:3,(anonymous_20)
FNDA:3,(anonymous_21)
FNDA:5,(anonymous_23)
FNDA:5,(anonymous_24)
FNDA:3,(anonymous_26)
FNDA:3,(anonymous_27)
DA:1,20
DA:2,10
DA:3,10
DA:4,10
DA:5,10
DA:6,10
DA:8,10
DA:9,10
DA:10,10
DA:11,10
DA:15,10
DA:16,2
DA:17,2
DA:18,1
DA:24,1
DA:25,1
DA:26,1
DA:27,1
DA:28,1
DA:29,1
DA:30,1
DA:37,2
DA:39,1
DA:41,0
DA:46,10
DA:48,2
DA:49,2
DA:50,2
DA:51,0
DA:53,2
DA:55,0
DA:60,10
DA:61,3
DA:63,3
DA:64,3
DA:65,3
DA:66,1
DA:68,2
DA:70,0
DA:75,10
DA:76,5
DA:77,5
DA:78,5
DA:80,5
DA:81,5
DA:82,5
DA:83,5
DA:84,1
DA:86,4
DA:87,2
DA:90,2
DA:91,2
DA:92,0
DA:94,2
DA:95,2
DA:96,2
DA:97,2
DA:98,2
DA:100,4
DA:101,2
DA:103,0
DA:108,10
DA:109,3
DA:111,3
DA:112,3
DA:113,3
DA:114,1
DA:116,2
DA:117,4
DA:118,2
DA:120,0
DA:124,10
LF:72
LH:65
BRDA:17,0,0,1
BRDA:17,1,0,2
BRDA:17,1,1,1
BRDA:17,1,2,1
BRDA:17,1,3,1
BRDA:50,2,0,0
BRDA:65,3,0,1
BRDA:65,4,0,3
BRDA:65,4,1,3
BRDA:83,5,0,1
BRDA:83,6,0,5
BRDA:83,6,1,5
BRDA:86,7,0,2
BRDA:86,8,0,4
BRDA:86,8,1,2
BRDA:86,8,2,2
BRDA:86,8,3,2
BRDA:86,8,4,2
BRDA:91,9,0,0
BRDA:91,10,0,2
BRDA:91,10,1,2
BRDA:94,11,0,2
BRDA:94,11,1,0
BRDA:95,12,0,2
BRDA:95,12,1,2
BRDA:96,13,0,2
BRDA:96,13,1,2
BRDA:97,14,0,2
BRDA:97,14,1,0
BRDA:98,15,0,2
BRDA:98,15,1,2
BRDA:113,16,0,1
BRDA:113,17,0,3
BRDA:113,17,1,3
BRF:34
BRH:30
end_of_record
TN:
SF:src\routes\companyRouter.ts
FN:9,(anonymous_13)
FN:15,(anonymous_14)
FN:15,(anonymous_15)
FN:40,(anonymous_17)
FN:40,(anonymous_18)
FN:54,(anonymous_20)
FN:54,(anonymous_21)
FN:69,(anonymous_23)
FN:69,(anonymous_24)
FN:107,(anonymous_26)
FN:107,(anonymous_27)
FNF:11
FNH:11
FNDA:10,(anonymous_13)
FNDA:3,(anonymous_14)
FNDA:3,(anonymous_15)
FNDA:2,(anonymous_17)
FNDA:2,(anonymous_18)
FNDA:3,(anonymous_20)
FNDA:3,(anonymous_21)
FNDA:5,(anonymous_23)
FNDA:5,(anonymous_24)
FNDA:3,(anonymous_26)
FNDA:3,(anonymous_27)
DA:1,20
DA:2,10
DA:3,10
DA:4,10
DA:5,10
DA:6,10
DA:8,10
DA:9,10
DA:10,10
DA:11,10
DA:15,10
DA:16,3
DA:17,3
DA:18,1
DA:20,2
DA:21,1
DA:24,1
DA:25,1
DA:26,1
DA:27,1
DA:28,1
DA:29,1
DA:30,1
DA:31,2
DA:33,1
DA:35,0
DA:40,10
DA:42,2
DA:43,2
DA:44,2
DA:45,0
DA:47,2
DA:49,0
DA:54,10
DA:55,3
DA:57,3
DA:58,3
DA:59,3
DA:60,1
DA:62,2
DA:64,0
DA:69,10
DA:70,5
DA:71,5
DA:73,5
DA:74,5
DA:75,5
DA:76,5
DA:77,1
DA:79,4
DA:80,1
DA:82,3
DA:83,1
DA:84,1
DA:88,2
DA:89,2
DA:90,0
DA:92,2
DA:93,2
DA:94,2
DA:95,2
DA:96,2
DA:97,2
DA:98,2
DA:99,4
DA:100,2
DA:102,0
DA:107,10
DA:108,3
DA:110,3
DA:111,3
DA:112,3
DA:113,1
DA:115,2
DA:116,4
DA:117,2
DA:119,0
DA:123,10
LF:78
LH:71
BRDA:17,0,0,1
BRDA:17,1,0,3
BRDA:17,1,1,2
BRDA:17,1,2,2
BRDA:17,1,3,2
BRDA:17,1,4,2
BRDA:17,1,5,2
BRDA:20,2,0,1
BRDA:44,3,0,0
BRDA:59,4,0,1
BRDA:59,5,0,3
BRDA:59,5,1,3
BRDA:76,6,0,1
BRDA:76,7,0,5
BRDA:76,7,1,5
BRDA:79,8,0,1
BRDA:79,9,0,4
BRDA:79,9,1,3
BRDA:79,9,2,1
BRDA:79,9,3,1
BRDA:79,9,4,1
BRDA:79,9,5,1
BRDA:79,9,6,1
BRDA:82,10,0,1
BRDA:83,11,0,1
BRDA:89,12,0,0
BRDA:89,13,0,2
BRDA:89,13,1,2
BRDA:92,14,0,2
BRDA:92,14,1,0
BRDA:93,15,0,2
BRDA:93,15,1,2
BRDA:94,16,0,2
BRDA:94,16,1,2
BRDA:95,17,0,2
BRDA:95,17,1,0
BRDA:96,18,0,2
BRDA:96,18,1,0
BRDA:97,19,0,2
BRDA:97,19,1,0
BRDA:98,20,0,2
BRDA:98,20,1,0
BRDA:112,21,0,1
BRDA:112,22,0,3
BRDA:112,22,1,3
BRF:45
BRH:38
end_of_record
TN:
SF:src\routes\materialRouter.ts
FN:16,(anonymous_13)
FN:22,(anonymous_14)
FN:22,(anonymous_15)
FN:99,(anonymous_17)
FN:99,(anonymous_18)
FN:113,(anonymous_20)
FN:113,(anonymous_21)
FN:128,(anonymous_23)
FN:128,(anonymous_24)
FN:185,(anonymous_26)
FN:185,(anonymous_27)
FNF:11
FNH:11
FNDA:10,(anonymous_13)
FNDA:2,(anonymous_14)
FNDA:2,(anonymous_15)
FNDA:2,(anonymous_17)
FNDA:2,(anonymous_18)
FNDA:3,(anonymous_20)
FNDA:3,(anonymous_21)
FNDA:5,(anonymous_23)
FNDA:5,(anonymous_24)
FNDA:3,(anonymous_26)
FNDA:3,(anonymous_27)
DA:1,20
DA:2,10
DA:4,10
DA:5,10
DA:12,10
DA:13,10
DA:15,10
DA:16,10
DA:17,10
DA:18,10
DA:22,10
DA:23,2
DA:31,2
DA:41,1
DA:47,1
DA:48,1
DA:49,1
DA:50,1
DA:51,1
DA:52,1
DA:53,1
DA:62,2
DA:64,1
DA:66,0
DA:99,10
DA:101,2
DA:102,2
DA:103,2
DA:104,0
DA:106,2
DA:108,0
DA:113,10
DA:114,3
DA:116,3
DA:117,3
DA:118,3
DA:119,1
DA:121,2
DA:123,0
DA:128,10
DA:129,5
DA:130,5
DA:140,5
DA:141,5
DA:142,5
DA:143,5
DA:144,1
DA:146,4
DA:157,2
DA:159,2
DA:161,4
DA:162,0
DA:164,0
DA:165,0
DA:169,2
DA:170,2
DA:171,2
DA:172,2
DA:173,2
DA:174,2
DA:175,2
DA:177,4
DA:178,2
DA:180,0
DA:185,10
DA:186,3
DA:188,3
DA:189,3
DA:190,3
DA:191,1
DA:193,2
DA:194,4
DA:195,2
DA:197,0
DA:201,10
LF:75
LH:66
BRDA:31,0,0,1
BRDA:33,1,0,2
BRDA:33,1,1,1
BRDA:33,1,2,1
BRDA:33,1,3,1
BRDA:33,1,4,1
BRDA:33,1,5,1
BRDA:103,2,0,0
BRDA:118,3,0,1
BRDA:118,4,0,3
BRDA:118,4,1,3
BRDA:143,5,0,1
BRDA:143,6,0,5
BRDA:143,6,1,5
BRDA:146,7,0,2
BRDA:148,8,0,4
BRDA:148,8,1,4
BRDA:148,8,2,4
BRDA:148,8,3,4
BRDA:148,8,4,2
BRDA:148,8,5,2
BRDA:148,8,6,2
BRDA:161,9,0,2
BRDA:164,10,0,0
BRDA:164,11,0,0
BRDA:164,11,1,0
BRDA:169,12,0,2
BRDA:169,12,1,2
BRDA:170,13,0,2
BRDA:170,13,1,2
BRDA:171,14,0,2
BRDA:171,14,1,2
BRDA:172,15,0,2
BRDA:172,15,1,0
BRDA:173,16,0,2
BRDA:173,16,1,2
BRDA:174,17,0,2
BRDA:174,17,1,2
BRDA:175,18,0,2
BRDA:175,18,1,2
BRDA:190,19,0,1
BRDA:190,20,0,3
BRDA:190,20,1,3
BRF:43
BRH:38
end_of_record
TN:
SF:src\routes\nationRouter.ts
FN:8,(anonymous_13)
FN:14,(anonymous_14)
FN:14,(anonymous_15)
FN:39,(anonymous_17)
FN:39,(anonymous_18)
FN:53,(anonymous_20)
FN:53,(anonymous_21)
FN:68,(anonymous_23)
FN:68,(anonymous_24)
FN:97,(anonymous_26)
FN:97,(anonymous_27)
FNF:11
FNH:11
FNDA:10,(anonymous_13)
FNDA:3,(anonymous_14)
FNDA:3,(anonymous_15)
FNDA:2,(anonymous_17)
FNDA:2,(anonymous_18)
FNDA:3,(anonymous_20)
FNDA:3,(anonymous_21)
FNDA:5,(anonymous_23)
FNDA:5,(anonymous_24)
FNDA:3,(anonymous_26)
FNDA:3,(anonymous_27)
DA:1,20
DA:2,10
DA:3,10
DA:4,10
DA:5,10
DA:7,10
DA:8,10
DA:9,10
DA:10,10
DA:14,10
DA:15,3
DA:16,3
DA:17,1
DA:19,2
DA:20,2
DA:21,1
DA:25,1
DA:26,1
DA:27,1
DA:28,1
DA:29,1
DA:30,2
DA:32,1
DA:34,0
DA:39,10
DA:41,2
DA:42,2
DA:43,2
DA:44,0
DA:46,2
DA:48,0
DA:53,10
DA:54,3
DA:56,3
DA:57,3
DA:58,3
DA:59,1
DA:61,2
DA:63,0
DA:68,10
DA:69,5
DA:70,5
DA:72,5
DA:73,5
DA:74,5
DA:75,1
DA:77,4
DA:78,1
DA:80,3
DA:81,3
DA:82,1
DA:86,2
DA:87,2
DA:88,2
DA:89,4
DA:90,2
DA:92,0
DA:97,10
DA:98,3
DA:100,3
DA:101,3
DA:102,3
DA:103,1
DA:105,2
DA:106,4
DA:107,2
DA:109,0
DA:113,10
LF:68
LH:62
BRDA:16,0,0,1
BRDA:16,1,0,3
BRDA:16,1,1,2
BRDA:19,2,0,2
BRDA:20,3,0,1
BRDA:43,4,0,0
BRDA:58,5,0,1
BRDA:58,6,0,3
BRDA:58,6,1,3
BRDA:74,7,0,1
BRDA:74,8,0,5
BRDA:74,8,1,5
BRDA:77,9,0,1
BRDA:77,10,0,4
BRDA:77,10,1,1
BRDA:77,10,2,1
BRDA:80,11,0,3
BRDA:81,12,0,1
BRDA:86,13,0,2
BRDA:86,13,1,0
BRDA:87,14,0,2
BRDA:87,14,1,0
BRDA:88,15,0,2
BRDA:88,15,1,2
BRDA:102,16,0,1
BRDA:102,17,0,3
BRDA:102,17,1,3
BRF:27
BRH:24
end_of_record
TN:
SF:src\routes\outletRouter.ts
FN:15,(anonymous_13)
FN:21,(anonymous_14)
FN:21,(anonymous_15)
FN:78,(anonymous_17)
FN:78,(anonymous_18)
FN:92,(anonymous_20)
FN:92,(anonymous_21)
FN:107,(anonymous_23)
FN:107,(anonymous_24)
FN:178,(anonymous_26)
FN:178,(anonymous_27)
FNF:11
FNH:11
FNDA:10,(anonymous_13)
FNDA:2,(anonymous_14)
FNDA:2,(anonymous_15)
FNDA:2,(anonymous_17)
FNDA:2,(anonymous_18)
FNDA:3,(anonymous_20)
FNDA:3,(anonymous_21)
FNDA:4,(anonymous_23)
FNDA:4,(anonymous_24)
FNDA:3,(anonymous_26)
FNDA:3,(anonymous_27)
DA:1,20
DA:2,10
DA:3,10
DA:4,10
DA:6,10
DA:11,10
DA:12,10
DA:14,10
DA:15,10
DA:16,10
DA:17,10
DA:21,10
DA:22,2
DA:32,2
DA:44,1
DA:50,1
DA:51,1
DA:52,1
DA:53,1
DA:54,1
DA:55,1
DA:56,1
DA:57,1
DA:58,1
DA:69,2
DA:71,1
DA:73,0
DA:78,10
DA:80,2
DA:81,2
DA:82,2
DA:83,0
DA:85,2
DA:87,0
DA:92,10
DA:93,3
DA:95,3
DA:96,3
DA:97,3
DA:98,1
DA:100,2
DA:102,0
DA:107,10
DA:108,4
DA:109,4
DA:121,4
DA:122,4
DA:123,4
DA:124,4
DA:125,4
DA:126,1
DA:128,3
DA:141,1
DA:143,2
DA:145,4
DA:146,0
DA:147,0
DA:148,0
DA:151,2
DA:152,2
DA:154,2
DA:155,0
DA:159,2
DA:160,2
DA:161,2
DA:162,2
DA:163,2
DA:164,2
DA:165,2
DA:166,2
DA:167,2
DA:169,4
DA:170,2
DA:172,0
DA:173,0
DA:178,10
DA:179,3
DA:181,3
DA:182,3
DA:183,3
DA:184,1
DA:186,2
DA:187,4
DA:188,2
DA:190,0
DA:194,10
LF:86
LH:75
BRDA:32,0,0,1
BRDA:34,1,0,2
BRDA:34,1,1,1
BRDA:34,1,2,1
BRDA:34,1,3,1
BRDA:34,1,4,1
BRDA:34,1,5,1
BRDA:34,1,6,1
BRDA:34,1,7,1
BRDA:82,2,0,0
BRDA:97,3,0,1
BRDA:97,4,0,3
BRDA:97,4,1,3
BRDA:125,5,0,1
BRDA:125,6,0,4
BRDA:125,6,1,4
BRDA:128,7,0,1
BRDA:130,8,0,3
BRDA:130,8,1,1
BRDA:130,8,2,1
BRDA:130,8,3,1
BRDA:130,8,4,1
BRDA:130,8,5,1
BRDA:130,8,6,1
BRDA:130,8,7,1
BRDA:130,8,8,1
BRDA:145,9,0,2
BRDA:147,10,0,0
BRDA:147,11,0,0
BRDA:147,11,1,0
BRDA:151,12,0,0
BRDA:154,13,0,0
BRDA:154,14,0,2
BRDA:154,14,1,2
BRDA:159,15,0,2
BRDA:159,15,1,2
BRDA:160,16,0,2
BRDA:160,16,1,0
BRDA:161,17,0,2
BRDA:161,17,1,2
BRDA:162,18,0,2
BRDA:162,18,1,0
BRDA:163,19,0,2
BRDA:163,19,1,2
BRDA:164,20,0,2
BRDA:164,20,1,2
BRDA:165,21,0,2
BRDA:165,21,1,2
BRDA:166,22,0,2
BRDA:166,22,1,2
BRDA:167,23,0,2
BRDA:167,23,1,2
BRDA:183,24,0,1
BRDA:183,25,0,3
BRDA:183,25,1,3
BRF:55
BRH:47
end_of_record
TN:
SF:src\routes\regionRouter.ts
FN:10,(anonymous_13)
FN:16,(anonymous_14)
FN:16,(anonymous_15)
FN:53,(anonymous_17)
FN:53,(anonymous_18)
FN:67,(anonymous_20)
FN:67,(anonymous_21)
FN:82,(anonymous_23)
FN:82,(anonymous_24)
FN:119,(anonymous_26)
FN:119,(anonymous_27)
FNF:11
FNH:11
FNDA:10,(anonymous_13)
FNDA:2,(anonymous_14)
FNDA:2,(anonymous_15)
FNDA:2,(anonymous_17)
FNDA:2,(anonymous_18)
FNDA:3,(anonymous_20)
FNDA:3,(anonymous_21)
FNDA:4,(anonymous_23)
FNDA:4,(anonymous_24)
FNDA:3,(anonymous_26)
FNDA:3,(anonymous_27)
DA:1,20
DA:2,10
DA:3,10
DA:5,10
DA:6,10
DA:7,10
DA:9,10
DA:10,10
DA:11,10
DA:12,10
DA:16,10
DA:17,2
DA:18,2
DA:19,1
DA:23,1
DA:24,1
DA:25,0
DA:32,1
DA:33,1
DA:34,1
DA:35,1
DA:36,1
DA:37,1
DA:38,1
DA:44,2
DA:46,1
DA:48,0
DA:53,10
DA:55,2
DA:56,2
DA:57,2
DA:58,0
DA:60,2
DA:62,0
DA:67,10
DA:68,3
DA:70,3
DA:71,3
DA:72,3
DA:73,1
DA:75,2
DA:77,0
DA:82,10
DA:83,4
DA:84,4
DA:86,4
DA:87,4
DA:88,4
DA:89,4
DA:90,1
DA:92,3
DA:93,1
DA:95,2
DA:96,2
DA:97,0
DA:101,2
DA:102,2
DA:103,0
DA:105,2
DA:106,2
DA:107,2
DA:108,2
DA:110,4
DA:111,2
DA:113,0
DA:114,0
DA:119,10
DA:120,3
DA:122,3
DA:123,3
DA:124,3
DA:125,1
DA:127,2
DA:128,4
DA:129,2
DA:131,0
DA:135,10
LF:77
LH:67
BRDA:18,0,0,1
BRDA:18,1,0,2
BRDA:18,1,1,1
BRDA:18,1,2,1
BRDA:23,2,0,1
BRDA:24,3,0,0
BRDA:57,4,0,0
BRDA:72,5,0,1
BRDA:72,6,0,3
BRDA:72,6,1,3
BRDA:89,7,0,1
BRDA:89,8,0,4
BRDA:89,8,1,4
BRDA:92,9,0,1
BRDA:92,10,0,3
BRDA:92,10,1,1
BRDA:92,10,2,1
BRDA:92,10,3,1
BRDA:95,11,0,2
BRDA:96,12,0,0
BRDA:102,13,0,0
BRDA:102,14,0,2
BRDA:102,14,1,2
BRDA:105,15,0,2
BRDA:105,15,1,0
BRDA:106,16,0,2
BRDA:106,16,1,0
BRDA:107,17,0,2
BRDA:107,17,1,0
BRDA:108,18,0,2
BRDA:108,18,1,2
BRDA:124,19,0,1
BRDA:124,20,0,3
BRDA:124,20,1,3
BRF:34
BRH:27
end_of_record
TN:
SF:src\routes\routeRouter.ts
FN:13,(anonymous_13)
FN:19,(anonymous_14)
FN:19,(anonymous_15)
FN:56,(anonymous_17)
FN:56,(anonymous_18)
FN:70,(anonymous_20)
FN:70,(anonymous_21)
FN:85,(anonymous_23)
FN:85,(anonymous_24)
FN:122,(anonymous_26)
FN:122,(anonymous_27)
FNF:11
FNH:11
FNDA:10,(anonymous_13)
FNDA:2,(anonymous_14)
FNDA:2,(anonymous_15)
FNDA:2,(anonymous_17)
FNDA:2,(anonymous_18)
FNDA:3,(anonymous_20)
FNDA:3,(anonymous_21)
FNDA:4,(anonymous_23)
FNDA:4,(anonymous_24)
FNDA:3,(anonymous_26)
FNDA:3,(anonymous_27)
DA:1,20
DA:2,10
DA:6,10
DA:8,10
DA:9,10
DA:10,10
DA:12,10
DA:13,10
DA:14,10
DA:15,10
DA:19,10
DA:20,2
DA:21,2
DA:22,1
DA:26,1
DA:27,1
DA:28,0
DA:35,1
DA:36,1
DA:37,1
DA:38,1
DA:39,1
DA:40,1
DA:41,1
DA:47,2
DA:49,1
DA:51,0
DA:56,10
DA:58,2
DA:59,2
DA:60,2
DA:61,0
DA:63,2
DA:65,0
DA:70,10
DA:71,3
DA:73,3
DA:74,3
DA:75,3
DA:76,1
DA:78,2
DA:80,0
DA:85,10
DA:86,4
DA:87,4
DA:89,4
DA:90,4
DA:91,4
DA:92,4
DA:93,1
DA:95,3
DA:96,1
DA:98,2
DA:99,2
DA:100,0
DA:104,2
DA:105,2
DA:106,0
DA:108,2
DA:109,2
DA:110,2
DA:111,2
DA:113,4
DA:114,2
DA:116,0
DA:117,0
DA:122,10
DA:123,3
DA:125,3
DA:126,3
DA:127,3
DA:128,1
DA:130,2
DA:131,4
DA:132,2
DA:134,0
DA:138,10
LF:77
LH:67
BRDA:21,0,0,1
BRDA:21,1,0,2
BRDA:21,1,1,1
BRDA:21,1,2,1
BRDA:26,2,0,1
BRDA:27,3,0,0
BRDA:60,4,0,0
BRDA:75,5,0,1
BRDA:75,6,0,3
BRDA:75,6,1,3
BRDA:92,7,0,1
BRDA:92,8,0,4
BRDA:92,8,1,4
BRDA:95,9,0,1
BRDA:95,10,0,3
BRDA:95,10,1,1
BRDA:95,10,2,1
BRDA:95,10,3,1
BRDA:98,11,0,2
BRDA:99,12,0,0
BRDA:105,13,0,0
BRDA:105,14,0,2
BRDA:105,14,1,2
BRDA:108,15,0,2
BRDA:108,15,1,0
BRDA:109,16,0,2
BRDA:109,16,1,0
BRDA:110,17,0,2
BRDA:110,17,1,0
BRDA:111,18,0,2
BRDA:111,18,1,2
BRDA:127,19,0,1
BRDA:127,20,0,3
BRDA:127,20,1,3
BRF:34
BRH:27
end_of_record
TN:
SF:src\routes\territoryRouter.ts
FN:11,(anonymous_13)
FN:17,(anonymous_14)
FN:17,(anonymous_15)
FN:54,(anonymous_17)
FN:54,(anonymous_18)
FN:68,(anonymous_20)
FN:68,(anonymous_21)
FN:83,(anonymous_23)
FN:83,(anonymous_24)
FN:120,(anonymous_26)
FN:120,(anonymous_27)
FNF:11
FNH:11
FNDA:10,(anonymous_13)
FNDA:2,(anonymous_14)
FNDA:2,(anonymous_15)
FNDA:2,(anonymous_17)
FNDA:2,(anonymous_18)
FNDA:3,(anonymous_20)
FNDA:3,(anonymous_21)
FNDA:4,(anonymous_23)
FNDA:4,(anonymous_24)
FNDA:3,(anonymous_26)
FNDA:3,(anonymous_27)
DA:1,20
DA:2,10
DA:5,10
DA:6,10
DA:7,10
DA:8,10
DA:10,10
DA:11,10
DA:12,10
DA:13,10
DA:17,10
DA:18,2
DA:19,2
DA:20,1
DA:24,1
DA:25,1
DA:26,0
DA:33,1
DA:34,1
DA:35,1
DA:36,1
DA:37,1
DA:38,1
DA:39,1
DA:45,2
DA:47,1
DA:49,0
DA:54,10
DA:56,2
DA:57,2
DA:58,2
DA:59,0
DA:61,2
DA:63,0
DA:68,10
DA:69,3
DA:71,3
DA:72,3
DA:73,3
DA:74,1
DA:76,2
DA:78,0
DA:83,10
DA:84,4
DA:85,4
DA:87,4
DA:88,4
DA:89,4
DA:90,4
DA:91,1
DA:93,3
DA:94,1
DA:96,2
DA:97,2
DA:98,0
DA:102,2
DA:103,2
DA:104,0
DA:106,2
DA:107,2
DA:108,2
DA:109,2
DA:111,4
DA:112,2
DA:114,0
DA:115,0
DA:120,10
DA:121,3
DA:123,3
DA:124,3
DA:125,3
DA:126,1
DA:128,2
DA:129,4
DA:130,2
DA:132,0
DA:136,10
LF:77
LH:67
BRDA:19,0,0,1
BRDA:19,1,0,2
BRDA:19,1,1,1
BRDA:19,1,2,1
BRDA:24,2,0,1
BRDA:25,3,0,0
BRDA:58,4,0,0
BRDA:73,5,0,1
BRDA:73,6,0,3
BRDA:73,6,1,3
BRDA:90,7,0,1
BRDA:90,8,0,4
BRDA:90,8,1,4
BRDA:93,9,0,1
BRDA:93,10,0,3
BRDA:93,10,1,1
BRDA:93,10,2,1
BRDA:93,10,3,1
BRDA:96,11,0,2
BRDA:97,12,0,0
BRDA:103,13,0,0
BRDA:103,14,0,2
BRDA:103,14,1,2
BRDA:106,15,0,2
BRDA:106,15,1,0
BRDA:107,16,0,2
BRDA:107,16,1,0
BRDA:108,17,0,2
BRDA:108,17,1,0
BRDA:109,18,0,2
BRDA:109,18,1,2
BRDA:125,19,0,1
BRDA:125,20,0,3
BRDA:125,20,1,3
BRF:34
BRH:27
end_of_record
TN:
SF:src\routes\truckRouter.ts
FN:12,(anonymous_13)
FN:18,(anonymous_14)
FN:18,(anonymous_15)
FN:63,(anonymous_17)
FN:63,(anonymous_18)
FN:77,(anonymous_20)
FN:77,(anonymous_21)
FN:92,(anonymous_23)
FN:92,(anonymous_24)
FN:136,(anonymous_26)
FN:136,(anonymous_27)
FNF:11
FNH:11
FNDA:10,(anonymous_13)
FNDA:2,(anonymous_14)
FNDA:2,(anonymous_15)
FNDA:2,(anonymous_17)
FNDA:2,(anonymous_18)
FNDA:3,(anonymous_20)
FNDA:3,(anonymous_21)
FNDA:4,(anonymous_23)
FNDA:4,(anonymous_24)
FNDA:3,(anonymous_26)
FNDA:3,(anonymous_27)
DA:1,20
DA:2,10
DA:6,10
DA:7,10
DA:8,10
DA:9,10
DA:11,10
DA:12,10
DA:13,10
DA:14,10
DA:18,10
DA:19,2
DA:20,2
DA:21,1
DA:25,1
DA:26,1
DA:27,0
DA:32,1
DA:33,1
DA:34,0
DA:41,1
DA:42,1
DA:43,1
DA:44,1
DA:45,1
DA:46,1
DA:47,1
DA:54,2
DA:56,1
DA:58,0
DA:63,10
DA:65,2
DA:66,2
DA:67,2
DA:68,0
DA:70,2
DA:72,0
DA:77,10
DA:78,3
DA:80,3
DA:81,3
DA:82,3
DA:83,1
DA:85,2
DA:87,0
DA:92,10
DA:93,4
DA:94,4
DA:96,4
DA:97,4
DA:98,4
DA:99,4
DA:100,1
DA:102,3
DA:103,1
DA:105,2
DA:106,2
DA:107,0
DA:111,2
DA:112,0
DA:113,0
DA:117,2
DA:118,2
DA:119,0
DA:121,2
DA:122,2
DA:123,2
DA:124,2
DA:125,2
DA:127,4
DA:128,2
DA:130,0
DA:131,0
DA:136,10
DA:137,3
DA:139,3
DA:140,3
DA:141,3
DA:142,1
DA:144,2
DA:145,4
DA:146,2
DA:148,0
DA:152,10
LF:84
LH:71
BRDA:20,0,0,1
BRDA:20,1,0,2
BRDA:20,1,1,1
BRDA:20,1,2,1
BRDA:20,1,3,1
BRDA:25,2,0,1
BRDA:26,3,0,0
BRDA:32,4,0,1
BRDA:33,5,0,0
BRDA:67,6,0,0
BRDA:82,7,0,1
BRDA:82,8,0,3
BRDA:82,8,1,3
BRDA:99,9,0,1
BRDA:99,10,0,4
BRDA:99,10,1,4
BRDA:102,11,0,1
BRDA:102,12,0,3
BRDA:102,12,1,1
BRDA:102,12,2,1
BRDA:102,12,3,1
BRDA:102,12,4,1
BRDA:105,13,0,2
BRDA:106,14,0,0
BRDA:111,15,0,0
BRDA:112,16,0,0
BRDA:118,17,0,0
BRDA:118,18,0,2
BRDA:118,18,1,2
BRDA:121,19,0,2
BRDA:121,19,1,0
BRDA:122,20,0,2
BRDA:122,20,1,0
BRDA:123,21,0,2
BRDA:123,21,1,0
BRDA:124,22,0,2
BRDA:124,22,1,0
BRDA:125,23,0,2
BRDA:125,23,1,2
BRDA:141,24,0,1
BRDA:141,25,0,3
BRDA:141,25,1,3
BRF:42
BRH:31
end_of_record
TN:
SF:src\routes\userRouter.ts
FN:9,(anonymous_13)
FN:15,hashPassword
FN:19,validatePassword
FN:24,(anonymous_20)
FN:24,(anonymous_21)
FN:35,(anonymous_23)
FN:35,(anonymous_24)
FN:50,(anonymous_26)
FN:50,(anonymous_27)
FN:101,(anonymous_29)
FN:101,(anonymous_30)
FN:138,(anonymous_32)
FN:138,(anonymous_33)
FN:156,(anonymous_35)
FN:156,(anonymous_36)
FNF:15
FNH:15
FNDA:10,(anonymous_13)
FNDA:3,hashPassword
FNDA:12,validatePassword
FNDA:2,(anonymous_20)
FNDA:2,(anonymous_21)
FNDA:3,(anonymous_23)
FNDA:3,(anonymous_24)
FNDA:4,(anonymous_26)
FNDA:4,(anonymous_27)
FNDA:3,(anonymous_29)
FNDA:3,(anonymous_30)
FNDA:3,(anonymous_32)
FNDA:3,(anonymous_33)
FNDA:13,(anonymous_35)
FNDA:13,(anonymous_36)
DA:1,20
DA:2,10
DA:4,10
DA:5,10
DA:6,10
DA:7,10
DA:9,10
DA:10,10
DA:11,10
DA:16,3
DA:20,12
DA:24,10
DA:26,2
DA:27,2
DA:28,2
DA:30,0
DA:35,10
DA:36,3
DA:38,3
DA:39,3
DA:40,3
DA:41,1
DA:43,2
DA:45,0
DA:50,10
DA:51,4
DA:62,4
DA:75,1
DA:79,3
DA:80,3
DA:81,3
DA:92,6
DA:94,2
DA:96,1
DA:101,10
DA:102,3
DA:103,3
DA:115,3
DA:116,3
DA:117,3
DA:118,1
DA:120,2
DA:121,2
DA:122,2
DA:123,2
DA:124,2
DA:125,2
DA:126,2
DA:127,2
DA:128,2
DA:130,4
DA:131,2
DA:133,0
DA:138,10
DA:139,3
DA:142,3
DA:143,3
DA:144,3
DA:145,1
DA:147,2
DA:148,4
DA:149,2
DA:151,0
DA:156,13
DA:157,13
DA:159,13
DA:160,13
DA:161,13
DA:162,1
DA:165,12
DA:166,12
DA:167,1
DA:169,11
DA:170,11
DA:173,0
DA:176,10
LF:76
LH:71
BRDA:16,0,0,3
BRDA:16,0,1,3
BRDA:20,1,0,12
BRDA:20,1,1,12
BRDA:40,2,0,1
BRDA:40,3,0,3
BRDA:40,3,1,3
BRDA:62,4,0,1
BRDA:64,5,0,4
BRDA:64,5,1,4
BRDA:64,5,2,4
BRDA:64,5,3,4
BRDA:64,5,4,4
BRDA:64,5,5,4
BRDA:64,5,6,4
BRDA:64,5,7,4
BRDA:64,5,8,4
BRDA:117,6,0,1
BRDA:117,7,0,3
BRDA:117,7,1,3
BRDA:120,8,0,2
BRDA:120,8,1,2
BRDA:121,9,0,2
BRDA:121,9,1,2
BRDA:122,10,0,2
BRDA:122,10,1,2
BRDA:123,11,0,2
BRDA:123,11,1,2
BRDA:124,12,0,2
BRDA:124,12,1,2
BRDA:125,13,0,2
BRDA:125,13,1,2
BRDA:126,14,0,2
BRDA:126,14,1,2
BRDA:127,15,0,2
BRDA:127,15,1,2
BRDA:128,16,0,2
BRDA:128,16,1,2
BRDA:144,17,0,1
BRDA:144,18,0,3
BRDA:144,18,1,3
BRDA:161,19,0,1
BRDA:161,20,0,13
BRDA:161,20,1,13
BRDA:166,21,0,1
BRDA:169,22,0,11
BRDA:169,22,1,11
BRF:47
BRH:47
end_of_record
