TN:
SF:src\app.ts
FNF:0
FNH:0
DA:1,13
DA:2,13
DA:6,13
DA:8,13
DA:11,13
DA:12,13
DA:13,13
DA:14,13
DA:15,13
DA:16,13
DA:17,13
DA:18,13
DA:19,13
DA:20,13
DA:21,13
DA:22,13
DA:23,13
DA:24,13
DA:25,13
DA:27,13
DA:28,13
DA:30,13
DA:31,13
DA:32,13
DA:33,13
DA:34,13
DA:35,13
DA:36,13
DA:37,13
DA:38,13
DA:39,13
DA:40,13
DA:41,13
DA:42,13
DA:43,13
DA:44,13
DA:46,13
DA:49,13
DA:51,13
LF:39
LH:39
BRF:0
BRH:0
end_of_record
TN:
SF:src\Middleware\isAuthenticated.ts
FN:4,(anonymous_8)
FN:4,(anonymous_9)
FNF:2
FNH:2
FNDA:216,(anonymous_8)
FNDA:216,(anonymous_9)
DA:2,13
DA:4,216
DA:5,216
DA:6,216
DA:7,164
DA:10,216
DA:14,216
DA:15,216
DA:16,52
DA:25,164
DA:26,0
DA:27,0
DA:29,164
DA:33,13
LF:14
LH:12
BRDA:6,0,0,164
BRDA:10,1,0,216
BRDA:10,1,1,216
BRDA:10,1,2,216
BRDA:10,1,3,216
BRDA:15,2,0,52
BRDA:15,3,0,216
BRDA:15,3,1,164
BRDA:25,4,0,164
BRDA:25,4,1,164
BRF:10
BRH:10
end_of_record
TN:
SF:src\Middleware\errors\notFoundError.ts
FN:1,(anonymous_0)
FNF:1
FNH:0
FNDA:0,(anonymous_0)
DA:1,13
DA:2,0
DA:3,13
LF:3
LH:2
BRF:0
BRH:0
end_of_record
TN:
SF:src\Middleware\validation\validate-request-schema.ts
FN:5,(anonymous_1)
FNF:1
FNH:1
FNDA:41,(anonymous_1)
DA:2,13
DA:3,13
DA:5,13
DA:10,41
DA:12,41
DA:13,37
LF:6
LH:6
BRDA:12,0,0,37
BRF:1
BRH:1
end_of_record
TN:
SF:src\Middleware\validation\schema\agentSchema.ts
FNF:0
FNH:0
DA:1,13
DA:3,13
DA:13,13
LF:3
LH:3
BRF:0
BRH:0
end_of_record
TN:
SF:src\Middleware\validation\schema\channelSchema.ts
FNF:0
FNH:0
DA:1,13
DA:3,13
DA:7,13
LF:3
LH:3
BRF:0
BRH:0
end_of_record
TN:
SF:src\Middleware\validation\schema\citySchema.ts
FNF:0
FNH:0
DA:1,13
DA:3,13
DA:11,13
LF:3
LH:3
BRF:0
BRH:0
end_of_record
TN:
SF:src\Middleware\validation\schema\companySchema.ts
FNF:0
FNH:0
DA:1,13
DA:3,13
DA:12,13
LF:3
LH:3
BRF:0
BRH:0
end_of_record
TN:
SF:src\Middleware\validation\schema\index.ts
FN:16,(anonymous_0)
FN:17,(anonymous_1)
FN:18,(anonymous_2)
FN:19,(anonymous_3)
FN:20,(anonymous_4)
FN:21,(anonymous_5)
FN:22,(anonymous_6)
FN:23,(anonymous_7)
FN:24,(anonymous_8)
FN:25,(anonymous_9)
FN:26,(anonymous_10)
FN:27,(anonymous_11)
FN:28,(anonymous_12)
FNF:13
FNH:13
FNDA:13,(anonymous_0)
FNDA:13,(anonymous_1)
FNDA:13,(anonymous_2)
FNDA:26,(anonymous_3)
FNDA:13,(anonymous_4)
FNDA:13,(anonymous_5)
FNDA:13,(anonymous_6)
FNDA:13,(anonymous_7)
FNDA:13,(anonymous_8)
FNDA:13,(anonymous_9)
FNDA:13,(anonymous_10)
FNDA:13,(anonymous_11)
FNDA:13,(anonymous_12)
DA:1,13
DA:2,13
DA:3,13
DA:4,13
DA:5,13
DA:6,13
DA:7,13
DA:8,13
DA:9,13
DA:10,13
DA:11,13
DA:12,13
DA:13,13
DA:16,26
DA:17,26
DA:18,26
DA:19,39
DA:20,26
DA:21,26
DA:22,26
DA:23,26
DA:24,26
DA:25,26
DA:26,26
DA:27,26
DA:28,26
LF:26
LH:26
BRF:0
BRH:0
end_of_record
TN:
SF:src\Middleware\validation\schema\invoiceSchema.ts
FNF:0
FNH:0
DA:1,13
DA:3,13
DA:13,13
LF:3
LH:3
BRF:0
BRH:0
end_of_record
TN:
SF:src\Middleware\validation\schema\materialSchema.ts
FNF:0
FNH:0
DA:1,13
DA:3,13
DA:12,13
LF:3
LH:3
BRF:0
BRH:0
end_of_record
TN:
SF:src\Middleware\validation\schema\nationalSchema.ts
FNF:0
FNH:0
DA:1,13
DA:3,13
DA:8,13
LF:3
LH:3
BRF:0
BRH:0
end_of_record
TN:
SF:src\Middleware\validation\schema\outletSchema.ts
FNF:0
FNH:0
DA:1,13
DA:3,13
DA:16,13
LF:3
LH:3
BRF:0
BRH:0
end_of_record
TN:
SF:src\Middleware\validation\schema\regionSchema.ts
FNF:0
FNH:0
DA:1,13
DA:3,13
DA:10,13
LF:3
LH:3
BRF:0
BRH:0
end_of_record
TN:
SF:src\Middleware\validation\schema\registrationSchema.ts
FNF:0
FNH:0
DA:1,13
DA:3,13
DA:13,13
LF:3
LH:3
BRF:0
BRH:0
end_of_record
TN:
SF:src\Middleware\validation\schema\routeSchema.ts
FNF:0
FNH:0
DA:1,13
DA:3,13
DA:9,13
LF:3
LH:3
BRF:0
BRH:0
end_of_record
TN:
SF:src\Middleware\validation\schema\territorySchema.ts
FNF:0
FNH:0
DA:1,13
DA:3,13
DA:9,13
LF:3
LH:3
BRF:0
BRH:0
end_of_record
TN:
SF:src\Middleware\validation\schema\truckSchmea.ts
FNF:0
FNH:0
DA:1,13
DA:3,13
DA:11,13
LF:3
LH:3
BRF:0
BRH:0
end_of_record
TN:
SF:src\config\swagger.ts
FNF:0
FNH:0
DA:1,13
DA:2,13
DA:4,13
DA:24,13
DA:30,13
DA:32,13
LF:6
LH:6
BRF:0
BRH:0
end_of_record
TN:
SF:src\controller\CityController.ts
FN:10,(anonymous_8)
FN:15,(anonymous_9)
FN:15,(anonymous_10)
FN:43,(anonymous_11)
FN:43,(anonymous_12)
FN:56,(anonymous_13)
FN:56,(anonymous_14)
FN:72,(anonymous_15)
FN:72,(anonymous_16)
FN:105,(anonymous_17)
FN:105,(anonymous_18)
FNF:11
FNH:1
FNDA:6,(anonymous_8)
FNDA:0,(anonymous_9)
FNDA:0,(anonymous_10)
FNDA:0,(anonymous_11)
FNDA:0,(anonymous_12)
FNDA:0,(anonymous_13)
FNDA:0,(anonymous_14)
FNDA:0,(anonymous_15)
FNDA:0,(anonymous_16)
FNDA:0,(anonymous_17)
FNDA:0,(anonymous_18)
DA:2,13
DA:4,13
DA:5,13
DA:6,13
DA:7,13
DA:10,13
DA:12,6
DA:15,13
DA:16,0
DA:18,0
DA:19,0
DA:20,0
DA:21,0
DA:23,0
DA:25,0
DA:26,0
DA:28,0
DA:35,0
DA:37,0
DA:39,0
DA:43,13
DA:44,0
DA:45,0
DA:46,0
DA:47,0
DA:48,0
DA:50,0
DA:52,0
DA:56,13
DA:57,0
DA:58,0
DA:59,0
DA:60,0
DA:62,0
DA:63,0
DA:66,0
DA:68,0
DA:72,13
DA:73,0
DA:75,0
DA:76,0
DA:78,0
DA:79,0
DA:80,0
DA:81,0
DA:83,0
DA:84,0
DA:87,0
DA:88,0
DA:89,0
DA:92,0
DA:93,0
DA:94,0
DA:95,0
DA:96,0
DA:98,0
DA:99,0
DA:101,0
DA:105,13
DA:106,0
DA:107,0
DA:108,0
DA:109,0
DA:111,0
DA:112,0
DA:115,0
DA:116,0
DA:117,0
DA:119,0
DA:123,13
LF:70
LH:13
BRDA:47,0,0,0
BRDA:62,1,0,0
BRDA:83,2,0,0
BRDA:88,3,0,0
BRDA:92,4,0,0
BRDA:92,4,1,0
BRDA:93,5,0,0
BRDA:93,5,1,0
BRDA:94,6,0,0
BRDA:94,6,1,0
BRDA:95,7,0,0
BRDA:95,7,1,0
BRDA:96,8,0,0
BRDA:96,8,1,0
BRDA:111,9,0,0
BRF:15
BRH:0
end_of_record
TN:
SF:src\controller\UserController.ts
FN:12,(anonymous_8)
FN:17,hashPassword
FN:21,validatePassword
FN:25,(anonymous_13)
FN:29,(anonymous_14)
FN:39,(anonymous_15)
FN:43,(anonymous_16)
FN:61,(anonymous_17)
FN:65,(anonymous_18)
FN:100,(anonymous_19)
FN:104,(anonymous_20)
FN:165,(anonymous_21)
FN:169,(anonymous_22)
FN:189,(anonymous_23)
FN:193,(anonymous_24)
FN:218,(anonymous_25)
FN:222,(anonymous_26)
FNF:17
FNH:3
FNDA:6,(anonymous_8)
FNDA:0,hashPassword
FNDA:0,validatePassword
FNDA:0,(anonymous_13)
FNDA:0,(anonymous_14)
FNDA:0,(anonymous_15)
FNDA:0,(anonymous_16)
FNDA:0,(anonymous_17)
FNDA:0,(anonymous_18)
FNDA:0,(anonymous_19)
FNDA:0,(anonymous_20)
FNDA:0,(anonymous_21)
FNDA:0,(anonymous_22)
FNDA:13,(anonymous_23)
FNDA:13,(anonymous_24)
FNDA:0,(anonymous_25)
FNDA:0,(anonymous_26)
DA:1,13
DA:4,13
DA:6,13
DA:8,13
DA:10,13
DA:12,13
DA:14,6
DA:18,0
DA:22,0
DA:25,13
DA:29,0
DA:30,0
DA:31,0
DA:32,0
DA:33,0
DA:35,0
DA:39,13
DA:43,0
DA:44,0
DA:45,0
DA:46,0
DA:47,0
DA:49,0
DA:50,0
DA:53,0
DA:55,0
DA:61,13
DA:65,0
DA:76,0
DA:78,0
DA:79,0
DA:80,0
DA:81,0
DA:92,0
DA:94,0
DA:96,0
DA:100,13
DA:104,0
DA:105,0
DA:116,0
DA:118,0
DA:119,0
DA:120,0
DA:121,0
DA:122,0
DA:124,0
DA:137,0
DA:141,0
DA:142,0
DA:145,0
DA:146,0
DA:147,0
DA:148,0
DA:149,0
DA:150,0
DA:151,0
DA:152,0
DA:153,0
DA:155,0
DA:156,0
DA:158,0
DA:159,0
DA:165,13
DA:169,0
DA:170,0
DA:172,0
DA:173,0
DA:174,0
DA:176,0
DA:177,0
DA:179,0
DA:180,0
DA:181,0
DA:183,0
DA:189,13
DA:193,13
DA:194,13
DA:195,13
DA:196,13
DA:197,6
DA:199,6
DA:200,6
DA:203,0
DA:204,0
DA:205,0
DA:207,0
DA:212,0
DA:214,7
DA:218,13
DA:222,0
DA:223,0
DA:225,0
DA:226,0
DA:227,0
DA:228,0
DA:229,0
DA:232,0
DA:238,0
DA:242,0
DA:244,0
DA:246,0
DA:251,13
DA:252,13
DA:253,13
DA:254,13
DA:255,13
DA:256,13
DA:257,13
LF:108
LH:29
BRDA:49,0,0,0
BRDA:49,1,0,0
BRDA:49,1,1,0
BRDA:121,2,0,0
BRDA:121,3,0,0
BRDA:121,3,1,0
BRDA:124,4,0,0
BRDA:126,5,0,0
BRDA:126,5,1,0
BRDA:126,5,2,0
BRDA:126,5,3,0
BRDA:126,5,4,0
BRDA:126,5,5,0
BRDA:126,5,6,0
BRDA:126,5,7,0
BRDA:126,5,8,0
BRDA:141,6,0,0
BRDA:145,7,0,0
BRDA:145,7,1,0
BRDA:146,8,0,0
BRDA:146,8,1,0
BRDA:147,9,0,0
BRDA:147,9,1,0
BRDA:148,10,0,0
BRDA:148,10,1,0
BRDA:149,11,0,0
BRDA:149,11,1,0
BRDA:150,12,0,0
BRDA:150,12,1,0
BRDA:151,13,0,0
BRDA:151,13,1,0
BRDA:152,14,0,0
BRDA:152,14,1,0
BRDA:153,15,0,0
BRDA:153,15,1,0
BRDA:176,16,0,0
BRDA:199,17,0,6
BRDA:204,18,0,0
BRDA:209,19,0,0
BRDA:209,19,1,0
BRDA:228,20,0,0
BRDA:240,21,0,0
BRDA:240,21,1,0
BRDA:242,22,0,0
BRDA:242,22,1,0
BRF:45
BRH:1
end_of_record
TN:
SF:src\controller\agentController.ts
FN:12,(anonymous_8)
FN:17,(anonymous_9)
FN:17,(anonymous_10)
FN:61,(anonymous_11)
FN:61,(anonymous_12)
FN:72,(anonymous_13)
FN:72,(anonymous_14)
FN:90,(anonymous_15)
FN:90,(anonymous_16)
FN:147,(anonymous_17)
FN:147,(anonymous_18)
FNF:11
FNH:1
FNDA:6,(anonymous_8)
FNDA:0,(anonymous_9)
FNDA:0,(anonymous_10)
FNDA:0,(anonymous_11)
FNDA:0,(anonymous_12)
FNDA:0,(anonymous_13)
FNDA:0,(anonymous_14)
FNDA:0,(anonymous_15)
FNDA:0,(anonymous_16)
FNDA:0,(anonymous_17)
FNDA:0,(anonymous_18)
DA:2,13
DA:4,13
DA:5,13
DA:6,13
DA:7,13
DA:9,13
DA:12,13
DA:14,6
DA:17,13
DA:26,0
DA:29,0
DA:30,0
DA:31,0
DA:32,0
DA:34,0
DA:38,0
DA:39,0
DA:40,0
DA:42,0
DA:53,0
DA:55,0
DA:57,0
DA:61,13
DA:62,0
DA:63,0
DA:64,0
DA:66,0
DA:68,0
DA:72,13
DA:74,0
DA:76,0
DA:77,0
DA:78,0
DA:80,0
DA:81,0
DA:84,0
DA:86,0
DA:90,13
DA:91,0
DA:101,0
DA:102,0
DA:103,0
DA:104,0
DA:106,0
DA:107,0
DA:108,0
DA:111,0
DA:112,0
DA:114,0
DA:115,0
DA:117,0
DA:118,0
DA:121,0
DA:122,0
DA:126,0
DA:127,0
DA:131,0
DA:132,0
DA:133,0
DA:134,0
DA:135,0
DA:136,0
DA:137,0
DA:138,0
DA:140,0
DA:141,0
DA:143,0
DA:147,13
DA:148,0
DA:150,0
DA:151,0
DA:152,0
DA:154,0
DA:155,0
DA:157,0
DA:158,0
DA:160,0
DA:162,0
DA:166,13
LF:79
LH:14
BRDA:80,0,0,0
BRDA:107,1,0,0
BRDA:114,2,0,0
BRDA:117,3,0,0
BRDA:121,4,0,0
BRDA:126,5,0,0
BRDA:126,6,0,0
BRDA:126,6,1,0
BRDA:131,7,0,0
BRDA:131,7,1,0
BRDA:132,8,0,0
BRDA:132,8,1,0
BRDA:133,9,0,0
BRDA:133,9,1,0
BRDA:134,10,0,0
BRDA:134,10,1,0
BRDA:135,11,0,0
BRDA:135,11,1,0
BRDA:136,12,0,0
BRDA:136,12,1,0
BRDA:137,13,0,0
BRDA:137,13,1,0
BRDA:138,14,0,0
BRDA:138,14,1,0
BRDA:154,15,0,0
BRF:25
BRH:0
end_of_record
TN:
SF:src\controller\channelController.ts
FN:11,(anonymous_8)
FN:16,(anonymous_9)
FN:16,(anonymous_10)
FN:40,(anonymous_11)
FN:40,(anonymous_12)
FN:56,(anonymous_13)
FN:56,(anonymous_14)
FN:72,(anonymous_15)
FN:72,(anonymous_16)
FN:93,(anonymous_17)
FN:93,(anonymous_18)
FNF:11
FNH:1
FNDA:6,(anonymous_8)
FNDA:0,(anonymous_9)
FNDA:0,(anonymous_10)
FNDA:0,(anonymous_11)
FNDA:0,(anonymous_12)
FNDA:0,(anonymous_13)
FNDA:0,(anonymous_14)
FNDA:0,(anonymous_15)
FNDA:0,(anonymous_16)
FNDA:0,(anonymous_17)
FNDA:0,(anonymous_18)
DA:2,13
DA:5,13
DA:6,13
DA:8,13
DA:11,13
DA:13,6
DA:16,13
DA:17,0
DA:19,0
DA:20,0
DA:21,0
DA:23,0
DA:25,0
DA:27,0
DA:31,0
DA:33,0
DA:35,0
DA:36,0
DA:40,13
DA:41,0
DA:42,0
DA:43,0
DA:45,0
DA:46,0
DA:50,0
DA:52,0
DA:56,13
DA:57,0
DA:58,0
DA:59,0
DA:60,0
DA:62,0
DA:63,0
DA:66,0
DA:68,0
DA:72,13
DA:73,0
DA:74,0
DA:75,0
DA:76,0
DA:78,0
DA:79,0
DA:80,0
DA:83,0
DA:84,0
DA:86,0
DA:87,0
DA:89,0
DA:93,13
DA:94,0
DA:95,0
DA:96,0
DA:97,0
DA:99,0
DA:100,0
DA:102,0
DA:103,0
DA:105,0
DA:107,0
DA:112,13
DA:113,13
DA:114,13
DA:115,13
DA:116,13
LF:64
LH:16
BRDA:45,0,0,0
BRDA:62,1,0,0
BRDA:79,2,0,0
BRDA:83,3,0,0
BRDA:83,3,1,0
BRDA:84,4,0,0
BRDA:84,4,1,0
BRDA:99,5,0,0
BRF:8
BRH:0
end_of_record
TN:
SF:src\controller\companyController.ts
FN:10,(anonymous_8)
FN:15,(anonymous_9)
FN:15,(anonymous_10)
FN:59,(anonymous_11)
FN:59,(anonymous_12)
FN:74,(anonymous_13)
FN:74,(anonymous_14)
FN:89,(anonymous_15)
FN:89,(anonymous_16)
FN:135,(anonymous_17)
FN:135,(anonymous_18)
FNF:11
FNH:1
FNDA:6,(anonymous_8)
FNDA:0,(anonymous_9)
FNDA:0,(anonymous_10)
FNDA:0,(anonymous_11)
FNDA:0,(anonymous_12)
FNDA:0,(anonymous_13)
FNDA:0,(anonymous_14)
FNDA:0,(anonymous_15)
FNDA:0,(anonymous_16)
FNDA:0,(anonymous_17)
FNDA:0,(anonymous_18)
DA:2,13
DA:4,13
DA:5,13
DA:6,13
DA:7,13
DA:10,13
DA:12,6
DA:15,13
DA:17,0
DA:19,0
DA:20,0
DA:24,0
DA:25,0
DA:26,0
DA:27,0
DA:29,0
DA:31,0
DA:32,0
DA:34,0
DA:35,0
DA:38,0
DA:39,0
DA:42,0
DA:51,0
DA:53,0
DA:55,0
DA:59,13
DA:60,0
DA:61,0
DA:62,0
DA:63,0
DA:64,0
DA:68,0
DA:70,0
DA:74,13
DA:75,0
DA:76,0
DA:77,0
DA:78,0
DA:80,0
DA:81,0
DA:83,0
DA:85,0
DA:89,13
DA:90,0
DA:99,0
DA:100,0
DA:101,0
DA:102,0
DA:103,0
DA:105,0
DA:106,0
DA:109,0
DA:110,0
DA:111,0
DA:115,0
DA:116,0
DA:117,0
DA:120,0
DA:121,0
DA:122,0
DA:123,0
DA:125,0
DA:126,0
DA:127,0
DA:129,0
DA:131,0
DA:135,13
DA:136,0
DA:137,0
DA:138,0
DA:139,0
DA:141,0
DA:142,0
DA:144,0
DA:145,0
DA:147,0
DA:149,0
DA:154,13
DA:155,13
DA:156,13
DA:157,13
DA:158,13
LF:83
LH:17
BRDA:19,0,0,0
BRDA:34,1,0,0
BRDA:38,2,0,0
BRDA:63,3,0,0
BRDA:80,4,0,0
BRDA:105,5,0,0
BRDA:109,6,0,0
BRDA:110,7,0,0
BRDA:116,8,0,0
BRDA:120,9,0,0
BRDA:120,9,1,0
BRDA:121,10,0,0
BRDA:121,10,1,0
BRDA:122,11,0,0
BRDA:122,11,1,0
BRDA:123,12,0,0
BRDA:123,12,1,0
BRDA:125,13,0,0
BRDA:125,13,1,0
BRDA:126,14,0,0
BRDA:126,14,1,0
BRDA:141,15,0,0
BRF:22
BRH:0
end_of_record
TN:
SF:src\controller\invoiceController.ts
FN:16,(anonymous_8)
FN:21,(anonymous_9)
FN:21,(anonymous_10)
FN:96,(anonymous_11)
FN:96,(anonymous_12)
FN:112,(anonymous_13)
FN:115,(anonymous_14)
FN:136,(anonymous_15)
FN:136,(anonymous_16)
FN:152,(anonymous_17)
FN:152,(anonymous_18)
FN:177,(anonymous_19)
FN:177,(anonymous_20)
FNF:13
FNH:1
FNDA:6,(anonymous_8)
FNDA:0,(anonymous_9)
FNDA:0,(anonymous_10)
FNDA:0,(anonymous_11)
FNDA:0,(anonymous_12)
FNDA:0,(anonymous_13)
FNDA:0,(anonymous_14)
FNDA:0,(anonymous_15)
FNDA:0,(anonymous_16)
FNDA:0,(anonymous_17)
FNDA:0,(anonymous_18)
FNDA:0,(anonymous_19)
FNDA:0,(anonymous_20)
DA:1,13
DA:3,13
DA:6,13
DA:7,13
DA:8,13
DA:9,13
DA:11,13
DA:12,13
DA:13,13
DA:16,13
DA:18,6
DA:21,13
DA:30,0
DA:32,0
DA:33,0
DA:34,0
DA:36,0
DA:38,0
DA:40,0
DA:43,0
DA:46,0
DA:49,0
DA:52,0
DA:58,0
DA:59,0
DA:62,0
DA:63,0
DA:66,0
DA:67,0
DA:70,0
DA:72,0
DA:83,0
DA:85,0
DA:89,0
DA:90,0
DA:96,13
DA:97,0
DA:98,0
DA:99,0
DA:100,0
DA:101,0
DA:102,0
DA:106,0
DA:108,0
DA:112,13
DA:115,0
DA:116,0
DA:117,0
DA:118,0
DA:119,0
DA:120,0
DA:121,0
DA:127,0
DA:128,0
DA:130,0
DA:136,13
DA:137,0
DA:138,0
DA:139,0
DA:140,0
DA:142,0
DA:143,0
DA:146,0
DA:148,0
DA:152,13
DA:153,0
DA:154,0
DA:156,0
DA:157,0
DA:159,0
DA:160,0
DA:161,0
DA:163,0
DA:164,0
DA:167,0
DA:168,0
DA:170,0
DA:171,0
DA:173,0
DA:177,13
DA:178,0
DA:179,0
DA:180,0
DA:181,0
DA:183,0
DA:184,0
DA:186,0
DA:187,0
DA:188,0
DA:190,0
DA:197,13
DA:198,13
DA:199,13
DA:200,13
DA:201,13
DA:202,13
LF:96
LH:23
BRDA:52,0,0,0
BRDA:52,0,1,0
BRDA:58,1,0,0
BRDA:62,2,0,0
BRDA:66,3,0,0
BRDA:101,4,0,0
BRDA:142,5,0,0
BRDA:160,6,0,0
BRDA:163,7,0,0
BRDA:163,8,0,0
BRDA:163,8,1,0
BRDA:167,9,0,0
BRDA:167,9,1,0
BRDA:168,10,0,0
BRDA:168,10,1,0
BRDA:183,11,0,0
BRF:16
BRH:0
end_of_record
TN:
SF:src\controller\materialController.ts
FN:12,(anonymous_8)
FN:17,(anonymous_9)
FN:17,(anonymous_10)
FN:49,(anonymous_11)
FN:49,(anonymous_12)
FN:64,(anonymous_13)
FN:64,(anonymous_14)
FN:80,(anonymous_15)
FN:80,(anonymous_16)
FN:127,(anonymous_17)
FN:127,(anonymous_18)
FNF:11
FNH:1
FNDA:6,(anonymous_8)
FNDA:0,(anonymous_9)
FNDA:0,(anonymous_10)
FNDA:0,(anonymous_11)
FNDA:0,(anonymous_12)
FNDA:0,(anonymous_13)
FNDA:0,(anonymous_14)
FNDA:0,(anonymous_15)
FNDA:0,(anonymous_16)
FNDA:0,(anonymous_17)
FNDA:0,(anonymous_18)
DA:1,13
DA:3,13
DA:6,13
DA:7,13
DA:9,13
DA:12,13
DA:14,6
DA:17,13
DA:19,0
DA:21,0
DA:22,0
DA:23,0
DA:24,0
DA:26,0
DA:28,0
DA:29,0
DA:31,0
DA:41,0
DA:43,0
DA:45,0
DA:49,13
DA:50,0
DA:51,0
DA:52,0
DA:53,0
DA:54,0
DA:58,0
DA:60,0
DA:64,13
DA:65,0
DA:66,0
DA:67,0
DA:68,0
DA:69,0
DA:70,0
DA:72,0
DA:74,0
DA:80,13
DA:81,0
DA:90,0
DA:91,0
DA:92,0
DA:93,0
DA:94,0
DA:96,0
DA:97,0
DA:100,0
DA:102,0
DA:103,0
DA:105,0
DA:106,0
DA:112,0
DA:113,0
DA:114,0
DA:115,0
DA:116,0
DA:117,0
DA:118,0
DA:120,0
DA:121,0
DA:123,0
DA:127,13
DA:128,0
DA:129,0
DA:130,0
DA:131,0
DA:133,0
DA:134,0
DA:137,0
DA:138,0
DA:140,0
DA:142,0
DA:146,13
LF:73
LH:13
BRDA:53,0,0,0
BRDA:69,1,0,0
BRDA:96,2,0,0
BRDA:102,3,0,0
BRDA:105,4,0,0
BRDA:112,5,0,0
BRDA:112,5,1,0
BRDA:113,6,0,0
BRDA:113,6,1,0
BRDA:114,7,0,0
BRDA:114,7,1,0
BRDA:115,8,0,0
BRDA:115,8,1,0
BRDA:116,9,0,0
BRDA:116,9,1,0
BRDA:117,10,0,0
BRDA:117,10,1,0
BRDA:118,11,0,0
BRDA:118,11,1,0
BRDA:133,12,0,0
BRF:20
BRH:0
end_of_record
TN:
SF:src\controller\nationalController.ts
FN:8,(anonymous_8)
FN:13,(anonymous_9)
FN:13,(anonymous_10)
FN:30,(anonymous_11)
FN:30,(anonymous_12)
FN:43,(anonymous_13)
FN:43,(anonymous_14)
FN:57,(anonymous_15)
FN:57,(anonymous_16)
FN:84,(anonymous_17)
FN:84,(anonymous_18)
FNF:11
FNH:1
FNDA:6,(anonymous_8)
FNDA:0,(anonymous_9)
FNDA:0,(anonymous_10)
FNDA:0,(anonymous_11)
FNDA:0,(anonymous_12)
FNDA:0,(anonymous_13)
FNDA:0,(anonymous_14)
FNDA:0,(anonymous_15)
FNDA:0,(anonymous_16)
FNDA:0,(anonymous_17)
FNDA:0,(anonymous_18)
DA:1,13
DA:3,13
DA:5,13
DA:6,13
DA:8,13
DA:10,6
DA:13,13
DA:14,0
DA:16,0
DA:17,0
DA:18,0
DA:19,0
DA:20,0
DA:21,0
DA:22,0
DA:24,0
DA:26,0
DA:30,13
DA:31,0
DA:32,0
DA:33,0
DA:34,0
DA:35,0
DA:37,0
DA:39,0
DA:43,13
DA:44,0
DA:45,0
DA:46,0
DA:47,0
DA:48,0
DA:49,0
DA:51,0
DA:53,0
DA:57,13
DA:58,0
DA:59,0
DA:60,0
DA:61,0
DA:62,0
DA:63,0
DA:64,0
DA:67,0
DA:68,0
DA:69,0
DA:73,0
DA:74,0
DA:75,0
DA:76,0
DA:78,0
DA:80,0
DA:84,13
DA:85,0
DA:86,0
DA:87,0
DA:88,0
DA:89,0
DA:90,0
DA:92,0
DA:93,0
DA:94,0
DA:96,0
DA:101,13
DA:102,13
DA:103,13
DA:104,13
DA:105,13
LF:67
LH:16
BRDA:34,0,0,0
BRDA:48,1,0,0
BRDA:63,2,0,0
BRDA:67,3,0,0
BRDA:68,4,0,0
BRDA:73,5,0,0
BRDA:73,5,1,0
BRDA:74,6,0,0
BRDA:74,6,1,0
BRDA:75,7,0,0
BRDA:75,7,1,0
BRDA:89,8,0,0
BRF:12
BRH:0
end_of_record
TN:
SF:src\controller\outletController.ts
FN:13,(anonymous_8)
FN:18,(anonymous_9)
FN:18,(anonymous_10)
FN:73,(anonymous_11)
FN:76,(anonymous_12)
FN:90,(anonymous_13)
FN:90,(anonymous_14)
FN:109,(anonymous_15)
FN:109,(anonymous_16)
FN:123,(anonymous_17)
FN:123,(anonymous_18)
FN:178,(anonymous_19)
FN:178,(anonymous_20)
FNF:13
FNH:1
FNDA:6,(anonymous_8)
FNDA:0,(anonymous_9)
FNDA:0,(anonymous_10)
FNDA:0,(anonymous_11)
FNDA:0,(anonymous_12)
FNDA:0,(anonymous_13)
FNDA:0,(anonymous_14)
FNDA:0,(anonymous_15)
FNDA:0,(anonymous_16)
FNDA:0,(anonymous_17)
FNDA:0,(anonymous_18)
FNDA:0,(anonymous_19)
FNDA:0,(anonymous_20)
DA:2,13
DA:4,13
DA:5,13
DA:6,13
DA:7,13
DA:8,13
DA:9,13
DA:10,13
DA:13,13
DA:15,6
DA:18,13
DA:30,0
DA:32,0
DA:33,0
DA:34,0
DA:35,0
DA:36,0
DA:38,0
DA:40,0
DA:41,0
DA:42,0
DA:44,0
DA:47,0
DA:51,0
DA:65,0
DA:67,0
DA:69,0
DA:73,13
DA:76,0
DA:77,0
DA:78,0
DA:79,0
DA:81,0
DA:82,0
DA:84,0
DA:86,0
DA:90,13
DA:91,0
DA:92,0
DA:93,0
DA:94,0
DA:95,0
DA:102,0
DA:103,0
DA:105,0
DA:109,13
DA:110,0
DA:111,0
DA:112,0
DA:113,0
DA:114,0
DA:115,0
DA:117,0
DA:119,0
DA:123,13
DA:124,0
DA:135,0
DA:136,0
DA:137,0
DA:138,0
DA:139,0
DA:140,0
DA:142,0
DA:143,0
DA:146,0
DA:147,0
DA:149,0
DA:150,0
DA:151,0
DA:154,0
DA:156,0
DA:157,0
DA:160,0
DA:161,0
DA:162,0
DA:163,0
DA:164,0
DA:165,0
DA:166,0
DA:167,0
DA:168,0
DA:170,0
DA:171,0
DA:173,0
DA:174,0
DA:178,13
DA:179,0
DA:180,0
DA:181,0
DA:182,0
DA:183,0
DA:184,0
DA:186,0
DA:187,0
DA:188,0
DA:190,0
DA:197,13
DA:198,13
DA:199,13
DA:200,13
DA:201,13
DA:202,13
LF:102
LH:22
BRDA:81,0,0,0
BRDA:114,1,0,0
BRDA:142,2,0,0
BRDA:150,3,0,0
BRDA:156,4,0,0
BRDA:160,5,0,0
BRDA:160,5,1,0
BRDA:161,6,0,0
BRDA:161,6,1,0
BRDA:162,7,0,0
BRDA:162,7,1,0
BRDA:163,8,0,0
BRDA:163,8,1,0
BRDA:164,9,0,0
BRDA:164,9,1,0
BRDA:165,10,0,0
BRDA:165,10,1,0
BRDA:166,11,0,0
BRDA:166,11,1,0
BRDA:167,12,0,0
BRDA:167,12,1,0
BRDA:168,13,0,0
BRDA:168,13,1,0
BRDA:183,14,0,0
BRF:24
BRH:0
end_of_record
TN:
SF:src\controller\regionController.ts
FN:10,(anonymous_8)
FN:15,(anonymous_9)
FN:15,(anonymous_10)
FN:57,(anonymous_11)
FN:57,(anonymous_12)
FN:74,(anonymous_13)
FN:74,(anonymous_14)
FN:90,(anonymous_15)
FN:90,(anonymous_16)
FN:128,(anonymous_17)
FN:128,(anonymous_18)
FNF:11
FNH:1
FNDA:6,(anonymous_8)
FNDA:0,(anonymous_9)
FNDA:0,(anonymous_10)
FNDA:0,(anonymous_11)
FNDA:0,(anonymous_12)
FNDA:0,(anonymous_13)
FNDA:0,(anonymous_14)
FNDA:0,(anonymous_15)
FNDA:0,(anonymous_16)
FNDA:0,(anonymous_17)
FNDA:0,(anonymous_18)
DA:2,13
DA:4,13
DA:5,13
DA:6,13
DA:7,13
DA:10,13
DA:12,6
DA:15,13
DA:16,0
DA:18,0
DA:19,0
DA:24,0
DA:25,0
DA:26,0
DA:32,0
DA:33,0
DA:34,0
DA:36,0
DA:37,0
DA:39,0
DA:40,0
DA:42,0
DA:49,0
DA:51,0
DA:53,0
DA:57,13
DA:58,0
DA:59,0
DA:60,0
DA:62,0
DA:63,0
DA:68,0
DA:70,0
DA:74,13
DA:75,0
DA:76,0
DA:77,0
DA:78,0
DA:79,0
DA:80,0
DA:82,0
DA:84,0
DA:90,13
DA:91,0
DA:92,0
DA:94,0
DA:95,0
DA:96,0
DA:97,0
DA:99,0
DA:100,0
DA:102,0
DA:103,0
DA:105,0
DA:106,0
DA:107,0
DA:111,0
DA:112,0
DA:113,0
DA:115,0
DA:116,0
DA:117,0
DA:118,0
DA:120,0
DA:121,0
DA:123,0
DA:124,0
DA:128,13
DA:129,0
DA:130,0
DA:131,0
DA:132,0
DA:134,0
DA:135,0
DA:137,0
DA:138,0
DA:140,0
DA:142,0
DA:148,13
LF:79
LH:13
BRDA:18,0,0,0
BRDA:18,1,0,0
BRDA:18,1,1,0
BRDA:18,1,2,0
BRDA:24,2,0,0
BRDA:25,3,0,0
BRDA:62,4,0,0
BRDA:79,5,0,0
BRDA:99,6,0,0
BRDA:102,7,0,0
BRDA:102,8,0,0
BRDA:102,8,1,0
BRDA:102,8,2,0
BRDA:102,8,3,0
BRDA:105,9,0,0
BRDA:106,10,0,0
BRDA:112,11,0,0
BRDA:115,12,0,0
BRDA:115,12,1,0
BRDA:116,13,0,0
BRDA:116,13,1,0
BRDA:117,14,0,0
BRDA:117,14,1,0
BRDA:118,15,0,0
BRDA:118,15,1,0
BRDA:134,16,0,0
BRF:26
BRH:0
end_of_record
TN:
SF:src\controller\routeMarketController.ts
FN:13,(anonymous_8)
FN:18,(anonymous_9)
FN:18,(anonymous_10)
FN:73,(anonymous_11)
FN:73,(anonymous_12)
FN:90,(anonymous_13)
FN:90,(anonymous_14)
FN:107,(anonymous_15)
FN:107,(anonymous_16)
FN:185,(anonymous_17)
FN:185,(anonymous_18)
FNF:11
FNH:1
FNDA:6,(anonymous_8)
FNDA:0,(anonymous_9)
FNDA:0,(anonymous_10)
FNDA:0,(anonymous_11)
FNDA:0,(anonymous_12)
FNDA:0,(anonymous_13)
FNDA:0,(anonymous_14)
FNDA:0,(anonymous_15)
FNDA:0,(anonymous_16)
FNDA:0,(anonymous_17)
FNDA:0,(anonymous_18)
DA:2,13
DA:5,13
DA:6,13
DA:7,13
DA:8,13
DA:10,13
DA:13,13
DA:15,6
DA:18,13
DA:30,0
DA:31,0
DA:32,0
DA:36,0
DA:37,0
DA:38,0
DA:40,0
DA:41,0
DA:42,0
DA:44,0
DA:46,0
DA:48,0
DA:52,0
DA:55,0
DA:62,0
DA:64,0
DA:66,0
DA:67,0
DA:73,13
DA:74,0
DA:75,0
DA:76,0
DA:77,0
DA:78,0
DA:82,0
DA:84,0
DA:90,13
DA:91,0
DA:92,0
DA:93,0
DA:94,0
DA:96,0
DA:97,0
DA:99,0
DA:101,0
DA:107,13
DA:108,0
DA:120,0
DA:122,0
DA:123,0
DA:125,0
DA:126,0
DA:127,0
DA:129,0
DA:142,0
DA:145,0
DA:146,0
DA:148,0
DA:149,0
DA:153,0
DA:154,0
DA:158,0
DA:159,0
DA:162,0
DA:163,0
DA:166,0
DA:167,0
DA:168,0
DA:169,0
DA:170,0
DA:171,0
DA:172,0
DA:173,0
DA:174,0
DA:176,0
DA:177,0
DA:179,0
DA:185,13
DA:186,0
DA:187,0
DA:188,0
DA:189,0
DA:191,0
DA:192,0
DA:195,0
DA:196,0
DA:197,0
DA:199,0
DA:205,13
LF:88
LH:14
BRDA:31,0,0,0
BRDA:31,1,0,0
BRDA:31,1,1,0
BRDA:77,2,0,0
BRDA:96,3,0,0
BRDA:126,4,0,0
BRDA:129,5,0,0
BRDA:131,6,0,0
BRDA:131,6,1,0
BRDA:131,6,2,0
BRDA:131,6,3,0
BRDA:131,6,4,0
BRDA:131,6,5,0
BRDA:131,6,6,0
BRDA:131,6,7,0
BRDA:131,6,8,0
BRDA:148,7,0,0
BRDA:153,8,0,0
BRDA:158,9,0,0
BRDA:162,10,0,0
BRDA:166,11,0,0
BRDA:166,11,1,0
BRDA:167,12,0,0
BRDA:167,12,1,0
BRDA:168,13,0,0
BRDA:168,13,1,0
BRDA:169,14,0,0
BRDA:169,14,1,0
BRDA:170,15,0,0
BRDA:170,15,1,0
BRDA:171,16,0,0
BRDA:171,16,1,0
BRDA:172,17,0,0
BRDA:172,17,1,0
BRDA:173,18,0,0
BRDA:173,18,1,0
BRDA:174,19,0,0
BRDA:174,19,1,0
BRDA:191,20,0,0
BRF:39
BRH:0
end_of_record
TN:
SF:src\controller\routerController.ts
FN:10,(anonymous_8)
FN:15,(anonymous_9)
FN:15,(anonymous_10)
FN:43,(anonymous_11)
FN:43,(anonymous_12)
FN:76,(anonymous_13)
FN:76,(anonymous_14)
FN:91,(anonymous_15)
FN:91,(anonymous_16)
FN:118,(anonymous_17)
FN:118,(anonymous_18)
FN:149,(anonymous_19)
FN:149,(anonymous_20)
FNF:13
FNH:1
FNDA:7,(anonymous_8)
FNDA:0,(anonymous_9)
FNDA:0,(anonymous_10)
FNDA:0,(anonymous_11)
FNDA:0,(anonymous_12)
FNDA:0,(anonymous_13)
FNDA:0,(anonymous_14)
FNDA:0,(anonymous_15)
FNDA:0,(anonymous_16)
FNDA:0,(anonymous_17)
FNDA:0,(anonymous_18)
FNDA:0,(anonymous_19)
FNDA:0,(anonymous_20)
DA:1,13
DA:3,13
DA:5,13
DA:6,13
DA:7,13
DA:10,13
DA:11,7
DA:12,7
DA:15,13
DA:16,0
DA:18,0
DA:19,0
DA:20,0
DA:21,0
DA:23,0
DA:25,0
DA:26,0
DA:28,0
DA:35,0
DA:37,0
DA:39,0
DA:43,13
DA:44,0
DA:45,0
DA:46,0
DA:47,0
DA:50,0
DA:51,0
DA:52,0
DA:56,0
DA:60,0
DA:68,0
DA:70,0
DA:72,0
DA:76,13
DA:78,0
DA:79,0
DA:80,0
DA:81,0
DA:82,0
DA:84,0
DA:86,0
DA:91,13
DA:92,0
DA:93,0
DA:94,0
DA:95,0
DA:96,0
DA:97,0
DA:100,0
DA:101,0
DA:102,0
DA:103,0
DA:104,0
DA:105,0
DA:106,0
DA:107,0
DA:108,0
DA:109,0
DA:112,0
DA:114,0
DA:118,13
DA:119,0
DA:120,0
DA:122,0
DA:123,0
DA:124,0
DA:125,0
DA:127,0
DA:128,0
DA:131,0
DA:133,0
DA:134,0
DA:136,0
DA:137,0
DA:138,0
DA:139,0
DA:141,0
DA:143,0
DA:145,0
DA:149,13
DA:150,0
DA:152,0
DA:153,0
DA:154,0
DA:156,0
DA:157,0
DA:160,0
DA:161,0
DA:163,0
DA:165,0
DA:171,13
LF:92
LH:15
BRDA:81,0,0,0
BRDA:96,1,0,0
BRDA:96,2,0,0
BRDA:96,2,1,0
BRDA:127,3,0,0
BRDA:133,4,0,0
BRDA:136,5,0,0
BRDA:136,5,1,0
BRDA:137,6,0,0
BRDA:137,6,1,0
BRDA:138,7,0,0
BRDA:138,7,1,0
BRDA:139,8,0,0
BRDA:139,8,1,0
BRDA:156,9,0,0
BRF:15
BRH:0
end_of_record
TN:
SF:src\controller\territoryController.ts
FN:12,(anonymous_8)
FN:17,(anonymous_9)
FN:17,(anonymous_10)
FN:44,(anonymous_11)
FN:47,(anonymous_12)
FN:62,(anonymous_13)
FN:62,(anonymous_14)
FN:76,(anonymous_15)
FN:76,(anonymous_16)
FN:108,(anonymous_17)
FN:108,(anonymous_18)
FNF:11
FNH:1
FNDA:6,(anonymous_8)
FNDA:0,(anonymous_9)
FNDA:0,(anonymous_10)
FNDA:0,(anonymous_11)
FNDA:0,(anonymous_12)
FNDA:0,(anonymous_13)
FNDA:0,(anonymous_14)
FNDA:0,(anonymous_15)
FNDA:0,(anonymous_16)
FNDA:0,(anonymous_17)
FNDA:0,(anonymous_18)
DA:1,13
DA:4,13
DA:7,13
DA:8,13
DA:9,13
DA:12,13
DA:14,6
DA:17,13
DA:18,0
DA:20,0
DA:21,0
DA:22,0
DA:23,0
DA:25,0
DA:27,0
DA:28,0
DA:30,0
DA:36,0
DA:38,0
DA:40,0
DA:44,13
DA:47,0
DA:48,0
DA:49,0
DA:50,0
DA:51,0
DA:52,0
DA:56,0
DA:58,0
DA:62,13
DA:63,0
DA:64,0
DA:65,0
DA:66,0
DA:67,0
DA:68,0
DA:70,0
DA:72,0
DA:76,13
DA:77,0
DA:78,0
DA:79,0
DA:80,0
DA:81,0
DA:83,0
DA:85,0
DA:86,0
DA:89,0
DA:91,0
DA:92,0
DA:95,0
DA:96,0
DA:97,0
DA:98,0
DA:100,0
DA:101,0
DA:103,0
DA:104,0
DA:108,13
DA:109,0
DA:110,0
DA:111,0
DA:112,0
DA:113,0
DA:114,0
DA:116,0
DA:117,0
DA:118,0
DA:120,0
DA:125,13
DA:126,13
DA:127,13
DA:128,13
DA:129,13
LF:74
LH:17
BRDA:51,0,0,0
BRDA:67,1,0,0
BRDA:85,2,0,0
BRDA:91,3,0,0
BRDA:91,4,0,0
BRDA:91,4,1,0
BRDA:95,5,0,0
BRDA:95,5,1,0
BRDA:96,6,0,0
BRDA:96,6,1,0
BRDA:97,7,0,0
BRDA:97,7,1,0
BRDA:98,8,0,0
BRDA:98,8,1,0
BRDA:113,9,0,0
BRF:15
BRH:0
end_of_record
TN:
SF:src\controller\trackController.ts
FN:13,(anonymous_8)
FN:18,(anonymous_9)
FN:18,(anonymous_10)
FN:46,(anonymous_11)
FN:46,(anonymous_12)
FN:59,(anonymous_13)
FN:59,(anonymous_14)
FN:73,(anonymous_15)
FN:73,(anonymous_16)
FN:108,(anonymous_17)
FN:108,(anonymous_18)
FNF:11
FNH:1
FNDA:6,(anonymous_8)
FNDA:0,(anonymous_9)
FNDA:0,(anonymous_10)
FNDA:0,(anonymous_11)
FNDA:0,(anonymous_12)
FNDA:0,(anonymous_13)
FNDA:0,(anonymous_14)
FNDA:0,(anonymous_15)
FNDA:0,(anonymous_16)
FNDA:0,(anonymous_17)
FNDA:0,(anonymous_18)
DA:1,13
DA:3,13
DA:8,13
DA:9,13
DA:10,13
DA:13,13
DA:15,6
DA:18,13
DA:19,0
DA:21,0
DA:22,0
DA:23,0
DA:24,0
DA:26,0
DA:28,0
DA:29,0
DA:31,0
DA:38,0
DA:40,0
DA:42,0
DA:46,13
DA:47,0
DA:48,0
DA:49,0
DA:50,0
DA:51,0
DA:53,0
DA:55,0
DA:59,13
DA:60,0
DA:61,0
DA:62,0
DA:63,0
DA:64,0
DA:65,0
DA:67,0
DA:69,0
DA:73,13
DA:74,0
DA:76,0
DA:77,0
DA:78,0
DA:79,0
DA:81,0
DA:83,0
DA:85,0
DA:86,0
DA:89,0
DA:90,0
DA:93,0
DA:94,0
DA:95,0
DA:96,0
DA:97,0
DA:99,0
DA:101,0
DA:103,0
DA:104,0
DA:108,13
DA:109,0
DA:110,0
DA:111,0
DA:112,0
DA:114,0
DA:115,0
DA:117,0
DA:118,0
DA:119,0
DA:121,0
DA:125,13
LF:70
LH:13
BRDA:50,0,0,0
BRDA:64,1,0,0
BRDA:85,2,0,0
BRDA:89,3,0,0
BRDA:93,4,0,0
BRDA:93,4,1,0
BRDA:93,5,0,0
BRDA:93,5,1,0
BRDA:93,6,0,0
BRDA:93,6,1,0
BRDA:94,7,0,0
BRDA:94,7,1,0
BRDA:94,8,0,0
BRDA:94,8,1,0
BRDA:94,9,0,0
BRDA:94,9,1,0
BRDA:95,10,0,0
BRDA:95,10,1,0
BRDA:95,11,0,0
BRDA:95,11,1,0
BRDA:95,12,0,0
BRDA:95,12,1,0
BRDA:96,13,0,0
BRDA:96,13,1,0
BRDA:96,14,0,0
BRDA:96,14,1,0
BRDA:96,15,0,0
BRDA:96,15,1,0
BRDA:97,16,0,0
BRDA:97,16,1,0
BRDA:97,17,0,0
BRDA:97,17,1,0
BRDA:97,18,0,0
BRDA:97,18,1,0
BRDA:114,19,0,0
BRF:35
BRH:0
end_of_record
TN:
SF:src\entity\AbstractModel.ts
FNF:0
FNH:0
DA:1,13
DA:9,13
DA:11,13
DA:16,13
DA:19,13
DA:22,13
LF:6
LH:6
BRF:0
BRH:0
end_of_record
TN:
SF:src\entity\Agent.ts
FN:39,(anonymous_3)
FN:39,(anonymous_4)
FN:42,(anonymous_5)
FN:42,(anonymous_6)
FN:45,(anonymous_7)
FN:45,(anonymous_8)
FN:48,(anonymous_9)
FNF:7
FNH:7
FNDA:181,(anonymous_3)
FNDA:181,(anonymous_4)
FNDA:181,(anonymous_5)
FNDA:181,(anonymous_6)
FNDA:181,(anonymous_7)
FNDA:181,(anonymous_8)
FNDA:181,(anonymous_9)
DA:1,13
DA:13,13
DA:14,13
DA:15,13
DA:19,13
DA:20,13
DA:23,13
DA:25,13
DA:28,13
DA:31,13
DA:34,13
DA:37,13
DA:39,181
DA:40,13
DA:42,181
DA:43,13
DA:45,181
DA:46,13
DA:48,181
DA:50,13
LF:20
LH:20
BRF:0
BRH:0
end_of_record
TN:
SF:src\entity\Channel.ts
FN:21,(anonymous_3)
FN:21,(anonymous_4)
FN:24,(anonymous_5)
FN:24,(anonymous_6)
FNF:4
FNH:4
FNDA:181,(anonymous_3)
FNDA:181,(anonymous_4)
FNDA:181,(anonymous_5)
FNDA:181,(anonymous_6)
DA:1,13
DA:12,13
DA:13,13
DA:14,13
DA:17,13
DA:19,13
DA:21,181
DA:22,13
DA:24,181
DA:25,13
LF:10
LH:10
BRF:0
BRH:0
end_of_record
TN:
SF:src\entity\CityDetail.ts
FN:31,(anonymous_3)
FN:31,(anonymous_4)
FN:34,(anonymous_5)
FN:34,(anonymous_6)
FN:37,(anonymous_7)
FN:37,(anonymous_8)
FN:40,(anonymous_9)
FN:40,(anonymous_10)
FNF:8
FNH:8
FNDA:181,(anonymous_3)
FNDA:181,(anonymous_4)
FNDA:181,(anonymous_5)
FNDA:181,(anonymous_6)
FNDA:181,(anonymous_7)
FNDA:181,(anonymous_8)
FNDA:181,(anonymous_9)
FNDA:181,(anonymous_10)
DA:1,13
DA:12,13
DA:13,13
DA:16,13
DA:17,13
DA:18,13
DA:21,13
DA:23,13
DA:26,13
DA:29,13
DA:31,181
DA:32,13
DA:34,181
DA:35,13
DA:37,181
DA:38,13
DA:40,181
DA:41,13
LF:18
LH:18
BRF:0
BRH:0
end_of_record
TN:
SF:src\entity\Company.ts
FN:39,(anonymous_3)
FN:39,(anonymous_4)
FN:42,(anonymous_5)
FN:42,(anonymous_6)
FN:45,(anonymous_7)
FN:45,(anonymous_8)
FN:48,(anonymous_9)
FN:48,(anonymous_10)
FN:51,(anonymous_11)
FN:51,(anonymous_12)
FN:54,(anonymous_13)
FN:54,(anonymous_14)
FN:57,(anonymous_15)
FN:57,(anonymous_16)
FNF:14
FNH:14
FNDA:181,(anonymous_3)
FNDA:181,(anonymous_4)
FNDA:181,(anonymous_5)
FNDA:181,(anonymous_6)
FNDA:181,(anonymous_7)
FNDA:181,(anonymous_8)
FNDA:181,(anonymous_9)
FNDA:181,(anonymous_10)
FNDA:181,(anonymous_11)
FNDA:181,(anonymous_12)
FNDA:181,(anonymous_13)
FNDA:181,(anonymous_14)
FNDA:181,(anonymous_15)
FNDA:181,(anonymous_16)
DA:1,13
DA:13,13
DA:14,13
DA:15,13
DA:16,13
DA:17,13
DA:18,13
DA:19,13
DA:20,13
DA:23,13
DA:25,13
DA:28,13
DA:34,13
DA:37,13
DA:39,181
DA:40,13
DA:42,181
DA:43,13
DA:45,181
DA:46,13
DA:48,181
DA:49,13
DA:51,181
DA:52,13
DA:54,181
DA:55,13
DA:57,181
DA:58,13
LF:28
LH:28
BRF:0
BRH:0
end_of_record
TN:
SF:src\entity\Invoice.ts
FN:35,(anonymous_3)
FN:35,(anonymous_4)
FN:38,(anonymous_5)
FN:38,(anonymous_6)
FN:41,(anonymous_7)
FN:41,(anonymous_8)
FN:44,(anonymous_9)
FN:44,(anonymous_10)
FN:47,(anonymous_11)
FN:47,(anonymous_12)
FN:50,(anonymous_13)
FN:50,(anonymous_14)
FNF:12
FNH:12
FNDA:181,(anonymous_3)
FNDA:181,(anonymous_4)
FNDA:181,(anonymous_5)
FNDA:181,(anonymous_6)
FNDA:181,(anonymous_7)
FNDA:181,(anonymous_8)
FNDA:181,(anonymous_9)
FNDA:181,(anonymous_10)
FNDA:181,(anonymous_11)
FNDA:181,(anonymous_12)
FNDA:181,(anonymous_13)
FNDA:181,(anonymous_14)
DA:1,13
DA:13,13
DA:14,13
DA:16,13
DA:18,13
DA:19,13
DA:21,13
DA:22,13
DA:25,13
DA:27,13
DA:30,13
DA:33,13
DA:35,181
DA:36,13
DA:38,181
DA:39,13
DA:41,181
DA:42,13
DA:44,181
DA:45,13
DA:47,181
DA:48,13
DA:50,181
DA:51,13
LF:24
LH:24
BRF:0
BRH:0
end_of_record
TN:
SF:src\entity\Material.ts
FN:36,(anonymous_3)
FN:36,(anonymous_4)
FN:39,(anonymous_5)
FN:39,(anonymous_6)
FN:42,(anonymous_7)
FN:42,(anonymous_8)
FNF:6
FNH:6
FNDA:181,(anonymous_3)
FNDA:181,(anonymous_4)
FNDA:181,(anonymous_5)
FNDA:181,(anonymous_6)
FNDA:181,(anonymous_7)
FNDA:181,(anonymous_8)
DA:1,13
DA:12,13
DA:13,13
DA:16,13
DA:17,13
DA:20,13
DA:22,13
DA:25,13
DA:28,13
DA:31,13
DA:34,13
DA:36,181
DA:37,13
DA:39,181
DA:40,13
DA:42,181
DA:43,13
LF:17
LH:17
BRF:0
BRH:0
end_of_record
TN:
SF:src\entity\Nation.ts
FN:25,(anonymous_3)
FN:25,(anonymous_4)
FN:28,(anonymous_5)
FN:28,(anonymous_6)
FN:31,(anonymous_7)
FN:31,(anonymous_8)
FNF:6
FNH:6
FNDA:181,(anonymous_3)
FNDA:181,(anonymous_4)
FNDA:181,(anonymous_5)
FNDA:181,(anonymous_6)
FNDA:181,(anonymous_7)
FNDA:181,(anonymous_8)
DA:1,13
DA:12,13
DA:13,13
DA:14,13
DA:15,13
DA:18,13
DA:20,13
DA:23,13
DA:25,181
DA:26,13
DA:28,181
DA:29,13
DA:31,181
DA:32,13
LF:14
LH:14
BRF:0
BRH:0
end_of_record
TN:
SF:src\entity\Outlet.ts
FN:42,(anonymous_3)
FN:42,(anonymous_4)
FN:45,(anonymous_5)
FN:45,(anonymous_6)
FN:48,(anonymous_7)
FN:48,(anonymous_8)
FN:51,(anonymous_9)
FN:51,(anonymous_10)
FN:54,(anonymous_11)
FN:54,(anonymous_12)
FN:57,(anonymous_13)
FN:57,(anonymous_14)
FNF:12
FNH:12
FNDA:181,(anonymous_3)
FNDA:181,(anonymous_4)
FNDA:181,(anonymous_5)
FNDA:181,(anonymous_6)
FNDA:181,(anonymous_7)
FNDA:181,(anonymous_8)
FNDA:181,(anonymous_9)
FNDA:181,(anonymous_10)
FNDA:181,(anonymous_11)
FNDA:181,(anonymous_12)
FNDA:181,(anonymous_13)
FNDA:181,(anonymous_14)
DA:1,13
DA:12,13
DA:13,13
DA:16,13
DA:17,13
DA:18,13
DA:19,13
DA:20,13
DA:23,13
DA:25,13
DA:28,13
DA:31,13
DA:34,13
DA:37,13
DA:40,13
DA:42,181
DA:43,13
DA:45,181
DA:46,13
DA:48,181
DA:49,13
DA:51,181
DA:52,13
DA:54,181
DA:55,13
DA:57,181
DA:58,13
LF:27
LH:27
BRF:0
BRH:0
end_of_record
TN:
SF:src\entity\Region.ts
FN:27,(anonymous_3)
FN:27,(anonymous_4)
FN:30,(anonymous_5)
FN:30,(anonymous_6)
FN:33,(anonymous_7)
FN:33,(anonymous_8)
FN:36,(anonymous_9)
FN:36,(anonymous_10)
FN:39,(anonymous_11)
FN:39,(anonymous_12)
FNF:10
FNH:10
FNDA:181,(anonymous_3)
FNDA:181,(anonymous_4)
FNDA:181,(anonymous_5)
FNDA:181,(anonymous_6)
FNDA:181,(anonymous_7)
FNDA:181,(anonymous_8)
FNDA:181,(anonymous_9)
FNDA:181,(anonymous_10)
FNDA:181,(anonymous_11)
FNDA:181,(anonymous_12)
DA:1,13
DA:12,13
DA:13,13
DA:14,13
DA:15,13
DA:16,13
DA:17,13
DA:20,13
DA:22,13
DA:25,13
DA:27,181
DA:28,13
DA:30,181
DA:31,13
DA:33,181
DA:34,13
DA:36,181
DA:37,13
DA:39,181
DA:40,13
LF:20
LH:20
BRF:0
BRH:0
end_of_record
TN:
SF:src\entity\Route.ts
FN:35,(anonymous_3)
FN:35,(anonymous_4)
FN:38,(anonymous_5)
FN:38,(anonymous_6)
FN:41,(anonymous_7)
FN:41,(anonymous_8)
FN:44,(anonymous_9)
FN:44,(anonymous_10)
FN:47,(anonymous_11)
FN:47,(anonymous_12)
FNF:10
FNH:10
FNDA:181,(anonymous_3)
FNDA:181,(anonymous_4)
FNDA:181,(anonymous_5)
FNDA:181,(anonymous_6)
FNDA:181,(anonymous_7)
FNDA:181,(anonymous_8)
FNDA:181,(anonymous_9)
FNDA:181,(anonymous_10)
FNDA:181,(anonymous_11)
FNDA:181,(anonymous_12)
DA:1,13
DA:12,13
DA:13,13
DA:15,13
DA:16,13
DA:17,13
DA:18,13
DA:25,13
DA:27,13
DA:30,13
DA:33,13
DA:35,181
DA:36,13
DA:38,181
DA:39,13
DA:41,181
DA:42,13
DA:44,181
DA:45,13
DA:47,181
DA:48,13
LF:21
LH:21
BRF:0
BRH:0
end_of_record
TN:
SF:src\entity\RouteMarket.ts
FN:47,(anonymous_3)
FN:47,(anonymous_4)
FN:50,(anonymous_5)
FN:50,(anonymous_6)
FN:53,(anonymous_7)
FN:53,(anonymous_8)
FNF:6
FNH:6
FNDA:181,(anonymous_3)
FNDA:181,(anonymous_4)
FNDA:181,(anonymous_5)
FNDA:181,(anonymous_6)
FNDA:181,(anonymous_7)
FNDA:181,(anonymous_8)
DA:1,13
DA:12,13
DA:13,13
DA:15,13
DA:18,13
DA:21,13
DA:23,13
DA:26,13
DA:29,13
DA:32,13
DA:35,13
DA:38,13
DA:42,13
DA:45,13
DA:47,181
DA:48,13
DA:50,181
DA:51,13
DA:53,181
DA:54,13
LF:20
LH:20
BRF:0
BRH:0
end_of_record
TN:
SF:src\entity\Territory.ts
FN:26,(anonymous_3)
FN:26,(anonymous_4)
FN:29,(anonymous_5)
FN:29,(anonymous_6)
FN:32,(anonymous_7)
FN:32,(anonymous_8)
FNF:6
FNH:6
FNDA:181,(anonymous_3)
FNDA:181,(anonymous_4)
FNDA:181,(anonymous_5)
FNDA:181,(anonymous_6)
FNDA:181,(anonymous_7)
FNDA:181,(anonymous_8)
DA:1,13
DA:12,13
DA:13,13
DA:15,13
DA:16,13
DA:19,13
DA:21,13
DA:24,13
DA:26,181
DA:27,13
DA:29,181
DA:30,13
DA:32,181
DA:33,13
LF:14
LH:14
BRF:0
BRH:0
end_of_record
TN:
SF:src\entity\Truck.ts
FN:20,(anonymous_3)
FN:20,(anonymous_4)
FN:23,(anonymous_5)
FN:23,(anonymous_6)
FN:26,(anonymous_7)
FN:26,(anonymous_8)
FN:29,(anonymous_9)
FN:29,(anonymous_10)
FN:32,(anonymous_11)
FN:32,(anonymous_12)
FNF:10
FNH:10
FNDA:181,(anonymous_3)
FNDA:181,(anonymous_4)
FNDA:181,(anonymous_5)
FNDA:181,(anonymous_6)
FNDA:181,(anonymous_7)
FNDA:181,(anonymous_8)
FNDA:181,(anonymous_9)
FNDA:181,(anonymous_10)
FNDA:181,(anonymous_11)
FNDA:181,(anonymous_12)
DA:1,13
DA:2,13
DA:3,13
DA:4,13
DA:5,13
DA:6,13
DA:7,13
DA:10,13
DA:12,13
DA:15,13
DA:18,13
DA:20,181
DA:21,13
DA:23,181
DA:24,13
DA:26,181
DA:27,13
DA:29,181
DA:30,13
DA:32,181
DA:33,13
LF:21
LH:21
BRF:0
BRH:0
end_of_record
TN:
SF:src\entity\User.ts
FN:50,(anonymous_3)
FN:50,(anonymous_4)
FN:53,(anonymous_5)
FN:53,(anonymous_6)
FN:56,(anonymous_7)
FN:56,(anonymous_8)
FN:59,(anonymous_9)
FN:59,(anonymous_10)
FN:62,(anonymous_11)
FN:62,(anonymous_12)
FN:65,(anonymous_13)
FN:65,(anonymous_14)
FN:68,(anonymous_15)
FN:68,(anonymous_16)
FN:71,(anonymous_17)
FN:71,(anonymous_18)
FN:74,(anonymous_19)
FN:74,(anonymous_20)
FN:77,(anonymous_21)
FN:77,(anonymous_22)
FN:80,(anonymous_23)
FN:80,(anonymous_24)
FN:83,(anonymous_25)
FN:83,(anonymous_26)
FN:86,(anonymous_27)
FN:86,(anonymous_28)
FNF:26
FNH:26
FNDA:181,(anonymous_3)
FNDA:181,(anonymous_4)
FNDA:181,(anonymous_5)
FNDA:181,(anonymous_6)
FNDA:181,(anonymous_7)
FNDA:181,(anonymous_8)
FNDA:181,(anonymous_9)
FNDA:181,(anonymous_10)
FNDA:181,(anonymous_11)
FNDA:181,(anonymous_12)
FNDA:181,(anonymous_13)
FNDA:181,(anonymous_14)
FNDA:181,(anonymous_15)
FNDA:181,(anonymous_16)
FNDA:181,(anonymous_17)
FNDA:181,(anonymous_18)
FNDA:181,(anonymous_19)
FNDA:181,(anonymous_20)
FNDA:181,(anonymous_21)
FNDA:181,(anonymous_22)
FNDA:181,(anonymous_23)
FNDA:181,(anonymous_24)
FNDA:181,(anonymous_25)
FNDA:181,(anonymous_26)
FNDA:181,(anonymous_27)
FNDA:181,(anonymous_28)
DA:1,13
DA:2,13
DA:3,13
DA:4,13
DA:5,13
DA:6,13
DA:7,13
DA:8,13
DA:9,13
DA:10,13
DA:11,13
DA:12,13
DA:13,13
DA:14,13
DA:15,13
DA:18,13
DA:20,13
DA:23,13
DA:26,13
DA:31,13
DA:36,13
DA:39,13
DA:42,13
DA:45,13
DA:48,13
DA:50,181
DA:51,13
DA:53,181
DA:54,13
DA:56,181
DA:57,13
DA:59,181
DA:60,13
DA:62,181
DA:63,13
DA:65,181
DA:66,13
DA:68,181
DA:69,13
DA:71,181
DA:72,13
DA:74,181
DA:75,13
DA:77,181
DA:78,13
DA:80,181
DA:81,13
DA:83,181
DA:84,13
DA:86,181
DA:87,13
LF:51
LH:51
BRF:0
BRH:0
end_of_record
TN:
SF:src\migration\1640860713365-migrationName.ts
FN:3,(anonymous_7)
FN:6,(anonymous_8)
FN:339,(anonymous_10)
FNF:3
FNH:1
FNDA:13,(anonymous_7)
FNDA:0,(anonymous_8)
FNDA:0,(anonymous_10)
DA:3,13
DA:4,13
DA:7,0
DA:22,0
DA:34,0
DA:54,0
DA:73,0
DA:87,0
DA:101,0
DA:114,0
DA:127,0
DA:143,0
DA:159,0
DA:171,0
DA:191,0
DA:208,0
DA:215,0
DA:218,0
DA:221,0
DA:225,0
DA:229,0
DA:233,0
DA:237,0
DA:241,0
DA:245,0
DA:249,0
DA:253,0
DA:257,0
DA:261,0
DA:265,0
DA:269,0
DA:273,0
DA:277,0
DA:281,0
DA:285,0
DA:289,0
DA:293,0
DA:297,0
DA:301,0
DA:305,0
DA:309,0
DA:313,0
DA:317,0
DA:321,0
DA:325,0
DA:329,0
DA:333,0
DA:340,0
DA:343,0
DA:346,0
DA:349,0
DA:352,0
DA:355,0
DA:358,0
DA:361,0
DA:364,0
DA:367,0
DA:370,0
DA:373,0
DA:376,0
DA:379,0
DA:382,0
DA:385,0
DA:388,0
DA:391,0
DA:394,0
DA:397,0
DA:400,0
DA:403,0
DA:406,0
DA:409,0
DA:412,0
DA:415,0
DA:418,0
DA:421,0
DA:424,0
DA:427,0
DA:430,0
DA:433,0
DA:436,0
DA:439,0
DA:442,0
DA:445,0
DA:448,0
DA:451,0
DA:454,0
DA:457,0
DA:460,0
DA:463,0
DA:466,0
DA:469,0
DA:472,0
LF:92
LH:2
BRF:0
BRH:0
end_of_record
TN:
SF:src\migration\1650727177549-migrationName.ts
FN:3,(anonymous_7)
FN:6,(anonymous_8)
FN:385,(anonymous_10)
FNF:3
FNH:1
FNDA:13,(anonymous_7)
FNDA:0,(anonymous_8)
FNDA:0,(anonymous_10)
DA:3,13
DA:4,13
DA:7,0
DA:22,0
DA:34,0
DA:50,0
DA:68,0
DA:88,0
DA:108,0
DA:122,0
DA:136,0
DA:149,0
DA:162,0
DA:177,0
DA:189,0
DA:209,0
DA:226,0
DA:233,0
DA:236,0
DA:239,0
DA:243,0
DA:247,0
DA:251,0
DA:255,0
DA:259,0
DA:263,0
DA:267,0
DA:271,0
DA:275,0
DA:279,0
DA:283,0
DA:287,0
DA:291,0
DA:295,0
DA:299,0
DA:303,0
DA:307,0
DA:311,0
DA:315,0
DA:319,0
DA:323,0
DA:327,0
DA:331,0
DA:335,0
DA:339,0
DA:343,0
DA:347,0
DA:351,0
DA:355,0
DA:359,0
DA:363,0
DA:367,0
DA:371,0
DA:375,0
DA:379,0
DA:386,0
DA:389,0
DA:392,0
DA:395,0
DA:398,0
DA:401,0
DA:404,0
DA:407,0
DA:410,0
DA:413,0
DA:416,0
DA:419,0
DA:422,0
DA:425,0
DA:428,0
DA:431,0
DA:434,0
DA:437,0
DA:440,0
DA:443,0
DA:446,0
DA:449,0
DA:452,0
DA:455,0
DA:458,0
DA:461,0
DA:464,0
DA:467,0
DA:470,0
DA:473,0
DA:476,0
DA:479,0
DA:482,0
DA:485,0
DA:488,0
DA:491,0
DA:494,0
DA:497,0
DA:500,0
DA:503,0
DA:506,0
DA:509,0
DA:512,0
DA:515,0
DA:518,0
DA:521,0
DA:524,0
DA:527,0
DA:530,0
DA:533,0
DA:536,0
DA:539,0
DA:542,0
LF:108
LH:2
BRF:0
BRH:0
end_of_record
TN:
SF:src\routes\agentRouter.ts
FNF:0
FNH:0
DA:1,13
DA:2,13
DA:4,13
DA:5,13
DA:12,13
DA:14,13
DA:23,13
DA:38,13
DA:47,13
DA:56,13
DA:65,13
DA:67,13
LF:12
LH:12
BRF:0
BRH:0
end_of_record
TN:
SF:src\routes\channelRouter.ts
FNF:0
FNH:0
DA:1,13
DA:2,13
DA:10,13
DA:11,13
DA:12,13
DA:15,13
DA:25,13
DA:35,13
DA:45,13
DA:55,13
DA:65,13
DA:67,13
LF:12
LH:12
BRF:0
BRH:0
end_of_record
TN:
SF:src\routes\cityRouter.ts
FNF:0
FNH:0
DA:1,13
DA:2,13
DA:9,13
DA:10,13
DA:11,13
DA:13,13
DA:22,13
DA:37,13
DA:46,13
DA:55,13
DA:64,13
DA:66,13
LF:12
LH:12
BRF:0
BRH:0
end_of_record
TN:
SF:src\routes\companyRouter.ts
FNF:0
FNH:0
DA:1,13
DA:3,13
DA:10,13
DA:11,13
DA:12,13
DA:14,13
DA:23,13
DA:38,13
DA:47,13
DA:56,13
DA:65,13
DA:67,13
LF:12
LH:12
BRF:0
BRH:0
end_of_record
TN:
SF:src\routes\invoiceRouter.ts
FNF:0
FNH:0
DA:1,13
DA:2,13
DA:9,13
DA:11,13
DA:12,13
DA:14,13
DA:23,13
DA:32,13
DA:41,13
DA:50,13
DA:59,13
DA:61,13
LF:12
LH:12
BRF:0
BRH:0
end_of_record
TN:
SF:src\routes\materialRouter.ts
FNF:0
FNH:0
DA:1,13
DA:3,13
DA:10,13
DA:11,13
DA:12,13
DA:14,13
DA:23,13
DA:32,13
DA:41,13
DA:50,13
DA:59,13
DA:61,13
LF:12
LH:12
BRF:0
BRH:0
end_of_record
TN:
SF:src\routes\nationRouter.ts
FNF:0
FNH:0
DA:1,13
DA:2,13
DA:10,13
DA:11,13
DA:12,13
DA:14,13
DA:24,13
DA:39,13
DA:48,13
DA:57,13
DA:66,13
DA:68,13
LF:12
LH:12
BRF:0
BRH:0
end_of_record
TN:
SF:src\routes\outletRouter.ts
FNF:0
FNH:0
DA:1,13
DA:2,13
DA:10,13
DA:12,13
DA:13,13
DA:15,13
DA:24,13
DA:39,13
DA:48,13
DA:57,13
DA:66,13
DA:75,13
DA:77,13
LF:13
LH:13
BRF:0
BRH:0
end_of_record
TN:
SF:src\routes\regionRouter.ts
FNF:0
FNH:0
DA:1,13
DA:2,13
DA:3,13
DA:10,13
DA:11,13
DA:13,13
DA:22,13
DA:31,13
DA:40,13
DA:49,13
DA:58,13
DA:60,13
LF:12
LH:12
BRF:0
BRH:0
end_of_record
TN:
SF:src\routes\routeMarketRouter.ts
FNF:0
FNH:0
DA:1,13
DA:2,13
DA:3,13
DA:10,13
DA:11,13
DA:13,13
DA:22,13
DA:37,13
DA:46,13
DA:55,13
DA:64,13
DA:66,13
LF:12
LH:12
BRF:0
BRH:0
end_of_record
TN:
SF:src\routes\routeRouter.ts
FNF:0
FNH:0
DA:1,13
DA:3,13
DA:5,13
DA:13,13
DA:14,13
DA:16,13
DA:25,13
DA:34,13
DA:43,13
DA:52,13
DA:61,13
DA:70,13
DA:72,13
LF:13
LH:13
BRF:0
BRH:0
end_of_record
TN:
SF:src\routes\territoryRouter.ts
FNF:0
FNH:0
DA:1,13
DA:3,13
DA:4,13
DA:11,13
DA:12,13
DA:14,13
DA:23,13
DA:32,13
DA:41,13
DA:50,13
DA:58,13
DA:60,13
LF:12
LH:12
BRF:0
BRH:0
end_of_record
TN:
SF:src\routes\truckRouter.ts
FNF:0
FNH:0
DA:1,13
DA:3,13
DA:4,13
DA:6,13
DA:13,13
DA:15,13
DA:24,13
DA:34,13
DA:44,13
DA:53,13
DA:62,13
DA:64,13
LF:12
LH:12
BRF:0
BRH:0
end_of_record
TN:
SF:src\routes\userRouter.ts
FNF:0
FNH:0
DA:1,13
DA:2,13
DA:11,13
DA:12,13
DA:14,13
DA:23,13
DA:32,13
DA:43,13
DA:53,13
DA:64,13
DA:75,13
DA:86,13
DA:88,13
LF:13
LH:13
BRF:0
BRH:0
end_of_record
